16:44:06 INFO  application.ApplicationManager - Start browser CHROME
16:44:08 INFO  tests.TestBase - ==================================
16:44:08 INFO  tests.TestBase - Start on method - remove1OneContact
16:44:08 INFO  tests.TestBase - Start test with Data - []
16:44:08 INFO  application.MyListener - Start find element by --> By.xpath: //a[.='LOGIN']
16:44:08 INFO  application.MyListener - The element --> By.xpath: //a[.='LOGIN'] was found
16:44:08 INFO  application.MyListener - Start find element by --> By.xpath: //a[.='LOGIN']
16:44:08 INFO  application.MyListener - The element --> By.xpath: //a[.='LOGIN'] was found
16:44:08 INFO  application.MyListener - Start find element by --> By.xpath: //a[.='LOGIN']
16:44:08 INFO  application.MyListener - The element --> By.xpath: //a[.='LOGIN'] was found
16:44:08 INFO  application.MyListener - Start find element by --> By.xpath: //input[@placeholder='Email']
16:44:08 INFO  application.MyListener - The element --> By.xpath: //input[@placeholder='Email'] was found
16:44:08 INFO  application.MyListener - Start find element by --> By.xpath: //input[@placeholder='Password']
16:44:08 INFO  application.MyListener - The element --> By.xpath: //input[@placeholder='Password'] was found
16:44:08 INFO  application.MyListener - Start find element by --> By.xpath: //button[.=' Login']
16:44:08 INFO  application.MyListener - The element --> By.xpath: //button[.=' Login'] was found
16:44:09 INFO  application.MyListener - Start find element by --> By.cssSelector: .contact-item_card__2SOIM
16:44:13 INFO  application.MyListener - Screen -> src/test/screenshots/screen-12.png
16:44:13 INFO  application.MyListener - no such element: Unable to locate element: {"method":"css selector","selector":".contact-item_card__2SOIM"}
  (Session info: chrome=92.0.4515.159)
For documentation on this error, please visit: https://www.seleniumhq.org/exceptions/no_such_element.html
Build info: version: '3.141.59', revision: 'e82be7d358', time: '2018-11-14T08:17:03'
System info: host: 'DESKTOP-V8HD5F2', ip: '192.168.1.27', os.name: 'Windows 10', os.arch: 'amd64', os.version: '10.0', java.version: '11.0.11'
Driver info: org.openqa.selenium.chrome.ChromeDriver
Capabilities {acceptInsecureCerts: false, browserName: chrome, browserVersion: 92.0.4515.159, chrome: {chromedriverVersion: 92.0.4515.43 (8c61b7e2989f2..., userDataDir: C:\Users\User\AppData\Local...}, goog:chromeOptions: {debuggerAddress: localhost:63307}, javascriptEnabled: true, networkConnectionEnabled: false, pageLoadStrategy: normal, platform: WINDOWS, platformName: WINDOWS, proxy: Proxy(), setWindowRect: true, strictFileInteractability: false, timeouts: {implicit: 0, pageLoad: 300000, script: 30000}, unhandledPromptBehavior: dismiss and notify, webauthn:extension:credBlob: true, webauthn:extension:largeBlob: true, webauthn:virtualAuthenticators: true}
Session ID: 5936607599ae0e63f3cd531a361bfd37
*** Element info: {Using=css selector, value=.contact-item_card__2SOIM}
16:44:13 INFO  tests.TestBase - End off method - remove1OneContact
16:44:13 INFO  tests.TestBase - ==================================
16:44:13 INFO  tests.TestBase - Start on method - removeAllContacts
16:44:13 INFO  tests.TestBase - Start test with Data - []
16:44:13 INFO  application.MyListener - Start find element by --> By.xpath: //a[.='LOGIN']
16:44:16 INFO  application.MyListener - The element --> By.xpath: //a[.='LOGIN'] was found
16:44:16 INFO  application.MyListener - Start find element by --> By.cssSelector: .contact-item_card__2SOIM
16:44:19 INFO  application.MyListener - The element --> By.cssSelector: .contact-item_card__2SOIM was found
16:44:19 INFO  tests.TestBase - End off method - removeAllContacts
