13:01:32 INFO  application.ApplicationManager - Start browser CHROME
13:01:34 INFO  tests.TestBase - ==================================
13:01:34 INFO  tests.TestBase - Start on method - addContactTestBase
13:01:34 INFO  tests.TestBase - Start test with Data - []
13:01:34 INFO  application.MyListener - Start find element by --> By.xpath: //a[.='LOGIN']
13:01:34 INFO  application.MyListener - The element --> By.xpath: //a[.='LOGIN'] was found
13:01:34 INFO  application.MyListener - Start find element by --> By.xpath: //a[.='LOGIN']
13:01:34 INFO  application.MyListener - The element --> By.xpath: //a[.='LOGIN'] was found
13:01:34 INFO  application.MyListener - Start find element by --> By.xpath: //a[.='LOGIN']
13:01:34 INFO  application.MyListener - The element --> By.xpath: //a[.='LOGIN'] was found
13:01:34 INFO  application.MyListener - Start find element by --> By.xpath: //input[@placeholder='Email']
13:01:34 INFO  application.MyListener - The element --> By.xpath: //input[@placeholder='Email'] was found
13:01:35 INFO  application.MyListener - Start find element by --> By.xpath: //input[@placeholder='Password']
13:01:35 INFO  application.MyListener - The element --> By.xpath: //input[@placeholder='Password'] was found
13:01:35 INFO  application.MyListener - Start find element by --> By.xpath: //button[.=' Login']
13:01:35 INFO  application.MyListener - The element --> By.xpath: //button[.=' Login'] was found
13:01:36 INFO  application.MyListener - Start find element by --> By.xpath: //a[.='ADD']
13:01:36 INFO  application.MyListener - The element --> By.xpath: //a[.='ADD'] was found
13:01:36 INFO  application.MyListener - Start find element by --> By.cssSelector: input[placeholder='Name']
13:01:36 INFO  application.MyListener - The element --> By.cssSelector: input[placeholder='Name'] was found
13:01:36 INFO  application.MyListener - Start find element by --> By.cssSelector: input[placeholder='Last Name']
13:01:36 INFO  application.MyListener - The element --> By.cssSelector: input[placeholder='Last Name'] was found
13:01:36 INFO  application.MyListener - Start find element by --> By.cssSelector: input[placeholder='Phone']
13:01:37 INFO  application.MyListener - The element --> By.cssSelector: input[placeholder='Phone'] was found
13:01:37 INFO  application.MyListener - Start find element by --> By.cssSelector: input[placeholder='email']
13:01:37 INFO  application.MyListener - The element --> By.cssSelector: input[placeholder='email'] was found
13:01:37 INFO  application.MyListener - Start find element by --> By.cssSelector: input[placeholder='Address']
13:01:37 INFO  application.MyListener - The element --> By.cssSelector: input[placeholder='Address'] was found
13:01:37 INFO  application.MyListener - Start find element by --> By.cssSelector: input[placeholder='description']
13:01:37 INFO  application.MyListener - The element --> By.cssSelector: input[placeholder='description'] was found
13:01:37 INFO  tests.TestBase - End off method - addContactTestBase
13:01:37 INFO  tests.TestBase - ==================================
13:01:37 INFO  tests.TestBase - Start on method - addContactTestBase
13:01:37 INFO  tests.TestBase - Start test with Data - []
13:01:37 INFO  application.MyListener - Start find element by --> By.xpath: //a[.='LOGIN']
13:01:41 INFO  application.MyListener - The element --> By.xpath: //a[.='LOGIN'] was found
13:01:41 INFO  application.MyListener - Start find element by --> By.xpath: //a[.='ADD']
13:01:41 INFO  application.MyListener - The element --> By.xpath: //a[.='ADD'] was found
13:01:41 INFO  application.MyListener - Start find element by --> By.cssSelector: input[placeholder='Name']
13:01:41 INFO  application.MyListener - The element --> By.cssSelector: input[placeholder='Name'] was found
13:01:41 INFO  application.MyListener - Start find element by --> By.cssSelector: input[placeholder='Last Name']
13:01:41 INFO  application.MyListener - The element --> By.cssSelector: input[placeholder='Last Name'] was found
13:01:41 INFO  application.MyListener - Start find element by --> By.cssSelector: input[placeholder='Phone']
13:01:41 INFO  application.MyListener - The element --> By.cssSelector: input[placeholder='Phone'] was found
13:01:41 INFO  application.MyListener - Start find element by --> By.cssSelector: input[placeholder='email']
13:01:41 INFO  application.MyListener - The element --> By.cssSelector: input[placeholder='email'] was found
13:01:42 INFO  application.MyListener - Start find element by --> By.cssSelector: input[placeholder='Address']
13:01:42 INFO  application.MyListener - The element --> By.cssSelector: input[placeholder='Address'] was found
13:01:42 INFO  application.MyListener - Start find element by --> By.cssSelector: input[placeholder='description']
13:01:42 INFO  application.MyListener - The element --> By.cssSelector: input[placeholder='description'] was found
13:01:42 INFO  tests.TestBase - End off method - addContactTestBase
13:01:42 INFO  tests.TestBase - ==================================
13:01:42 INFO  tests.TestBase - Start on method - addContactTestBase
13:01:42 INFO  tests.TestBase - Start test with Data - []
13:01:42 INFO  application.MyListener - Start find element by --> By.xpath: //a[.='LOGIN']
13:01:45 INFO  application.MyListener - The element --> By.xpath: //a[.='LOGIN'] was found
13:01:45 INFO  application.MyListener - Start find element by --> By.xpath: //a[.='ADD']
13:01:45 INFO  application.MyListener - The element --> By.xpath: //a[.='ADD'] was found
13:01:45 INFO  application.MyListener - Start find element by --> By.cssSelector: input[placeholder='Name']
13:01:45 INFO  application.MyListener - The element --> By.cssSelector: input[placeholder='Name'] was found
13:01:45 INFO  application.MyListener - Start find element by --> By.cssSelector: input[placeholder='Last Name']
13:01:45 INFO  application.MyListener - The element --> By.cssSelector: input[placeholder='Last Name'] was found
13:01:46 INFO  application.MyListener - Start find element by --> By.cssSelector: input[placeholder='Phone']
13:01:46 INFO  application.MyListener - The element --> By.cssSelector: input[placeholder='Phone'] was found
13:01:46 INFO  application.MyListener - Start find element by --> By.cssSelector: input[placeholder='email']
13:01:46 INFO  application.MyListener - The element --> By.cssSelector: input[placeholder='email'] was found
13:01:46 INFO  application.MyListener - Start find element by --> By.cssSelector: input[placeholder='Address']
13:01:46 INFO  application.MyListener - The element --> By.cssSelector: input[placeholder='Address'] was found
13:01:46 INFO  application.MyListener - Start find element by --> By.cssSelector: input[placeholder='description']
13:01:46 INFO  application.MyListener - The element --> By.cssSelector: input[placeholder='description'] was found
13:01:47 INFO  tests.TestBase - End off method - addContactTestBase
13:01:47 INFO  tests.TestBase - ==================================
13:01:47 INFO  tests.TestBase - Start on method - addContactTestCSV
13:01:47 INFO  tests.TestBase - Start test with Data - [Contact(name=Masha, lastName=Qwerty, email=kselon01@bk.ru, phone=1234511678, address=Haifa, description=friend)]
13:01:47 INFO  application.MyListener - Start find element by --> By.xpath: //a[.='LOGIN']
13:01:50 INFO  application.MyListener - The element --> By.xpath: //a[.='LOGIN'] was found
13:01:50 INFO  application.MyListener - Start find element by --> By.xpath: //a[.='ADD']
13:01:50 INFO  application.MyListener - The element --> By.xpath: //a[.='ADD'] was found
13:01:50 INFO  application.MyListener - Start find element by --> By.cssSelector: input[placeholder='Name']
13:01:50 INFO  application.MyListener - The element --> By.cssSelector: input[placeholder='Name'] was found
13:01:51 INFO  application.MyListener - Start find element by --> By.cssSelector: input[placeholder='Last Name']
13:01:51 INFO  application.MyListener - The element --> By.cssSelector: input[placeholder='Last Name'] was found
13:01:51 INFO  application.MyListener - Start find element by --> By.cssSelector: input[placeholder='Phone']
13:01:51 INFO  application.MyListener - The element --> By.cssSelector: input[placeholder='Phone'] was found
13:01:51 INFO  application.MyListener - Start find element by --> By.cssSelector: input[placeholder='email']
13:01:51 INFO  application.MyListener - The element --> By.cssSelector: input[placeholder='email'] was found
13:01:51 INFO  application.MyListener - Start find element by --> By.cssSelector: input[placeholder='Address']
13:01:51 INFO  application.MyListener - The element --> By.cssSelector: input[placeholder='Address'] was found
13:01:51 INFO  application.MyListener - Start find element by --> By.cssSelector: input[placeholder='description']
13:01:51 INFO  application.MyListener - The element --> By.cssSelector: input[placeholder='description'] was found
13:01:52 INFO  application.MyListener - Start find element by --> By.xpath: //h3
13:01:52 INFO  application.MyListener - The element --> By.xpath: //h3 was found
13:01:52 INFO  tests.TestBase - End off method - addContactTestCSV
13:01:52 INFO  tests.TestBase - ==================================
13:01:52 INFO  tests.TestBase - Start on method - addContactTestCSV
13:01:52 INFO  tests.TestBase - Start test with Data - [Contact(name=Sasha, lastName=Asdfgh, email=kselon02@bk.ru, phone=9874115632, address=Haifa, description=friend)]
13:01:52 INFO  application.MyListener - Start find element by --> By.xpath: //a[.='LOGIN']
13:01:55 INFO  application.MyListener - The element --> By.xpath: //a[.='LOGIN'] was found
13:01:55 INFO  application.MyListener - Start find element by --> By.xpath: //a[.='ADD']
13:01:55 INFO  application.MyListener - The element --> By.xpath: //a[.='ADD'] was found
13:01:55 INFO  application.MyListener - Start find element by --> By.cssSelector: input[placeholder='Name']
13:01:55 INFO  application.MyListener - The element --> By.cssSelector: input[placeholder='Name'] was found
13:01:56 INFO  application.MyListener - Start find element by --> By.cssSelector: input[placeholder='Last Name']
13:01:56 INFO  application.MyListener - The element --> By.cssSelector: input[placeholder='Last Name'] was found
13:01:56 INFO  application.MyListener - Start find element by --> By.cssSelector: input[placeholder='Phone']
13:01:56 INFO  application.MyListener - The element --> By.cssSelector: input[placeholder='Phone'] was found
13:01:56 INFO  application.MyListener - Start find element by --> By.cssSelector: input[placeholder='email']
13:01:56 INFO  application.MyListener - The element --> By.cssSelector: input[placeholder='email'] was found
13:01:56 INFO  application.MyListener - Start find element by --> By.cssSelector: input[placeholder='Address']
13:01:56 INFO  application.MyListener - The element --> By.cssSelector: input[placeholder='Address'] was found
13:01:56 INFO  application.MyListener - Start find element by --> By.cssSelector: input[placeholder='description']
13:01:57 INFO  application.MyListener - The element --> By.cssSelector: input[placeholder='description'] was found
13:01:57 INFO  application.MyListener - Start find element by --> By.xpath: //h3
13:01:57 INFO  application.MyListener - The element --> By.xpath: //h3 was found
13:01:57 INFO  tests.TestBase - End off method - addContactTestCSV
13:01:57 INFO  tests.TestBase - ==================================
13:01:57 INFO  tests.TestBase - Start on method - addContactTestCSV
13:01:57 INFO  tests.TestBase - Start test with Data - [Contact(name=Mosha, lastName=wrnaertn, email=kselon03@bk.ru, phone=1411567412, address=Haifa, description=friend)]
13:01:57 INFO  application.MyListener - Start find element by --> By.xpath: //a[.='LOGIN']
13:02:00 INFO  application.MyListener - The element --> By.xpath: //a[.='LOGIN'] was found
13:02:00 INFO  application.MyListener - Start find element by --> By.xpath: //a[.='ADD']
13:02:00 INFO  application.MyListener - The element --> By.xpath: //a[.='ADD'] was found
13:02:00 INFO  application.MyListener - Start find element by --> By.cssSelector: input[placeholder='Name']
13:02:00 INFO  application.MyListener - The element --> By.cssSelector: input[placeholder='Name'] was found
13:02:01 INFO  application.MyListener - Start find element by --> By.cssSelector: input[placeholder='Last Name']
13:02:01 INFO  application.MyListener - The element --> By.cssSelector: input[placeholder='Last Name'] was found
13:02:01 INFO  application.MyListener - Start find element by --> By.cssSelector: input[placeholder='Phone']
13:02:01 INFO  application.MyListener - The element --> By.cssSelector: input[placeholder='Phone'] was found
13:02:01 INFO  application.MyListener - Start find element by --> By.cssSelector: input[placeholder='email']
13:02:01 INFO  application.MyListener - The element --> By.cssSelector: input[placeholder='email'] was found
13:02:01 INFO  application.MyListener - Start find element by --> By.cssSelector: input[placeholder='Address']
13:02:01 INFO  application.MyListener - The element --> By.cssSelector: input[placeholder='Address'] was found
13:02:02 INFO  application.MyListener - Start find element by --> By.cssSelector: input[placeholder='description']
13:02:02 INFO  application.MyListener - The element --> By.cssSelector: input[placeholder='description'] was found
13:02:02 INFO  application.MyListener - Start find element by --> By.xpath: //h3
13:02:02 INFO  application.MyListener - The element --> By.xpath: //h3 was found
13:02:02 INFO  tests.TestBase - End off method - addContactTestCSV
13:02:02 INFO  tests.TestBase - ==================================
13:02:02 INFO  tests.TestBase - Start on method - addContactTestCSV
13:02:02 INFO  tests.TestBase - Start test with Data - [Contact(name=Gosha, lastName=gndgn, email=kselon04@bk.ru, phone=3245631125, address=Haifa, description=friend)]
13:02:02 INFO  application.MyListener - Start find element by --> By.xpath: //a[.='LOGIN']
13:02:05 INFO  application.MyListener - The element --> By.xpath: //a[.='LOGIN'] was found
13:02:05 INFO  application.MyListener - Start find element by --> By.xpath: //a[.='ADD']
13:02:06 INFO  application.MyListener - The element --> By.xpath: //a[.='ADD'] was found
13:02:06 INFO  application.MyListener - Start find element by --> By.cssSelector: input[placeholder='Name']
13:02:06 INFO  application.MyListener - The element --> By.cssSelector: input[placeholder='Name'] was found
13:02:06 INFO  application.MyListener - Start find element by --> By.cssSelector: input[placeholder='Last Name']
13:02:06 INFO  application.MyListener - The element --> By.cssSelector: input[placeholder='Last Name'] was found
13:02:06 INFO  application.MyListener - Start find element by --> By.cssSelector: input[placeholder='Phone']
13:02:06 INFO  application.MyListener - The element --> By.cssSelector: input[placeholder='Phone'] was found
13:02:07 INFO  application.MyListener - Start find element by --> By.cssSelector: input[placeholder='email']
13:02:07 INFO  application.MyListener - The element --> By.cssSelector: input[placeholder='email'] was found
13:02:07 INFO  application.MyListener - Start find element by --> By.cssSelector: input[placeholder='Address']
13:02:07 INFO  application.MyListener - The element --> By.cssSelector: input[placeholder='Address'] was found
13:02:08 INFO  application.MyListener - Start find element by --> By.cssSelector: input[placeholder='description']
13:02:08 INFO  application.MyListener - The element --> By.cssSelector: input[placeholder='description'] was found
13:02:08 INFO  application.MyListener - Start find element by --> By.xpath: //h3
13:02:08 INFO  application.MyListener - The element --> By.xpath: //h3 was found
13:02:08 INFO  tests.TestBase - End off method - addContactTestCSV
13:02:08 INFO  tests.TestBase - ==================================
13:02:08 INFO  tests.TestBase - Start on method - addContactTestCSV
13:02:08 INFO  tests.TestBase - Start test with Data - [Contact(name=Resae, lastName=aetnxf , email=kselon05@bk.ru, phone=1211452145, address=Haifa, description=friend)]
13:02:08 INFO  application.MyListener - Start find element by --> By.xpath: //a[.='LOGIN']
13:02:11 INFO  application.MyListener - The element --> By.xpath: //a[.='LOGIN'] was found
13:02:11 INFO  application.MyListener - Start find element by --> By.xpath: //a[.='ADD']
13:02:11 INFO  application.MyListener - The element --> By.xpath: //a[.='ADD'] was found
13:02:12 INFO  application.MyListener - Start find element by --> By.cssSelector: input[placeholder='Name']
13:02:12 INFO  application.MyListener - The element --> By.cssSelector: input[placeholder='Name'] was found
13:02:12 INFO  application.MyListener - Start find element by --> By.cssSelector: input[placeholder='Last Name']
13:02:12 INFO  application.MyListener - The element --> By.cssSelector: input[placeholder='Last Name'] was found
13:02:12 INFO  application.MyListener - Start find element by --> By.cssSelector: input[placeholder='Phone']
13:02:13 INFO  application.MyListener - The element --> By.cssSelector: input[placeholder='Phone'] was found
13:02:13 INFO  application.MyListener - Start find element by --> By.cssSelector: input[placeholder='email']
13:02:13 INFO  application.MyListener - The element --> By.cssSelector: input[placeholder='email'] was found
13:02:13 INFO  application.MyListener - Start find element by --> By.cssSelector: input[placeholder='Address']
13:02:13 INFO  application.MyListener - The element --> By.cssSelector: input[placeholder='Address'] was found
13:02:14 INFO  application.MyListener - Start find element by --> By.cssSelector: input[placeholder='description']
13:02:14 INFO  application.MyListener - The element --> By.cssSelector: input[placeholder='description'] was found
13:02:14 INFO  application.MyListener - Start find element by --> By.xpath: //h3
13:02:14 INFO  application.MyListener - The element --> By.xpath: //h3 was found
13:02:15 INFO  tests.TestBase - End off method - addContactTestCSV
13:02:15 INFO  tests.TestBase - ==================================
13:02:15 INFO  tests.TestBase - Start on method - addContactTestCSV
13:02:15 INFO  tests.TestBase - Start test with Data - [Contact(name=Trew, lastName=aweegear, email=kselon61@bk.ru, phone=9811569856, address=Haifa, description=friend)]
13:02:15 INFO  application.MyListener - Start find element by --> By.xpath: //a[.='LOGIN']
13:02:18 INFO  application.MyListener - The element --> By.xpath: //a[.='LOGIN'] was found
13:02:18 INFO  application.MyListener - Start find element by --> By.xpath: //a[.='ADD']
13:02:18 INFO  application.MyListener - The element --> By.xpath: //a[.='ADD'] was found
13:02:18 INFO  application.MyListener - Start find element by --> By.cssSelector: input[placeholder='Name']
13:02:18 INFO  application.MyListener - The element --> By.cssSelector: input[placeholder='Name'] was found
13:02:18 INFO  application.MyListener - Start find element by --> By.cssSelector: input[placeholder='Last Name']
13:02:18 INFO  application.MyListener - The element --> By.cssSelector: input[placeholder='Last Name'] was found
13:02:19 INFO  application.MyListener - Start find element by --> By.cssSelector: input[placeholder='Phone']
13:02:19 INFO  application.MyListener - The element --> By.cssSelector: input[placeholder='Phone'] was found
13:02:19 INFO  application.MyListener - Start find element by --> By.cssSelector: input[placeholder='email']
13:02:19 INFO  application.MyListener - The element --> By.cssSelector: input[placeholder='email'] was found
13:02:19 INFO  application.MyListener - Start find element by --> By.cssSelector: input[placeholder='Address']
13:02:19 INFO  application.MyListener - The element --> By.cssSelector: input[placeholder='Address'] was found
13:02:19 INFO  application.MyListener - Start find element by --> By.cssSelector: input[placeholder='description']
13:02:20 INFO  application.MyListener - The element --> By.cssSelector: input[placeholder='description'] was found
13:02:20 INFO  application.MyListener - Start find element by --> By.xpath: //h3
13:02:20 INFO  application.MyListener - The element --> By.xpath: //h3 was found
13:02:21 INFO  tests.TestBase - End off method - addContactTestCSV
13:02:21 INFO  tests.TestBase - ==================================
13:02:21 INFO  tests.TestBase - Start on method - addContactTestCSV
13:02:21 INFO  tests.TestBase - Start test with Data - [Contact(name=John, lastName=zdgWEg, email=kselon07@bk.ru, phone=6587114521, address=Haifa, description=friend)]
13:02:21 INFO  application.MyListener - Start find element by --> By.xpath: //a[.='LOGIN']
13:02:24 INFO  application.MyListener - The element --> By.xpath: //a[.='LOGIN'] was found
13:02:24 INFO  application.MyListener - Start find element by --> By.xpath: //a[.='ADD']
13:02:24 INFO  application.MyListener - The element --> By.xpath: //a[.='ADD'] was found
13:02:24 INFO  application.MyListener - Start find element by --> By.cssSelector: input[placeholder='Name']
13:02:24 INFO  application.MyListener - The element --> By.cssSelector: input[placeholder='Name'] was found
13:02:24 INFO  application.MyListener - Start find element by --> By.cssSelector: input[placeholder='Last Name']
13:02:24 INFO  application.MyListener - The element --> By.cssSelector: input[placeholder='Last Name'] was found
13:02:25 INFO  application.MyListener - Start find element by --> By.cssSelector: input[placeholder='Phone']
13:02:25 INFO  application.MyListener - The element --> By.cssSelector: input[placeholder='Phone'] was found
13:02:25 INFO  application.MyListener - Start find element by --> By.cssSelector: input[placeholder='email']
13:02:25 INFO  application.MyListener - The element --> By.cssSelector: input[placeholder='email'] was found
13:02:26 INFO  application.MyListener - Start find element by --> By.cssSelector: input[placeholder='Address']
13:02:26 INFO  application.MyListener - The element --> By.cssSelector: input[placeholder='Address'] was found
13:02:26 INFO  application.MyListener - Start find element by --> By.cssSelector: input[placeholder='description']
13:02:26 INFO  application.MyListener - The element --> By.cssSelector: input[placeholder='description'] was found
13:02:26 INFO  application.MyListener - Start find element by --> By.xpath: //h3
13:02:27 INFO  application.MyListener - The element --> By.xpath: //h3 was found
13:02:27 INFO  tests.TestBase - End off method - addContactTestCSV
13:02:27 INFO  tests.TestBase - ==================================
13:02:27 INFO  tests.TestBase - Start on method - addContactTestCSV
13:02:27 INFO  tests.TestBase - Start test with Data - [Contact(name=Jane, lastName=ezrneren, email=kselon08@bk.ru, phone=1211589654, address=Haifa, description=friend)]
13:02:27 INFO  application.MyListener - Start find element by --> By.xpath: //a[.='LOGIN']
13:02:30 INFO  application.MyListener - The element --> By.xpath: //a[.='LOGIN'] was found
13:02:30 INFO  application.MyListener - Start find element by --> By.xpath: //a[.='ADD']
13:02:30 INFO  application.MyListener - The element --> By.xpath: //a[.='ADD'] was found
13:02:31 INFO  application.MyListener - Start find element by --> By.cssSelector: input[placeholder='Name']
13:02:31 INFO  application.MyListener - The element --> By.cssSelector: input[placeholder='Name'] was found
13:02:31 INFO  application.MyListener - Start find element by --> By.cssSelector: input[placeholder='Last Name']
13:02:31 INFO  application.MyListener - The element --> By.cssSelector: input[placeholder='Last Name'] was found
13:02:32 INFO  application.MyListener - Start find element by --> By.cssSelector: input[placeholder='Phone']
13:02:32 INFO  application.MyListener - The element --> By.cssSelector: input[placeholder='Phone'] was found
13:02:33 INFO  application.MyListener - Start find element by --> By.cssSelector: input[placeholder='email']
13:02:33 INFO  application.MyListener - The element --> By.cssSelector: input[placeholder='email'] was found
13:02:33 INFO  application.MyListener - Start find element by --> By.cssSelector: input[placeholder='Address']
13:02:34 INFO  application.MyListener - The element --> By.cssSelector: input[placeholder='Address'] was found
13:02:34 INFO  application.MyListener - Start find element by --> By.cssSelector: input[placeholder='description']
13:02:34 INFO  application.MyListener - The element --> By.cssSelector: input[placeholder='description'] was found
13:02:34 INFO  application.MyListener - Start find element by --> By.xpath: //h3
13:02:34 INFO  application.MyListener - The element --> By.xpath: //h3 was found
13:02:35 INFO  tests.TestBase - End off method - addContactTestCSV
13:02:35 INFO  tests.TestBase - ==================================
13:02:35 INFO  tests.TestBase - Start on method - addContactTestCSV
13:02:35 INFO  tests.TestBase - Start test with Data - [Contact(name=Mila, lastName=rehaeerh, email=kselon91@bk.ru, phone=1241156987, address=Haifa, description=friend)]
13:02:35 INFO  application.MyListener - Start find element by --> By.xpath: //a[.='LOGIN']
13:02:38 INFO  application.MyListener - The element --> By.xpath: //a[.='LOGIN'] was found
13:02:38 INFO  application.MyListener - Start find element by --> By.xpath: //a[.='ADD']
13:02:38 INFO  application.MyListener - The element --> By.xpath: //a[.='ADD'] was found
13:02:38 INFO  application.MyListener - Start find element by --> By.cssSelector: input[placeholder='Name']
13:02:38 INFO  application.MyListener - The element --> By.cssSelector: input[placeholder='Name'] was found
13:02:38 INFO  application.MyListener - Start find element by --> By.cssSelector: input[placeholder='Last Name']
13:02:38 INFO  application.MyListener - The element --> By.cssSelector: input[placeholder='Last Name'] was found
13:02:39 INFO  application.MyListener - Start find element by --> By.cssSelector: input[placeholder='Phone']
13:02:39 INFO  application.MyListener - The element --> By.cssSelector: input[placeholder='Phone'] was found
13:02:39 INFO  application.MyListener - Start find element by --> By.cssSelector: input[placeholder='email']
13:02:39 INFO  application.MyListener - The element --> By.cssSelector: input[placeholder='email'] was found
13:02:39 INFO  application.MyListener - Start find element by --> By.cssSelector: input[placeholder='Address']
13:02:39 INFO  application.MyListener - The element --> By.cssSelector: input[placeholder='Address'] was found
13:02:40 INFO  application.MyListener - Start find element by --> By.cssSelector: input[placeholder='description']
13:02:40 INFO  application.MyListener - The element --> By.cssSelector: input[placeholder='description'] was found
13:02:40 INFO  application.MyListener - Start find element by --> By.xpath: //h3
13:02:41 INFO  application.MyListener - The element --> By.xpath: //h3 was found
13:02:41 INFO  tests.TestBase - End off method - addContactTestCSV
13:02:41 INFO  tests.TestBase - ==================================
13:02:41 INFO  tests.TestBase - Start on method - addContactTestDataProvider
13:02:41 INFO  tests.TestBase - Start test with Data - [Masha, Qwerty, 1234512678, kselon01@bk.ru, Haifa, friend]
13:02:41 INFO  application.MyListener - Start find element by --> By.xpath: //a[.='LOGIN']
13:02:44 INFO  application.MyListener - The element --> By.xpath: //a[.='LOGIN'] was found
13:02:44 INFO  application.MyListener - Start find element by --> By.xpath: //a[.='ADD']
13:02:44 INFO  application.MyListener - The element --> By.xpath: //a[.='ADD'] was found
13:02:44 INFO  application.MyListener - Start find element by --> By.cssSelector: input[placeholder='Name']
13:02:44 INFO  application.MyListener - The element --> By.cssSelector: input[placeholder='Name'] was found
13:02:45 INFO  application.MyListener - Start find element by --> By.cssSelector: input[placeholder='Last Name']
13:02:45 INFO  application.MyListener - The element --> By.cssSelector: input[placeholder='Last Name'] was found
13:02:45 INFO  application.MyListener - Start find element by --> By.cssSelector: input[placeholder='Phone']
13:02:45 INFO  application.MyListener - The element --> By.cssSelector: input[placeholder='Phone'] was found
13:02:45 INFO  application.MyListener - Start find element by --> By.cssSelector: input[placeholder='email']
13:02:45 INFO  application.MyListener - The element --> By.cssSelector: input[placeholder='email'] was found
13:02:45 INFO  application.MyListener - Start find element by --> By.cssSelector: input[placeholder='Address']
13:02:46 INFO  application.MyListener - The element --> By.cssSelector: input[placeholder='Address'] was found
13:02:46 INFO  application.MyListener - Start find element by --> By.cssSelector: input[placeholder='description']
13:02:46 INFO  application.MyListener - The element --> By.cssSelector: input[placeholder='description'] was found
13:02:46 INFO  tests.TestBase - End off method - addContactTestDataProvider
13:02:46 INFO  tests.TestBase - ==================================
13:02:46 INFO  tests.TestBase - Start on method - addContactTestDataProvider
13:02:46 INFO  tests.TestBase - Start test with Data - [Sasha, Asdfgh, 9872115632, kselon02@bk.ru, Haifa, friend]
13:02:46 INFO  application.MyListener - Start find element by --> By.xpath: //a[.='LOGIN']
13:02:49 INFO  application.MyListener - The element --> By.xpath: //a[.='LOGIN'] was found
13:02:49 INFO  application.MyListener - Start find element by --> By.xpath: //a[.='ADD']
13:02:49 INFO  application.MyListener - The element --> By.xpath: //a[.='ADD'] was found
13:02:49 INFO  application.MyListener - Start find element by --> By.cssSelector: input[placeholder='Name']
13:02:49 INFO  application.MyListener - The element --> By.cssSelector: input[placeholder='Name'] was found
13:02:49 INFO  application.MyListener - Start find element by --> By.cssSelector: input[placeholder='Last Name']
13:02:49 INFO  application.MyListener - The element --> By.cssSelector: input[placeholder='Last Name'] was found
13:02:50 INFO  application.MyListener - Start find element by --> By.cssSelector: input[placeholder='Phone']
13:02:50 INFO  application.MyListener - The element --> By.cssSelector: input[placeholder='Phone'] was found
13:02:50 INFO  application.MyListener - Start find element by --> By.cssSelector: input[placeholder='email']
13:02:50 INFO  application.MyListener - The element --> By.cssSelector: input[placeholder='email'] was found
13:02:50 INFO  application.MyListener - Start find element by --> By.cssSelector: input[placeholder='Address']
13:02:50 INFO  application.MyListener - The element --> By.cssSelector: input[placeholder='Address'] was found
13:02:50 INFO  application.MyListener - Start find element by --> By.cssSelector: input[placeholder='description']
13:02:50 INFO  application.MyListener - The element --> By.cssSelector: input[placeholder='description'] was found
13:02:51 INFO  tests.TestBase - End off method - addContactTestDataProvider
13:02:51 INFO  tests.TestBase - ==================================
13:02:51 INFO  tests.TestBase - Start on method - addContactTestDataProvider
13:02:51 INFO  tests.TestBase - Start test with Data - [Mosha, wrnaertn, 1211567412, kselon03@bk.ru, Haifa, friend]
13:02:51 INFO  application.MyListener - Start find element by --> By.xpath: //a[.='LOGIN']
13:02:54 INFO  application.MyListener - The element --> By.xpath: //a[.='LOGIN'] was found
13:02:54 INFO  application.MyListener - Start find element by --> By.xpath: //a[.='ADD']
13:02:54 INFO  application.MyListener - The element --> By.xpath: //a[.='ADD'] was found
13:02:54 INFO  application.MyListener - Start find element by --> By.cssSelector: input[placeholder='Name']
13:02:54 INFO  application.MyListener - The element --> By.cssSelector: input[placeholder='Name'] was found
13:02:54 INFO  application.MyListener - Start find element by --> By.cssSelector: input[placeholder='Last Name']
13:02:54 INFO  application.MyListener - The element --> By.cssSelector: input[placeholder='Last Name'] was found
13:02:54 INFO  application.MyListener - Start find element by --> By.cssSelector: input[placeholder='Phone']
13:02:54 INFO  application.MyListener - The element --> By.cssSelector: input[placeholder='Phone'] was found
13:02:54 INFO  application.MyListener - Start find element by --> By.cssSelector: input[placeholder='email']
13:02:54 INFO  application.MyListener - The element --> By.cssSelector: input[placeholder='email'] was found
13:02:54 INFO  application.MyListener - Start find element by --> By.cssSelector: input[placeholder='Address']
13:02:55 INFO  application.MyListener - The element --> By.cssSelector: input[placeholder='Address'] was found
13:02:55 INFO  application.MyListener - Start find element by --> By.cssSelector: input[placeholder='description']
13:02:55 INFO  application.MyListener - The element --> By.cssSelector: input[placeholder='description'] was found
13:02:55 INFO  tests.TestBase - End off method - addContactTestDataProvider
13:02:55 INFO  tests.TestBase - ==================================
13:02:55 INFO  tests.TestBase - Start on method - loginNegativeTestWithWrongPassword
13:02:55 INFO  tests.TestBase - Start test with Data - []
13:02:55 INFO  application.MyListener - Start find element by --> By.xpath: //a[.='LOGIN']
13:02:58 INFO  application.MyListener - The element --> By.xpath: //a[.='LOGIN'] was found
13:02:58 INFO  application.MyListener - Start find element by --> By.xpath: //button[.='Sign Out']
13:02:58 INFO  application.MyListener - The element --> By.xpath: //button[.='Sign Out'] was found
13:02:58 INFO  application.MyListener - Start find element by --> By.xpath: //a[.='LOGIN']
13:02:58 INFO  application.MyListener - The element --> By.xpath: //a[.='LOGIN'] was found
13:02:58 INFO  application.MyListener - Start find element by --> By.xpath: //a[.='LOGIN']
13:02:58 INFO  application.MyListener - The element --> By.xpath: //a[.='LOGIN'] was found
13:02:58 INFO  application.MyListener - Start find element by --> By.xpath: //input[@placeholder='Email']
13:02:58 INFO  application.MyListener - The element --> By.xpath: //input[@placeholder='Email'] was found
13:02:58 INFO  application.MyListener - Start find element by --> By.xpath: //input[@placeholder='Password']
13:02:58 INFO  application.MyListener - The element --> By.xpath: //input[@placeholder='Password'] was found
13:02:59 INFO  application.MyListener - Start find element by --> By.xpath: //button[.=' Login']
13:02:59 INFO  application.MyListener - The element --> By.xpath: //button[.=' Login'] was found
13:02:59 INFO  application.MyListener - Start find element by --> By.xpath: //a[.='LOGIN']
13:02:59 INFO  application.MyListener - The element --> By.xpath: //a[.='LOGIN'] was found
13:02:59 INFO  tests.TestBase - End off method - loginNegativeTestWithWrongPassword
13:02:59 INFO  tests.TestBase - ==================================
13:02:59 INFO  tests.TestBase - Start on method - loginPositive
13:02:59 INFO  tests.TestBase - Start test with Data - []
13:02:59 INFO  application.MyListener - Start find element by --> By.xpath: //a[.='LOGIN']
13:02:59 INFO  application.MyListener - The element --> By.xpath: //a[.='LOGIN'] was found
13:02:59 INFO  application.MyListener - Start find element by --> By.xpath: //a[.='LOGIN']
13:02:59 INFO  application.MyListener - The element --> By.xpath: //a[.='LOGIN'] was found
13:02:59 INFO  application.MyListener - Start find element by --> By.xpath: //a[.='LOGIN']
13:02:59 INFO  application.MyListener - The element --> By.xpath: //a[.='LOGIN'] was found
13:02:59 INFO  application.MyListener - Start find element by --> By.xpath: //input[@placeholder='Email']
13:02:59 INFO  application.MyListener - The element --> By.xpath: //input[@placeholder='Email'] was found
13:03:00 INFO  application.MyListener - Start find element by --> By.xpath: //input[@placeholder='Password']
13:03:00 INFO  application.MyListener - The element --> By.xpath: //input[@placeholder='Password'] was found
13:03:00 INFO  application.MyListener - Start find element by --> By.xpath: //button[.=' Login']
13:03:00 INFO  application.MyListener - The element --> By.xpath: //button[.=' Login'] was found
13:03:00 INFO  application.MyListener - Start find element by --> By.xpath: //a[.='ADD']
13:03:00 INFO  application.MyListener - The element --> By.xpath: //a[.='ADD'] was found
13:03:00 INFO  application.MyListener - Start find element by --> By.xpath: //button[.='Sign Out']
13:03:00 INFO  application.MyListener - The element --> By.xpath: //button[.='Sign Out'] was found
13:03:00 INFO  tests.TestBase - End off method - loginPositive
13:03:00 INFO  tests.TestBase - ==================================
13:03:00 INFO  tests.TestBase - Start on method - loginPositiveDto
13:03:00 INFO  tests.TestBase - Start test with Data - []
13:03:00 INFO  application.MyListener - Start find element by --> By.xpath: //a[.='LOGIN']
13:03:00 INFO  application.MyListener - The element --> By.xpath: //a[.='LOGIN'] was found
13:03:00 INFO  application.MyListener - Start find element by --> By.xpath: //a[.='LOGIN']
13:03:00 INFO  application.MyListener - The element --> By.xpath: //a[.='LOGIN'] was found
13:03:00 INFO  application.MyListener - Start find element by --> By.xpath: //a[.='LOGIN']
13:03:00 INFO  application.MyListener - The element --> By.xpath: //a[.='LOGIN'] was found
13:03:00 INFO  application.MyListener - Start find element by --> By.xpath: //input[@placeholder='Email']
13:03:00 INFO  application.MyListener - The element --> By.xpath: //input[@placeholder='Email'] was found
13:03:01 INFO  application.MyListener - Start find element by --> By.xpath: //input[@placeholder='Password']
13:03:01 INFO  application.MyListener - The element --> By.xpath: //input[@placeholder='Password'] was found
13:03:01 INFO  application.MyListener - Start find element by --> By.xpath: //button[.=' Login']
13:03:01 INFO  application.MyListener - The element --> By.xpath: //button[.=' Login'] was found
13:03:01 INFO  application.MyListener - Start find element by --> By.xpath: //button[.='Sign Out']
13:03:01 INFO  application.MyListener - The element --> By.xpath: //button[.='Sign Out'] was found
13:03:01 INFO  tests.TestBase - End off method - loginPositiveDto
13:03:01 INFO  tests.TestBase - ==================================
13:03:01 INFO  tests.TestBase - Start on method - loginTestBase
13:03:01 INFO  tests.TestBase - Start test with Data - []
13:03:01 INFO  application.MyListener - Start find element by --> By.xpath: //a[.='LOGIN']
13:03:01 INFO  application.MyListener - The element --> By.xpath: //a[.='LOGIN'] was found
13:03:01 INFO  application.MyListener - Start find element by --> By.xpath: //a[.='LOGIN']
13:03:01 INFO  application.MyListener - The element --> By.xpath: //a[.='LOGIN'] was found
13:03:01 INFO  application.MyListener - Start find element by --> By.xpath: //a[.='LOGIN']
13:03:01 INFO  application.MyListener - The element --> By.xpath: //a[.='LOGIN'] was found
13:03:01 INFO  application.MyListener - Start find element by --> By.xpath: //input[@placeholder='Email']
13:03:01 INFO  application.MyListener - The element --> By.xpath: //input[@placeholder='Email'] was found
13:03:01 INFO  application.MyListener - Start find element by --> By.xpath: //input[@placeholder='Password']
13:03:01 INFO  application.MyListener - The element --> By.xpath: //input[@placeholder='Password'] was found
13:03:02 INFO  application.MyListener - Start find element by --> By.xpath: //button[.=' Login']
13:03:02 INFO  application.MyListener - The element --> By.xpath: //button[.=' Login'] was found
13:03:02 INFO  application.MyListener - Start find element by --> By.xpath: //a[.='LOGIN']
13:03:02 INFO  application.MyListener - The element --> By.xpath: //a[.='LOGIN'] was found
13:03:02 INFO  tests.TestBase - End off method - loginTestBase
13:03:02 INFO  tests.TestBase - ==================================
13:03:02 INFO  tests.TestBase - Start on method - loginTestDP_CSV
13:03:02 INFO  tests.TestBase - Start test with Data - [User{email='skelon+4@bk.ru', password='Qwerty$4'}]
13:03:02 INFO  application.MyListener - Start find element by --> By.xpath: //a[.='LOGIN']
13:03:02 INFO  application.MyListener - The element --> By.xpath: //a[.='LOGIN'] was found
13:03:03 INFO  application.MyListener - Start find element by --> By.xpath: //a[.='LOGIN']
13:03:06 INFO  application.MyListener - The element --> By.xpath: //a[.='LOGIN'] was found
13:03:06 INFO  application.MyListener - Start find element by --> By.xpath: //button[.='Sign Out']
13:03:06 INFO  application.MyListener - The element --> By.xpath: //button[.='Sign Out'] was found
13:03:06 INFO  application.MyListener - Start find element by --> By.xpath: //a[.='LOGIN']
13:03:06 INFO  application.MyListener - The element --> By.xpath: //a[.='LOGIN'] was found
13:03:06 INFO  application.MyListener - Start find element by --> By.xpath: //input[@placeholder='Email']
13:03:06 INFO  application.MyListener - The element --> By.xpath: //input[@placeholder='Email'] was found
13:03:06 INFO  application.MyListener - Start find element by --> By.xpath: //input[@placeholder='Password']
13:03:06 INFO  application.MyListener - The element --> By.xpath: //input[@placeholder='Password'] was found
13:03:07 INFO  application.MyListener - Start find element by --> By.xpath: //button[.=' Login']
13:03:07 INFO  application.MyListener - The element --> By.xpath: //button[.=' Login'] was found
13:03:07 INFO  application.MyListener - Start find element by --> By.xpath: //button[.='Sign Out']
13:03:07 INFO  application.MyListener - The element --> By.xpath: //button[.='Sign Out'] was found
13:03:07 INFO  application.MyListener - Start find element by --> By.xpath: //a[.='LOGIN']
13:03:07 INFO  application.MyListener - The element --> By.xpath: //a[.='LOGIN'] was found
13:03:07 INFO  tests.TestBase - End off method - loginTestDP_CSV
13:03:07 INFO  tests.TestBase - ==================================
13:03:07 INFO  tests.TestBase - Start on method - loginTestDP_CSV
13:03:07 INFO  tests.TestBase - Start test with Data - [User{email='skelon+11@bk.ru', password='Qwerty$4'}]
13:03:07 INFO  application.MyListener - Start find element by --> By.xpath: //a[.='LOGIN']
13:03:07 INFO  application.MyListener - The element --> By.xpath: //a[.='LOGIN'] was found
13:03:08 INFO  application.MyListener - Start find element by --> By.xpath: //a[.='LOGIN']
13:03:08 INFO  application.MyListener - The element --> By.xpath: //a[.='LOGIN'] was found
13:03:08 INFO  application.MyListener - Start find element by --> By.xpath: //a[.='LOGIN']
13:03:08 INFO  application.MyListener - The element --> By.xpath: //a[.='LOGIN'] was found
13:03:08 INFO  application.MyListener - Start find element by --> By.xpath: //input[@placeholder='Email']
13:03:08 INFO  application.MyListener - The element --> By.xpath: //input[@placeholder='Email'] was found
13:03:08 INFO  application.MyListener - Start find element by --> By.xpath: //input[@placeholder='Password']
13:03:08 INFO  application.MyListener - The element --> By.xpath: //input[@placeholder='Password'] was found
13:03:09 INFO  application.MyListener - Start find element by --> By.xpath: //button[.=' Login']
13:03:09 INFO  application.MyListener - The element --> By.xpath: //button[.=' Login'] was found
13:03:09 INFO  application.MyListener - Start find element by --> By.xpath: //button[.='Sign Out']
13:03:09 INFO  application.MyListener - The element --> By.xpath: //button[.='Sign Out'] was found
13:03:09 INFO  application.MyListener - Start find element by --> By.xpath: //a[.='LOGIN']
13:03:09 INFO  application.MyListener - The element --> By.xpath: //a[.='LOGIN'] was found
13:03:09 INFO  tests.TestBase - End off method - loginTestDP_CSV
13:03:09 INFO  tests.TestBase - ==================================
13:03:09 INFO  tests.TestBase - Start on method - loginTestDP_CSV
13:03:09 INFO  tests.TestBase - Start test with Data - [User{email='skelon+10@bk.ru', password='Qwerty$4'}]
13:03:09 INFO  application.MyListener - Start find element by --> By.xpath: //a[.='LOGIN']
13:03:09 INFO  application.MyListener - The element --> By.xpath: //a[.='LOGIN'] was found
13:03:10 INFO  application.MyListener - Start find element by --> By.xpath: //a[.='LOGIN']
13:03:10 INFO  application.MyListener - The element --> By.xpath: //a[.='LOGIN'] was found
13:03:10 INFO  application.MyListener - Start find element by --> By.xpath: //a[.='LOGIN']
13:03:10 INFO  application.MyListener - The element --> By.xpath: //a[.='LOGIN'] was found
13:03:10 INFO  application.MyListener - Start find element by --> By.xpath: //input[@placeholder='Email']
13:03:10 INFO  application.MyListener - The element --> By.xpath: //input[@placeholder='Email'] was found
13:03:10 INFO  application.MyListener - Start find element by --> By.xpath: //input[@placeholder='Password']
13:03:10 INFO  application.MyListener - The element --> By.xpath: //input[@placeholder='Password'] was found
13:03:11 INFO  application.MyListener - Start find element by --> By.xpath: //button[.=' Login']
13:03:11 INFO  application.MyListener - The element --> By.xpath: //button[.=' Login'] was found
13:03:11 INFO  application.MyListener - Start find element by --> By.xpath: //button[.='Sign Out']
13:03:11 INFO  application.MyListener - The element --> By.xpath: //button[.='Sign Out'] was found
13:03:11 INFO  application.MyListener - Start find element by --> By.xpath: //a[.='LOGIN']
13:03:11 INFO  application.MyListener - The element --> By.xpath: //a[.='LOGIN'] was found
13:03:11 INFO  tests.TestBase - End off method - loginTestDP_CSV
13:03:11 INFO  tests.TestBase - ==================================
13:03:11 INFO  tests.TestBase - Start on method - loginTestDataProvider
13:03:11 INFO  tests.TestBase - Start test with Data - [skelon+4@bk.ru, Qwerty$4]
13:03:11 INFO  application.MyListener - Start find element by --> By.xpath: //a[.='LOGIN']
13:03:11 INFO  application.MyListener - The element --> By.xpath: //a[.='LOGIN'] was found
13:03:11 INFO  application.MyListener - Start find element by --> By.xpath: //a[.='LOGIN']
13:03:11 INFO  application.MyListener - The element --> By.xpath: //a[.='LOGIN'] was found
13:03:11 INFO  application.MyListener - Start find element by --> By.xpath: //a[.='LOGIN']
13:03:11 INFO  application.MyListener - The element --> By.xpath: //a[.='LOGIN'] was found
13:03:11 INFO  application.MyListener - Start find element by --> By.xpath: //input[@placeholder='Email']
13:03:11 INFO  application.MyListener - The element --> By.xpath: //input[@placeholder='Email'] was found
13:03:11 INFO  application.MyListener - Start find element by --> By.xpath: //input[@placeholder='Password']
13:03:11 INFO  application.MyListener - The element --> By.xpath: //input[@placeholder='Password'] was found
13:03:12 INFO  application.MyListener - Start find element by --> By.xpath: //button[.=' Login']
13:03:12 INFO  application.MyListener - The element --> By.xpath: //button[.=' Login'] was found
13:03:12 INFO  application.MyListener - Start find element by --> By.xpath: //a[.='LOGIN']
13:03:12 INFO  application.MyListener - The element --> By.xpath: //a[.='LOGIN'] was found
13:03:12 INFO  application.MyListener - Start find element by --> By.xpath: //button[.='Sign Out']
13:03:12 INFO  application.MyListener - The element --> By.xpath: //button[.='Sign Out'] was found
13:03:12 INFO  tests.TestBase - End off method - loginTestDataProvider
13:03:12 INFO  tests.TestBase - ==================================
13:03:12 INFO  tests.TestBase - Start on method - loginTestDataProvider
13:03:12 INFO  tests.TestBase - Start test with Data - [skelon+11@bk.ru, Qwerty$4]
13:03:12 INFO  application.MyListener - Start find element by --> By.xpath: //a[.='LOGIN']
13:03:12 INFO  application.MyListener - The element --> By.xpath: //a[.='LOGIN'] was found
13:03:12 INFO  application.MyListener - Start find element by --> By.xpath: //a[.='LOGIN']
13:03:12 INFO  application.MyListener - The element --> By.xpath: //a[.='LOGIN'] was found
13:03:12 INFO  application.MyListener - Start find element by --> By.xpath: //a[.='LOGIN']
13:03:12 INFO  application.MyListener - The element --> By.xpath: //a[.='LOGIN'] was found
13:03:12 INFO  application.MyListener - Start find element by --> By.xpath: //input[@placeholder='Email']
13:03:12 INFO  application.MyListener - The element --> By.xpath: //input[@placeholder='Email'] was found
13:03:12 INFO  application.MyListener - Start find element by --> By.xpath: //input[@placeholder='Password']
13:03:12 INFO  application.MyListener - The element --> By.xpath: //input[@placeholder='Password'] was found
13:03:13 INFO  application.MyListener - Start find element by --> By.xpath: //button[.=' Login']
13:03:13 INFO  application.MyListener - The element --> By.xpath: //button[.=' Login'] was found
13:03:13 INFO  application.MyListener - Start find element by --> By.xpath: //a[.='LOGIN']
13:03:13 INFO  application.MyListener - The element --> By.xpath: //a[.='LOGIN'] was found
13:03:13 INFO  application.MyListener - Start find element by --> By.xpath: //button[.='Sign Out']
13:03:13 INFO  application.MyListener - The element --> By.xpath: //button[.='Sign Out'] was found
13:03:13 INFO  tests.TestBase - End off method - loginTestDataProvider
13:03:13 INFO  tests.TestBase - ==================================
13:03:13 INFO  tests.TestBase - Start on method - loginTestDataProvider
13:03:13 INFO  tests.TestBase - Start test with Data - [skelon+10@bk.ru, Qwerty$4]
13:03:13 INFO  application.MyListener - Start find element by --> By.xpath: //a[.='LOGIN']
13:03:13 INFO  application.MyListener - The element --> By.xpath: //a[.='LOGIN'] was found
13:03:13 INFO  application.MyListener - Start find element by --> By.xpath: //a[.='LOGIN']
13:03:13 INFO  application.MyListener - The element --> By.xpath: //a[.='LOGIN'] was found
13:03:13 INFO  application.MyListener - Start find element by --> By.xpath: //a[.='LOGIN']
13:03:13 INFO  application.MyListener - The element --> By.xpath: //a[.='LOGIN'] was found
13:03:13 INFO  application.MyListener - Start find element by --> By.xpath: //input[@placeholder='Email']
13:03:13 INFO  application.MyListener - The element --> By.xpath: //input[@placeholder='Email'] was found
13:03:13 INFO  application.MyListener - Start find element by --> By.xpath: //input[@placeholder='Password']
13:03:13 INFO  application.MyListener - The element --> By.xpath: //input[@placeholder='Password'] was found
13:03:13 INFO  application.MyListener - Start find element by --> By.xpath: //button[.=' Login']
13:03:13 INFO  application.MyListener - The element --> By.xpath: //button[.=' Login'] was found
13:03:14 INFO  application.MyListener - Start find element by --> By.xpath: //a[.='LOGIN']
13:03:14 INFO  application.MyListener - The element --> By.xpath: //a[.='LOGIN'] was found
13:03:14 INFO  application.MyListener - Start find element by --> By.xpath: //button[.='Sign Out']
13:03:14 INFO  application.MyListener - The element --> By.xpath: //button[.='Sign Out'] was found
13:03:14 INFO  tests.TestBase - End off method - loginTestDataProvider
13:03:14 INFO  tests.TestBase - ==================================
13:03:14 INFO  tests.TestBase - Start on method - loginTestDataProviderClass
13:03:14 INFO  tests.TestBase - Start test with Data - [skelon+4@bk.ru, Qwerty$4]
13:03:14 INFO  application.MyListener - Start find element by --> By.xpath: //a[.='LOGIN']
13:03:14 INFO  application.MyListener - The element --> By.xpath: //a[.='LOGIN'] was found
13:03:14 INFO  application.MyListener - Start find element by --> By.xpath: //a[.='LOGIN']
13:03:14 INFO  application.MyListener - The element --> By.xpath: //a[.='LOGIN'] was found
13:03:14 INFO  application.MyListener - Start find element by --> By.xpath: //a[.='LOGIN']
13:03:14 INFO  application.MyListener - The element --> By.xpath: //a[.='LOGIN'] was found
13:03:14 INFO  application.MyListener - Start find element by --> By.xpath: //input[@placeholder='Email']
13:03:14 INFO  application.MyListener - The element --> By.xpath: //input[@placeholder='Email'] was found
13:03:14 INFO  application.MyListener - Start find element by --> By.xpath: //input[@placeholder='Password']
13:03:14 INFO  application.MyListener - The element --> By.xpath: //input[@placeholder='Password'] was found
13:03:14 INFO  application.MyListener - Start find element by --> By.xpath: //button[.=' Login']
13:03:14 INFO  application.MyListener - The element --> By.xpath: //button[.=' Login'] was found
13:03:14 INFO  application.MyListener - Start find element by --> By.xpath: //a[.='LOGIN']
13:03:14 INFO  application.MyListener - The element --> By.xpath: //a[.='LOGIN'] was found
13:03:14 INFO  application.MyListener - Start find element by --> By.xpath: //button[.='Sign Out']
13:03:15 INFO  application.MyListener - The element --> By.xpath: //button[.='Sign Out'] was found
13:03:16 INFO  tests.TestBase - End off method - loginTestDataProviderClass
13:03:16 INFO  tests.TestBase - ==================================
13:03:16 INFO  tests.TestBase - Start on method - loginTestDataProviderClass
13:03:16 INFO  tests.TestBase - Start test with Data - [skelon+11@bk.ru, Qwerty$4]
13:03:16 INFO  application.MyListener - Start find element by --> By.xpath: //a[.='LOGIN']
13:03:16 INFO  application.MyListener - The element --> By.xpath: //a[.='LOGIN'] was found
13:03:16 INFO  application.MyListener - Start find element by --> By.xpath: //a[.='LOGIN']
13:03:16 INFO  application.MyListener - The element --> By.xpath: //a[.='LOGIN'] was found
13:03:16 INFO  application.MyListener - Start find element by --> By.xpath: //a[.='LOGIN']
13:03:16 INFO  application.MyListener - The element --> By.xpath: //a[.='LOGIN'] was found
13:03:16 INFO  application.MyListener - Start find element by --> By.xpath: //input[@placeholder='Email']
13:03:16 INFO  application.MyListener - The element --> By.xpath: //input[@placeholder='Email'] was found
13:03:16 INFO  application.MyListener - Start find element by --> By.xpath: //input[@placeholder='Password']
13:03:16 INFO  application.MyListener - The element --> By.xpath: //input[@placeholder='Password'] was found
13:03:17 INFO  application.MyListener - Start find element by --> By.xpath: //button[.=' Login']
13:03:17 INFO  application.MyListener - The element --> By.xpath: //button[.=' Login'] was found
13:03:17 INFO  application.MyListener - Start find element by --> By.xpath: //a[.='LOGIN']
13:03:17 INFO  application.MyListener - The element --> By.xpath: //a[.='LOGIN'] was found
13:03:17 INFO  application.MyListener - Start find element by --> By.xpath: //button[.='Sign Out']
13:03:17 INFO  application.MyListener - The element --> By.xpath: //button[.='Sign Out'] was found
13:03:18 INFO  tests.TestBase - End off method - loginTestDataProviderClass
13:03:18 INFO  tests.TestBase - ==================================
13:03:18 INFO  tests.TestBase - Start on method - loginTestDataProviderClass
13:03:18 INFO  tests.TestBase - Start test with Data - [skelon+10@bk.ru, Qwerty$4]
13:03:18 INFO  application.MyListener - Start find element by --> By.xpath: //a[.='LOGIN']
13:03:18 INFO  application.MyListener - The element --> By.xpath: //a[.='LOGIN'] was found
13:03:18 INFO  application.MyListener - Start find element by --> By.xpath: //a[.='LOGIN']
13:03:18 INFO  application.MyListener - The element --> By.xpath: //a[.='LOGIN'] was found
13:03:18 INFO  application.MyListener - Start find element by --> By.xpath: //a[.='LOGIN']
13:03:18 INFO  application.MyListener - The element --> By.xpath: //a[.='LOGIN'] was found
13:03:18 INFO  application.MyListener - Start find element by --> By.xpath: //input[@placeholder='Email']
13:03:18 INFO  application.MyListener - The element --> By.xpath: //input[@placeholder='Email'] was found
13:03:18 INFO  application.MyListener - Start find element by --> By.xpath: //input[@placeholder='Password']
13:03:18 INFO  application.MyListener - The element --> By.xpath: //input[@placeholder='Password'] was found
13:03:19 INFO  application.MyListener - Start find element by --> By.xpath: //button[.=' Login']
13:03:19 INFO  application.MyListener - The element --> By.xpath: //button[.=' Login'] was found
13:03:19 INFO  application.MyListener - Start find element by --> By.xpath: //a[.='LOGIN']
13:03:19 INFO  application.MyListener - The element --> By.xpath: //a[.='LOGIN'] was found
13:03:19 INFO  application.MyListener - Start find element by --> By.xpath: //button[.='Sign Out']
13:03:19 INFO  application.MyListener - The element --> By.xpath: //button[.='Sign Out'] was found
13:03:20 INFO  tests.TestBase - End off method - loginTestDataProviderClass
13:03:20 INFO  tests.TestBase - ==================================
13:03:20 INFO  tests.TestBase - Start on method - smokeTest
13:03:20 INFO  tests.TestBase - Start test with Data - []
13:03:20 INFO  tests.TestBase - End off method - smokeTest
13:03:20 INFO  tests.TestBase - ==================================
13:03:20 INFO  tests.TestBase - Start on method - registrationPositive
13:03:20 INFO  tests.TestBase - Start test with Data - []
13:03:20 INFO  application.MyListener - Start find element by --> By.xpath: //a[.='LOGIN']
13:03:20 INFO  application.MyListener - The element --> By.xpath: //a[.='LOGIN'] was found
13:03:20 INFO  application.MyListener - Start find element by --> By.xpath: //a[.='LOGIN']
13:03:20 INFO  application.MyListener - The element --> By.xpath: //a[.='LOGIN'] was found
13:03:20 INFO  application.MyListener - Start find element by --> By.xpath: //a[.='LOGIN']
13:03:20 INFO  application.MyListener - The element --> By.xpath: //a[.='LOGIN'] was found
13:03:20 INFO  application.MyListener - Start find element by --> By.xpath: //input[@placeholder='Email']
13:03:20 INFO  application.MyListener - The element --> By.xpath: //input[@placeholder='Email'] was found
13:03:21 INFO  application.MyListener - Start find element by --> By.xpath: //input[@placeholder='Password']
13:03:21 INFO  application.MyListener - The element --> By.xpath: //input[@placeholder='Password'] was found
13:03:21 INFO  application.MyListener - Start find element by --> By.xpath: //button[.=' Registration']
13:03:21 INFO  application.MyListener - The element --> By.xpath: //button[.=' Registration'] was found
13:03:21 INFO  application.MyListener - Start find element by --> By.xpath: //button[.='Sign Out']
13:03:21 INFO  application.MyListener - The element --> By.xpath: //button[.='Sign Out'] was found
13:03:21 INFO  tests.TestBase - End off method - registrationPositive
13:03:21 INFO  tests.TestBase - ==================================
13:03:21 INFO  tests.TestBase - Start on method - registrationPositiveDto
13:03:21 INFO  tests.TestBase - Start test with Data - []
13:03:21 INFO  application.MyListener - Start find element by --> By.xpath: //a[.='LOGIN']
13:03:21 INFO  application.MyListener - The element --> By.xpath: //a[.='LOGIN'] was found
13:03:21 INFO  application.MyListener - Start find element by --> By.xpath: //a[.='LOGIN']
13:03:21 INFO  application.MyListener - The element --> By.xpath: //a[.='LOGIN'] was found
13:03:21 INFO  application.MyListener - Start find element by --> By.xpath: //a[.='LOGIN']
13:03:21 INFO  application.MyListener - The element --> By.xpath: //a[.='LOGIN'] was found
13:03:22 INFO  application.MyListener - Start find element by --> By.xpath: //input[@placeholder='Email']
13:03:22 INFO  application.MyListener - The element --> By.xpath: //input[@placeholder='Email'] was found
13:03:22 INFO  application.MyListener - Start find element by --> By.xpath: //input[@placeholder='Password']
13:03:22 INFO  application.MyListener - The element --> By.xpath: //input[@placeholder='Password'] was found
13:03:22 INFO  application.MyListener - Start find element by --> By.xpath: //button[.=' Registration']
13:03:22 INFO  application.MyListener - The element --> By.xpath: //button[.=' Registration'] was found
13:03:22 INFO  application.MyListener - Start find element by --> By.xpath: //button[.='Sign Out']
13:03:22 INFO  application.MyListener - The element --> By.xpath: //button[.='Sign Out'] was found
13:03:22 INFO  tests.TestBase - End off method - registrationPositiveDto
13:03:22 INFO  tests.TestBase - ==================================
13:03:22 INFO  tests.TestBase - Start on method - removeAllContacts
13:03:22 INFO  tests.TestBase - Start test with Data - []
13:03:22 INFO  application.MyListener - Start find element by --> By.xpath: //a[.='LOGIN']
13:03:22 INFO  application.MyListener - The element --> By.xpath: //a[.='LOGIN'] was found
13:03:22 INFO  application.MyListener - Start find element by --> By.xpath: //a[.='LOGIN']
13:03:22 INFO  application.MyListener - The element --> By.xpath: //a[.='LOGIN'] was found
13:03:22 INFO  application.MyListener - Start find element by --> By.xpath: //a[.='LOGIN']
13:03:22 INFO  application.MyListener - The element --> By.xpath: //a[.='LOGIN'] was found
13:03:22 INFO  application.MyListener - Start find element by --> By.xpath: //input[@placeholder='Email']
13:03:22 INFO  application.MyListener - The element --> By.xpath: //input[@placeholder='Email'] was found
13:03:23 INFO  application.MyListener - Start find element by --> By.xpath: //input[@placeholder='Password']
13:03:23 INFO  application.MyListener - The element --> By.xpath: //input[@placeholder='Password'] was found
13:03:23 INFO  application.MyListener - Start find element by --> By.xpath: //button[.=' Login']
13:03:23 INFO  application.MyListener - The element --> By.xpath: //button[.=' Login'] was found
13:03:24 INFO  application.MyListener - Start find element by --> By.cssSelector: .contact-item_card__2SOIM
13:03:24 INFO  application.MyListener - The element --> By.cssSelector: .contact-item_card__2SOIM was found
13:03:24 INFO  application.MyListener - Start find element by --> By.cssSelector: .contact-item_card__2SOIM
13:03:24 INFO  application.MyListener - The element --> By.cssSelector: .contact-item_card__2SOIM was found
13:03:24 INFO  application.MyListener - Start find element by --> By.xpath: //button[.='Remove']
13:03:24 INFO  application.MyListener - The element --> By.xpath: //button[.='Remove'] was found
13:03:25 INFO  application.MyListener - Start find element by --> By.cssSelector: .contact-item_card__2SOIM
13:03:25 INFO  application.MyListener - The element --> By.cssSelector: .contact-item_card__2SOIM was found
13:03:25 INFO  application.MyListener - Start find element by --> By.cssSelector: .contact-item_card__2SOIM
13:03:25 INFO  application.MyListener - The element --> By.cssSelector: .contact-item_card__2SOIM was found
13:03:25 INFO  application.MyListener - Start find element by --> By.xpath: //button[.='Remove']
13:03:25 INFO  application.MyListener - The element --> By.xpath: //button[.='Remove'] was found
13:03:25 INFO  application.MyListener - Start find element by --> By.cssSelector: .contact-item_card__2SOIM
13:03:25 INFO  application.MyListener - The element --> By.cssSelector: .contact-item_card__2SOIM was found
13:03:25 INFO  application.MyListener - Start find element by --> By.cssSelector: .contact-item_card__2SOIM
13:03:25 INFO  application.MyListener - The element --> By.cssSelector: .contact-item_card__2SOIM was found
13:03:25 INFO  application.MyListener - Start find element by --> By.xpath: //button[.='Remove']
13:03:25 INFO  application.MyListener - The element --> By.xpath: //button[.='Remove'] was found
13:03:26 INFO  application.MyListener - Start find element by --> By.cssSelector: .contact-item_card__2SOIM
13:03:26 INFO  application.MyListener - The element --> By.cssSelector: .contact-item_card__2SOIM was found
13:03:26 INFO  application.MyListener - Start find element by --> By.cssSelector: .contact-item_card__2SOIM
13:03:26 INFO  application.MyListener - The element --> By.cssSelector: .contact-item_card__2SOIM was found
13:03:26 INFO  application.MyListener - Start find element by --> By.xpath: //button[.='Remove']
13:03:26 INFO  application.MyListener - The element --> By.xpath: //button[.='Remove'] was found
13:03:27 INFO  application.MyListener - Start find element by --> By.cssSelector: .contact-item_card__2SOIM
13:03:27 INFO  application.MyListener - The element --> By.cssSelector: .contact-item_card__2SOIM was found
13:03:27 INFO  application.MyListener - Start find element by --> By.cssSelector: .contact-item_card__2SOIM
13:03:27 INFO  application.MyListener - The element --> By.cssSelector: .contact-item_card__2SOIM was found
13:03:27 INFO  application.MyListener - Start find element by --> By.xpath: //button[.='Remove']
13:03:27 INFO  application.MyListener - The element --> By.xpath: //button[.='Remove'] was found
13:03:27 INFO  application.MyListener - Start find element by --> By.cssSelector: .contact-item_card__2SOIM
13:03:27 INFO  application.MyListener - The element --> By.cssSelector: .contact-item_card__2SOIM was found
13:03:27 INFO  application.MyListener - Start find element by --> By.cssSelector: .contact-item_card__2SOIM
13:03:27 INFO  application.MyListener - The element --> By.cssSelector: .contact-item_card__2SOIM was found
13:03:28 INFO  application.MyListener - Start find element by --> By.xpath: //button[.='Remove']
13:03:28 INFO  application.MyListener - The element --> By.xpath: //button[.='Remove'] was found
13:03:28 INFO  application.MyListener - Start find element by --> By.cssSelector: .contact-item_card__2SOIM
13:03:28 INFO  application.MyListener - The element --> By.cssSelector: .contact-item_card__2SOIM was found
13:03:28 INFO  application.MyListener - Start find element by --> By.cssSelector: .contact-item_card__2SOIM
13:03:28 INFO  application.MyListener - The element --> By.cssSelector: .contact-item_card__2SOIM was found
13:03:28 INFO  application.MyListener - Start find element by --> By.xpath: //button[.='Remove']
13:03:28 INFO  application.MyListener - The element --> By.xpath: //button[.='Remove'] was found
13:03:29 INFO  application.MyListener - Start find element by --> By.cssSelector: .contact-item_card__2SOIM
13:03:29 INFO  application.MyListener - The element --> By.cssSelector: .contact-item_card__2SOIM was found
13:03:29 INFO  application.MyListener - Start find element by --> By.cssSelector: .contact-item_card__2SOIM
13:03:29 INFO  application.MyListener - The element --> By.cssSelector: .contact-item_card__2SOIM was found
13:03:29 INFO  application.MyListener - Start find element by --> By.xpath: //button[.='Remove']
13:03:29 INFO  application.MyListener - The element --> By.xpath: //button[.='Remove'] was found
13:03:30 INFO  application.MyListener - Start find element by --> By.cssSelector: .contact-item_card__2SOIM
13:03:30 INFO  application.MyListener - The element --> By.cssSelector: .contact-item_card__2SOIM was found
13:03:30 INFO  application.MyListener - Start find element by --> By.cssSelector: .contact-item_card__2SOIM
13:03:30 INFO  application.MyListener - The element --> By.cssSelector: .contact-item_card__2SOIM was found
13:03:30 INFO  application.MyListener - Start find element by --> By.xpath: //button[.='Remove']
13:03:30 INFO  application.MyListener - The element --> By.xpath: //button[.='Remove'] was found
13:03:30 INFO  application.MyListener - Start find element by --> By.cssSelector: .contact-item_card__2SOIM
13:03:30 INFO  application.MyListener - The element --> By.cssSelector: .contact-item_card__2SOIM was found
13:03:30 INFO  application.MyListener - Start find element by --> By.cssSelector: .contact-item_card__2SOIM
13:03:30 INFO  application.MyListener - The element --> By.cssSelector: .contact-item_card__2SOIM was found
13:03:30 INFO  application.MyListener - Start find element by --> By.xpath: //button[.='Remove']
13:03:30 INFO  application.MyListener - The element --> By.xpath: //button[.='Remove'] was found
13:03:31 INFO  application.MyListener - Start find element by --> By.cssSelector: .contact-item_card__2SOIM
13:03:31 INFO  application.MyListener - The element --> By.cssSelector: .contact-item_card__2SOIM was found
13:03:31 INFO  application.MyListener - Start find element by --> By.cssSelector: .contact-item_card__2SOIM
13:03:31 INFO  application.MyListener - The element --> By.cssSelector: .contact-item_card__2SOIM was found
13:03:31 INFO  application.MyListener - Start find element by --> By.xpath: //button[.='Remove']
13:03:31 INFO  application.MyListener - The element --> By.xpath: //button[.='Remove'] was found
13:03:32 INFO  application.MyListener - Start find element by --> By.cssSelector: .contact-item_card__2SOIM
13:03:32 INFO  application.MyListener - The element --> By.cssSelector: .contact-item_card__2SOIM was found
13:03:32 INFO  tests.TestBase - End off method - removeAllContacts
13:03:32 INFO  tests.TestBase - ==================================
13:03:32 INFO  tests.TestBase - Start on method - removeOneContact
13:03:32 INFO  tests.TestBase - Start test with Data - []
13:03:32 INFO  application.MyListener - Start find element by --> By.xpath: //a[.='LOGIN']
13:03:35 INFO  application.MyListener - The element --> By.xpath: //a[.='LOGIN'] was found
13:03:35 INFO  application.MyListener - Start find element by --> By.cssSelector: .contact-item_card__2SOIM
13:03:35 INFO  application.MyListener - The element --> By.cssSelector: .contact-item_card__2SOIM was found
13:03:35 INFO  application.MyListener - Start find element by --> By.xpath: //button[.='Remove']
13:03:35 INFO  application.MyListener - The element --> By.xpath: //button[.='Remove'] was found
13:03:35 INFO  tests.TestBase - End off method - removeOneContact
13:03:35 INFO  tests.TestBase - ==================================
13:03:35 INFO  tests.TestBase - Start on method - smokeTest
13:03:35 INFO  tests.TestBase - Start test with Data - []
13:03:37 INFO  tests.TestBase - End off method - smokeTest
