20:24:28 INFO  application.ApplicationManager - Start browser CHROME
20:24:29 INFO  tests.TestBase - ==================================
20:24:29 INFO  tests.TestBase - Start on method - smokeTest
20:24:29 INFO  tests.TestBase - Start test with Data - []
20:24:31 INFO  tests.TestBase - End off method - smokeTest
20:24:31 INFO  tests.TestBase - ==================================
20:24:31 INFO  tests.TestBase - Start on method - smokeTest
20:24:31 INFO  tests.TestBase - Start test with Data - []
20:24:31 INFO  tests.TestBase - End off method - smokeTest
20:24:31 INFO  tests.TestBase - ==================================
20:24:31 INFO  tests.TestBase - Start on method - loginNegativeTestWithWrongPassword
20:24:31 INFO  tests.TestBase - Start test with Data - []
20:24:31 INFO  application.MyListener - Start find element by --> By.xpath: //a[.='LOGIN']
20:24:31 INFO  application.MyListener - The element --> By.xpath: //a[.='LOGIN'] was found
20:24:31 INFO  application.MyListener - Start find element by --> By.xpath: //a[.='LOGIN']
20:24:31 INFO  application.MyListener - The element --> By.xpath: //a[.='LOGIN'] was found
20:24:31 INFO  application.MyListener - Start find element by --> By.xpath: //a[.='LOGIN']
20:24:31 INFO  application.MyListener - The element --> By.xpath: //a[.='LOGIN'] was found
20:24:32 INFO  application.MyListener - Start find element by --> By.xpath: //input[@placeholder='Email']
20:24:32 INFO  application.MyListener - The element --> By.xpath: //input[@placeholder='Email'] was found
20:24:32 INFO  application.MyListener - Start find element by --> By.xpath: //input[@placeholder='Password']
20:24:32 INFO  application.MyListener - The element --> By.xpath: //input[@placeholder='Password'] was found
20:24:32 INFO  application.MyListener - Start find element by --> By.xpath: //button[.=' Login']
20:24:32 INFO  application.MyListener - The element --> By.xpath: //button[.=' Login'] was found
20:24:33 INFO  application.MyListener - Start find element by --> By.xpath: //a[.='LOGIN']
20:24:33 INFO  application.MyListener - The element --> By.xpath: //a[.='LOGIN'] was found
20:24:33 INFO  tests.TestBase - End off method - loginNegativeTestWithWrongPassword
20:24:33 INFO  tests.TestBase - ==================================
20:24:33 INFO  tests.TestBase - Start on method - loginPositive
20:24:33 INFO  tests.TestBase - Start test with Data - []
20:24:33 INFO  application.MyListener - Start find element by --> By.xpath: //a[.='LOGIN']
20:24:33 INFO  application.MyListener - The element --> By.xpath: //a[.='LOGIN'] was found
20:24:33 INFO  application.MyListener - Start find element by --> By.xpath: //a[.='LOGIN']
20:24:33 INFO  application.MyListener - The element --> By.xpath: //a[.='LOGIN'] was found
20:24:33 INFO  application.MyListener - Start find element by --> By.xpath: //a[.='LOGIN']
20:24:33 INFO  application.MyListener - The element --> By.xpath: //a[.='LOGIN'] was found
20:24:33 INFO  application.MyListener - Start find element by --> By.xpath: //input[@placeholder='Email']
20:24:33 INFO  application.MyListener - The element --> By.xpath: //input[@placeholder='Email'] was found
20:24:34 INFO  application.MyListener - Start find element by --> By.xpath: //input[@placeholder='Password']
20:24:34 INFO  application.MyListener - The element --> By.xpath: //input[@placeholder='Password'] was found
20:24:34 INFO  application.MyListener - Start find element by --> By.xpath: //button[.=' Login']
20:24:34 INFO  application.MyListener - The element --> By.xpath: //button[.=' Login'] was found
20:24:34 INFO  application.MyListener - Start find element by --> By.xpath: //a[.='ADD']
20:24:34 INFO  application.MyListener - The element --> By.xpath: //a[.='ADD'] was found
20:24:34 INFO  application.MyListener - Start find element by --> By.xpath: //button[.='Sign Out']
20:24:34 INFO  application.MyListener - The element --> By.xpath: //button[.='Sign Out'] was found
20:24:34 INFO  tests.TestBase - End off method - loginPositive
20:24:34 INFO  tests.TestBase - ==================================
20:24:34 INFO  tests.TestBase - Start on method - loginPositiveDto
20:24:34 INFO  tests.TestBase - Start test with Data - []
20:24:34 INFO  application.MyListener - Start find element by --> By.xpath: //a[.='LOGIN']
20:24:34 INFO  application.MyListener - The element --> By.xpath: //a[.='LOGIN'] was found
20:24:34 INFO  application.MyListener - Start find element by --> By.xpath: //a[.='LOGIN']
20:24:34 INFO  application.MyListener - The element --> By.xpath: //a[.='LOGIN'] was found
20:24:34 INFO  application.MyListener - Start find element by --> By.xpath: //a[.='LOGIN']
20:24:34 INFO  application.MyListener - The element --> By.xpath: //a[.='LOGIN'] was found
20:24:34 INFO  application.MyListener - Start find element by --> By.xpath: //input[@placeholder='Email']
20:24:34 INFO  application.MyListener - The element --> By.xpath: //input[@placeholder='Email'] was found
20:24:35 INFO  application.MyListener - Start find element by --> By.xpath: //input[@placeholder='Password']
20:24:35 INFO  application.MyListener - The element --> By.xpath: //input[@placeholder='Password'] was found
20:24:35 INFO  application.MyListener - Start find element by --> By.xpath: //button[.=' Login']
20:24:35 INFO  application.MyListener - The element --> By.xpath: //button[.=' Login'] was found
20:24:35 INFO  application.MyListener - Start find element by --> By.xpath: //button[.='Sign Out']
20:24:35 INFO  application.MyListener - The element --> By.xpath: //button[.='Sign Out'] was found
20:24:35 INFO  tests.TestBase - End off method - loginPositiveDto
20:24:35 INFO  tests.TestBase - ==================================
20:24:35 INFO  tests.TestBase - Start on method - loginTestBase
20:24:35 INFO  tests.TestBase - Start test with Data - []
20:24:35 INFO  application.MyListener - Start find element by --> By.xpath: //a[.='LOGIN']
20:24:35 INFO  application.MyListener - The element --> By.xpath: //a[.='LOGIN'] was found
20:24:35 INFO  application.MyListener - Start find element by --> By.xpath: //a[.='LOGIN']
20:24:35 INFO  application.MyListener - The element --> By.xpath: //a[.='LOGIN'] was found
20:24:35 INFO  application.MyListener - Start find element by --> By.xpath: //a[.='LOGIN']
20:24:35 INFO  application.MyListener - The element --> By.xpath: //a[.='LOGIN'] was found
20:24:36 INFO  application.MyListener - Start find element by --> By.xpath: //input[@placeholder='Email']
20:24:36 INFO  application.MyListener - The element --> By.xpath: //input[@placeholder='Email'] was found
20:24:37 INFO  application.MyListener - Start find element by --> By.xpath: //input[@placeholder='Password']
20:24:37 INFO  application.MyListener - The element --> By.xpath: //input[@placeholder='Password'] was found
20:24:37 INFO  application.MyListener - Start find element by --> By.xpath: //button[.=' Login']
20:24:37 INFO  application.MyListener - The element --> By.xpath: //button[.=' Login'] was found
20:24:37 INFO  application.MyListener - Start find element by --> By.xpath: //a[.='LOGIN']
20:24:37 INFO  application.MyListener - The element --> By.xpath: //a[.='LOGIN'] was found
20:24:37 INFO  tests.TestBase - End off method - loginTestBase
20:24:37 INFO  tests.TestBase - ==================================
20:24:37 INFO  tests.TestBase - Start on method - loginTestDP_CSV
20:24:37 INFO  tests.TestBase - Start test with Data - [User{email='skelon+4@bk.ru', password='Qwerty$4'}]
20:24:37 INFO  application.MyListener - Start find element by --> By.xpath: //a[.='LOGIN']
20:24:37 INFO  application.MyListener - The element --> By.xpath: //a[.='LOGIN'] was found
20:24:38 INFO  application.MyListener - Start find element by --> By.xpath: //a[.='LOGIN']
20:24:41 INFO  application.MyListener - The element --> By.xpath: //a[.='LOGIN'] was found
20:24:41 INFO  application.MyListener - Start find element by --> By.xpath: //button[.='Sign Out']
20:24:41 INFO  application.MyListener - The element --> By.xpath: //button[.='Sign Out'] was found
20:24:41 INFO  application.MyListener - Start find element by --> By.xpath: //a[.='LOGIN']
20:24:41 INFO  application.MyListener - The element --> By.xpath: //a[.='LOGIN'] was found
20:24:41 INFO  application.MyListener - Start find element by --> By.xpath: //input[@placeholder='Email']
20:24:41 INFO  application.MyListener - The element --> By.xpath: //input[@placeholder='Email'] was found
20:24:42 INFO  application.MyListener - Start find element by --> By.xpath: //input[@placeholder='Password']
20:24:42 INFO  application.MyListener - The element --> By.xpath: //input[@placeholder='Password'] was found
20:24:42 INFO  application.MyListener - Start find element by --> By.xpath: //button[.=' Login']
20:24:42 INFO  application.MyListener - The element --> By.xpath: //button[.=' Login'] was found
20:24:42 INFO  application.MyListener - Start find element by --> By.xpath: //button[.='Sign Out']
20:24:42 INFO  application.MyListener - The element --> By.xpath: //button[.='Sign Out'] was found
20:24:42 INFO  application.MyListener - Start find element by --> By.xpath: //a[.='LOGIN']
20:24:42 INFO  application.MyListener - The element --> By.xpath: //a[.='LOGIN'] was found
20:24:42 INFO  tests.TestBase - End off method - loginTestDP_CSV
20:24:42 INFO  tests.TestBase - ==================================
20:24:42 INFO  tests.TestBase - Start on method - loginTestDP_CSV
20:24:42 INFO  tests.TestBase - Start test with Data - [User{email='skelon+11@bk.ru', password='Qwerty$4'}]
20:24:42 INFO  application.MyListener - Start find element by --> By.xpath: //a[.='LOGIN']
20:24:42 INFO  application.MyListener - The element --> By.xpath: //a[.='LOGIN'] was found
20:24:43 INFO  application.MyListener - Start find element by --> By.xpath: //a[.='LOGIN']
20:24:43 INFO  application.MyListener - The element --> By.xpath: //a[.='LOGIN'] was found
20:24:43 INFO  application.MyListener - Start find element by --> By.xpath: //a[.='LOGIN']
20:24:43 INFO  application.MyListener - The element --> By.xpath: //a[.='LOGIN'] was found
20:24:43 INFO  application.MyListener - Start find element by --> By.xpath: //input[@placeholder='Email']
20:24:43 INFO  application.MyListener - The element --> By.xpath: //input[@placeholder='Email'] was found
20:24:43 INFO  application.MyListener - Start find element by --> By.xpath: //input[@placeholder='Password']
20:24:44 INFO  application.MyListener - The element --> By.xpath: //input[@placeholder='Password'] was found
20:24:44 INFO  application.MyListener - Start find element by --> By.xpath: //button[.=' Login']
20:24:44 INFO  application.MyListener - The element --> By.xpath: //button[.=' Login'] was found
20:24:44 INFO  application.MyListener - Start find element by --> By.xpath: //button[.='Sign Out']
20:24:44 INFO  application.MyListener - The element --> By.xpath: //button[.='Sign Out'] was found
20:24:44 INFO  application.MyListener - Start find element by --> By.xpath: //a[.='LOGIN']
20:24:44 INFO  application.MyListener - The element --> By.xpath: //a[.='LOGIN'] was found
20:24:44 INFO  tests.TestBase - End off method - loginTestDP_CSV
20:24:44 INFO  tests.TestBase - ==================================
20:24:44 INFO  tests.TestBase - Start on method - loginTestDP_CSV
20:24:44 INFO  tests.TestBase - Start test with Data - [User{email='skelon+10@bk.ru', password='Qwerty$4'}]
20:24:44 INFO  application.MyListener - Start find element by --> By.xpath: //a[.='LOGIN']
20:24:44 INFO  application.MyListener - The element --> By.xpath: //a[.='LOGIN'] was found
20:24:45 INFO  application.MyListener - Start find element by --> By.xpath: //a[.='LOGIN']
20:24:45 INFO  application.MyListener - The element --> By.xpath: //a[.='LOGIN'] was found
20:24:45 INFO  application.MyListener - Start find element by --> By.xpath: //a[.='LOGIN']
20:24:45 INFO  application.MyListener - The element --> By.xpath: //a[.='LOGIN'] was found
20:24:45 INFO  application.MyListener - Start find element by --> By.xpath: //input[@placeholder='Email']
20:24:45 INFO  application.MyListener - The element --> By.xpath: //input[@placeholder='Email'] was found
20:24:45 INFO  application.MyListener - Start find element by --> By.xpath: //input[@placeholder='Password']
20:24:45 INFO  application.MyListener - The element --> By.xpath: //input[@placeholder='Password'] was found
20:24:46 INFO  application.MyListener - Start find element by --> By.xpath: //button[.=' Login']
20:24:46 INFO  application.MyListener - The element --> By.xpath: //button[.=' Login'] was found
20:24:46 INFO  application.MyListener - Start find element by --> By.xpath: //button[.='Sign Out']
20:24:46 INFO  application.MyListener - The element --> By.xpath: //button[.='Sign Out'] was found
20:24:46 INFO  application.MyListener - Start find element by --> By.xpath: //a[.='LOGIN']
20:24:46 INFO  application.MyListener - The element --> By.xpath: //a[.='LOGIN'] was found
20:24:46 INFO  tests.TestBase - End off method - loginTestDP_CSV
20:24:46 INFO  tests.TestBase - ==================================
20:24:46 INFO  tests.TestBase - Start on method - loginTestDataProvider
20:24:46 INFO  tests.TestBase - Start test with Data - [skelon+4@bk.ru, Qwerty$4]
20:24:46 INFO  application.MyListener - Start find element by --> By.xpath: //a[.='LOGIN']
20:24:46 INFO  application.MyListener - The element --> By.xpath: //a[.='LOGIN'] was found
20:24:46 INFO  application.MyListener - Start find element by --> By.xpath: //a[.='LOGIN']
20:24:46 INFO  application.MyListener - The element --> By.xpath: //a[.='LOGIN'] was found
20:24:46 INFO  application.MyListener - Start find element by --> By.xpath: //a[.='LOGIN']
20:24:46 INFO  application.MyListener - The element --> By.xpath: //a[.='LOGIN'] was found
20:24:46 INFO  application.MyListener - Start find element by --> By.xpath: //input[@placeholder='Email']
20:24:46 INFO  application.MyListener - The element --> By.xpath: //input[@placeholder='Email'] was found
20:24:46 INFO  application.MyListener - Start find element by --> By.xpath: //input[@placeholder='Password']
20:24:46 INFO  application.MyListener - The element --> By.xpath: //input[@placeholder='Password'] was found
20:24:46 INFO  application.MyListener - Start find element by --> By.xpath: //button[.=' Login']
20:24:46 INFO  application.MyListener - The element --> By.xpath: //button[.=' Login'] was found
20:24:47 INFO  application.MyListener - Start find element by --> By.xpath: //a[.='LOGIN']
20:24:47 INFO  application.MyListener - The element --> By.xpath: //a[.='LOGIN'] was found
20:24:47 INFO  application.MyListener - Start find element by --> By.xpath: //button[.='Sign Out']
20:24:47 INFO  application.MyListener - The element --> By.xpath: //button[.='Sign Out'] was found
20:24:47 INFO  tests.TestBase - End off method - loginTestDataProvider
20:24:47 INFO  tests.TestBase - ==================================
20:24:47 INFO  tests.TestBase - Start on method - loginTestDataProvider
20:24:47 INFO  tests.TestBase - Start test with Data - [skelon+11@bk.ru, Qwerty$4]
20:24:47 INFO  application.MyListener - Start find element by --> By.xpath: //a[.='LOGIN']
20:24:47 INFO  application.MyListener - The element --> By.xpath: //a[.='LOGIN'] was found
20:24:47 INFO  application.MyListener - Start find element by --> By.xpath: //a[.='LOGIN']
20:24:47 INFO  application.MyListener - The element --> By.xpath: //a[.='LOGIN'] was found
20:24:47 INFO  application.MyListener - Start find element by --> By.xpath: //a[.='LOGIN']
20:24:47 INFO  application.MyListener - The element --> By.xpath: //a[.='LOGIN'] was found
20:24:47 INFO  application.MyListener - Start find element by --> By.xpath: //input[@placeholder='Email']
20:24:47 INFO  application.MyListener - The element --> By.xpath: //input[@placeholder='Email'] was found
20:24:47 INFO  application.MyListener - Start find element by --> By.xpath: //input[@placeholder='Password']
20:24:47 INFO  application.MyListener - The element --> By.xpath: //input[@placeholder='Password'] was found
20:24:47 INFO  application.MyListener - Start find element by --> By.xpath: //button[.=' Login']
20:24:47 INFO  application.MyListener - The element --> By.xpath: //button[.=' Login'] was found
20:24:47 INFO  application.MyListener - Start find element by --> By.xpath: //a[.='LOGIN']
20:24:47 INFO  application.MyListener - The element --> By.xpath: //a[.='LOGIN'] was found
20:24:47 INFO  application.MyListener - Start find element by --> By.xpath: //button[.='Sign Out']
20:24:47 INFO  application.MyListener - The element --> By.xpath: //button[.='Sign Out'] was found
20:24:48 INFO  tests.TestBase - End off method - loginTestDataProvider
20:24:48 INFO  tests.TestBase - ==================================
20:24:48 INFO  tests.TestBase - Start on method - loginTestDataProvider
20:24:48 INFO  tests.TestBase - Start test with Data - [skelon+10@bk.ru, Qwerty$4]
20:24:48 INFO  application.MyListener - Start find element by --> By.xpath: //a[.='LOGIN']
20:24:48 INFO  application.MyListener - The element --> By.xpath: //a[.='LOGIN'] was found
20:24:48 INFO  application.MyListener - Start find element by --> By.xpath: //a[.='LOGIN']
20:24:48 INFO  application.MyListener - The element --> By.xpath: //a[.='LOGIN'] was found
20:24:48 INFO  application.MyListener - Start find element by --> By.xpath: //a[.='LOGIN']
20:24:48 INFO  application.MyListener - The element --> By.xpath: //a[.='LOGIN'] was found
20:24:48 INFO  application.MyListener - Start find element by --> By.xpath: //input[@placeholder='Email']
20:24:48 INFO  application.MyListener - The element --> By.xpath: //input[@placeholder='Email'] was found
20:24:48 INFO  application.MyListener - Start find element by --> By.xpath: //input[@placeholder='Password']
20:24:48 INFO  application.MyListener - The element --> By.xpath: //input[@placeholder='Password'] was found
20:24:48 INFO  application.MyListener - Start find element by --> By.xpath: //button[.=' Login']
20:24:48 INFO  application.MyListener - The element --> By.xpath: //button[.=' Login'] was found
20:24:48 INFO  application.MyListener - Start find element by --> By.xpath: //a[.='LOGIN']
20:24:48 INFO  application.MyListener - The element --> By.xpath: //a[.='LOGIN'] was found
20:24:48 INFO  application.MyListener - Start find element by --> By.xpath: //button[.='Sign Out']
20:24:48 INFO  application.MyListener - The element --> By.xpath: //button[.='Sign Out'] was found
20:24:48 INFO  tests.TestBase - End off method - loginTestDataProvider
20:24:48 INFO  tests.TestBase - ==================================
20:24:48 INFO  tests.TestBase - Start on method - loginTestDataProviderClass
20:24:48 INFO  tests.TestBase - Start test with Data - [skelon+4@bk.ru, Qwerty$4]
20:24:48 INFO  application.MyListener - Start find element by --> By.xpath: //a[.='LOGIN']
20:24:48 INFO  application.MyListener - The element --> By.xpath: //a[.='LOGIN'] was found
20:24:48 INFO  application.MyListener - Start find element by --> By.xpath: //a[.='LOGIN']
20:24:48 INFO  application.MyListener - The element --> By.xpath: //a[.='LOGIN'] was found
20:24:48 INFO  application.MyListener - Start find element by --> By.xpath: //a[.='LOGIN']
20:24:48 INFO  application.MyListener - The element --> By.xpath: //a[.='LOGIN'] was found
20:24:49 INFO  application.MyListener - Start find element by --> By.xpath: //input[@placeholder='Email']
20:24:49 INFO  application.MyListener - The element --> By.xpath: //input[@placeholder='Email'] was found
20:24:49 INFO  application.MyListener - Start find element by --> By.xpath: //input[@placeholder='Password']
20:24:49 INFO  application.MyListener - The element --> By.xpath: //input[@placeholder='Password'] was found
20:24:49 INFO  application.MyListener - Start find element by --> By.xpath: //button[.=' Login']
20:24:49 INFO  application.MyListener - The element --> By.xpath: //button[.=' Login'] was found
20:24:49 INFO  application.MyListener - Start find element by --> By.xpath: //a[.='LOGIN']
20:24:49 INFO  application.MyListener - The element --> By.xpath: //a[.='LOGIN'] was found
20:24:49 INFO  application.MyListener - Start find element by --> By.xpath: //button[.='Sign Out']
20:24:49 INFO  application.MyListener - The element --> By.xpath: //button[.='Sign Out'] was found
20:24:50 INFO  tests.TestBase - End off method - loginTestDataProviderClass
20:24:50 INFO  tests.TestBase - ==================================
20:24:50 INFO  tests.TestBase - Start on method - loginTestDataProviderClass
20:24:50 INFO  tests.TestBase - Start test with Data - [skelon+11@bk.ru, Qwerty$4]
20:24:50 INFO  application.MyListener - Start find element by --> By.xpath: //a[.='LOGIN']
20:24:50 INFO  application.MyListener - The element --> By.xpath: //a[.='LOGIN'] was found
20:24:50 INFO  application.MyListener - Start find element by --> By.xpath: //a[.='LOGIN']
20:24:50 INFO  application.MyListener - The element --> By.xpath: //a[.='LOGIN'] was found
20:24:50 INFO  application.MyListener - Start find element by --> By.xpath: //a[.='LOGIN']
20:24:50 INFO  application.MyListener - The element --> By.xpath: //a[.='LOGIN'] was found
20:24:50 INFO  application.MyListener - Start find element by --> By.xpath: //input[@placeholder='Email']
20:24:50 INFO  application.MyListener - The element --> By.xpath: //input[@placeholder='Email'] was found
20:24:51 INFO  application.MyListener - Start find element by --> By.xpath: //input[@placeholder='Password']
20:24:51 INFO  application.MyListener - The element --> By.xpath: //input[@placeholder='Password'] was found
20:24:51 INFO  application.MyListener - Start find element by --> By.xpath: //button[.=' Login']
20:24:51 INFO  application.MyListener - The element --> By.xpath: //button[.=' Login'] was found
20:24:51 INFO  application.MyListener - Start find element by --> By.xpath: //a[.='LOGIN']
20:24:51 INFO  application.MyListener - The element --> By.xpath: //a[.='LOGIN'] was found
20:24:51 INFO  application.MyListener - Start find element by --> By.xpath: //button[.='Sign Out']
20:24:51 INFO  application.MyListener - The element --> By.xpath: //button[.='Sign Out'] was found
20:24:52 INFO  tests.TestBase - End off method - loginTestDataProviderClass
20:24:52 INFO  tests.TestBase - ==================================
20:24:52 INFO  tests.TestBase - Start on method - loginTestDataProviderClass
20:24:52 INFO  tests.TestBase - Start test with Data - [skelon+10@bk.ru, Qwerty$4]
20:24:52 INFO  application.MyListener - Start find element by --> By.xpath: //a[.='LOGIN']
20:24:52 INFO  application.MyListener - The element --> By.xpath: //a[.='LOGIN'] was found
20:24:52 INFO  application.MyListener - Start find element by --> By.xpath: //a[.='LOGIN']
20:24:52 INFO  application.MyListener - The element --> By.xpath: //a[.='LOGIN'] was found
20:24:52 INFO  application.MyListener - Start find element by --> By.xpath: //a[.='LOGIN']
20:24:52 INFO  application.MyListener - The element --> By.xpath: //a[.='LOGIN'] was found
20:24:52 INFO  application.MyListener - Start find element by --> By.xpath: //input[@placeholder='Email']
20:24:52 INFO  application.MyListener - The element --> By.xpath: //input[@placeholder='Email'] was found
20:24:52 INFO  application.MyListener - Start find element by --> By.xpath: //input[@placeholder='Password']
20:24:52 INFO  application.MyListener - The element --> By.xpath: //input[@placeholder='Password'] was found
20:24:53 INFO  application.MyListener - Start find element by --> By.xpath: //button[.=' Login']
20:24:53 INFO  application.MyListener - The element --> By.xpath: //button[.=' Login'] was found
20:24:53 INFO  application.MyListener - Start find element by --> By.xpath: //a[.='LOGIN']
20:24:53 INFO  application.MyListener - The element --> By.xpath: //a[.='LOGIN'] was found
20:24:53 INFO  application.MyListener - Start find element by --> By.xpath: //button[.='Sign Out']
20:24:53 INFO  application.MyListener - The element --> By.xpath: //button[.='Sign Out'] was found
20:24:54 INFO  tests.TestBase - End off method - loginTestDataProviderClass
20:24:54 INFO  tests.TestBase - ==================================
20:24:54 INFO  tests.TestBase - Start on method - addContactTestBase
20:24:54 INFO  tests.TestBase - Start test with Data - []
20:24:54 INFO  application.MyListener - Start find element by --> By.xpath: //a[.='LOGIN']
20:24:54 INFO  application.MyListener - The element --> By.xpath: //a[.='LOGIN'] was found
20:24:54 INFO  application.MyListener - Start find element by --> By.xpath: //a[.='LOGIN']
20:24:54 INFO  application.MyListener - The element --> By.xpath: //a[.='LOGIN'] was found
20:24:54 INFO  application.MyListener - Start find element by --> By.xpath: //a[.='LOGIN']
20:24:54 INFO  application.MyListener - The element --> By.xpath: //a[.='LOGIN'] was found
20:24:54 INFO  application.MyListener - Start find element by --> By.xpath: //input[@placeholder='Email']
20:24:54 INFO  application.MyListener - The element --> By.xpath: //input[@placeholder='Email'] was found
20:24:54 INFO  application.MyListener - Start find element by --> By.xpath: //input[@placeholder='Password']
20:24:54 INFO  application.MyListener - The element --> By.xpath: //input[@placeholder='Password'] was found
20:24:54 INFO  application.MyListener - Start find element by --> By.xpath: //button[.=' Login']
20:24:54 INFO  application.MyListener - The element --> By.xpath: //button[.=' Login'] was found
20:24:56 INFO  application.MyListener - Start find element by --> By.xpath: //a[.='ADD']
20:24:56 INFO  application.MyListener - The element --> By.xpath: //a[.='ADD'] was found
20:24:56 INFO  application.MyListener - Start find element by --> By.cssSelector: input[placeholder='Name']
20:24:56 INFO  application.MyListener - The element --> By.cssSelector: input[placeholder='Name'] was found
20:24:56 INFO  application.MyListener - Start find element by --> By.cssSelector: input[placeholder='Last Name']
20:24:56 INFO  application.MyListener - The element --> By.cssSelector: input[placeholder='Last Name'] was found
20:24:56 INFO  application.MyListener - Start find element by --> By.cssSelector: input[placeholder='Phone']
20:24:56 INFO  application.MyListener - The element --> By.cssSelector: input[placeholder='Phone'] was found
20:24:56 INFO  application.MyListener - Start find element by --> By.cssSelector: input[placeholder='email']
20:24:56 INFO  application.MyListener - The element --> By.cssSelector: input[placeholder='email'] was found
20:24:57 INFO  application.MyListener - Start find element by --> By.cssSelector: input[placeholder='Address']
20:24:57 INFO  application.MyListener - The element --> By.cssSelector: input[placeholder='Address'] was found
20:24:57 INFO  application.MyListener - Start find element by --> By.cssSelector: input[placeholder='description']
20:24:57 INFO  application.MyListener - The element --> By.cssSelector: input[placeholder='description'] was found
20:24:57 INFO  tests.TestBase - End off method - addContactTestBase
20:24:57 INFO  tests.TestBase - ==================================
20:24:57 INFO  tests.TestBase - Start on method - addContactTestBase
20:24:57 INFO  tests.TestBase - Start test with Data - []
20:24:57 INFO  application.MyListener - Start find element by --> By.xpath: //a[.='LOGIN']
20:25:00 INFO  application.MyListener - The element --> By.xpath: //a[.='LOGIN'] was found
20:25:00 INFO  application.MyListener - Start find element by --> By.xpath: //a[.='ADD']
20:25:00 INFO  application.MyListener - The element --> By.xpath: //a[.='ADD'] was found
20:25:00 INFO  application.MyListener - Start find element by --> By.cssSelector: input[placeholder='Name']
20:25:00 INFO  application.MyListener - The element --> By.cssSelector: input[placeholder='Name'] was found
20:25:00 INFO  application.MyListener - Start find element by --> By.cssSelector: input[placeholder='Last Name']
20:25:00 INFO  application.MyListener - The element --> By.cssSelector: input[placeholder='Last Name'] was found
20:25:01 INFO  application.MyListener - Start find element by --> By.cssSelector: input[placeholder='Phone']
20:25:01 INFO  application.MyListener - The element --> By.cssSelector: input[placeholder='Phone'] was found
20:25:01 INFO  application.MyListener - Start find element by --> By.cssSelector: input[placeholder='email']
20:25:01 INFO  application.MyListener - The element --> By.cssSelector: input[placeholder='email'] was found
20:25:01 INFO  application.MyListener - Start find element by --> By.cssSelector: input[placeholder='Address']
20:25:01 INFO  application.MyListener - The element --> By.cssSelector: input[placeholder='Address'] was found
20:25:01 INFO  application.MyListener - Start find element by --> By.cssSelector: input[placeholder='description']
20:25:01 INFO  application.MyListener - The element --> By.cssSelector: input[placeholder='description'] was found
20:25:01 INFO  tests.TestBase - End off method - addContactTestBase
20:25:01 INFO  tests.TestBase - ==================================
20:25:01 INFO  tests.TestBase - Start on method - addContactTestBase
20:25:01 INFO  tests.TestBase - Start test with Data - []
20:25:01 INFO  application.MyListener - Start find element by --> By.xpath: //a[.='LOGIN']
20:25:04 INFO  application.MyListener - The element --> By.xpath: //a[.='LOGIN'] was found
20:25:04 INFO  application.MyListener - Start find element by --> By.xpath: //a[.='ADD']
20:25:05 INFO  application.MyListener - The element --> By.xpath: //a[.='ADD'] was found
20:25:05 INFO  application.MyListener - Start find element by --> By.cssSelector: input[placeholder='Name']
20:25:05 INFO  application.MyListener - The element --> By.cssSelector: input[placeholder='Name'] was found
20:25:05 INFO  application.MyListener - Start find element by --> By.cssSelector: input[placeholder='Last Name']
20:25:05 INFO  application.MyListener - The element --> By.cssSelector: input[placeholder='Last Name'] was found
20:25:05 INFO  application.MyListener - Start find element by --> By.cssSelector: input[placeholder='Phone']
20:25:05 INFO  application.MyListener - The element --> By.cssSelector: input[placeholder='Phone'] was found
20:25:05 INFO  application.MyListener - Start find element by --> By.cssSelector: input[placeholder='email']
20:25:05 INFO  application.MyListener - The element --> By.cssSelector: input[placeholder='email'] was found
20:25:05 INFO  application.MyListener - Start find element by --> By.cssSelector: input[placeholder='Address']
20:25:05 INFO  application.MyListener - The element --> By.cssSelector: input[placeholder='Address'] was found
20:25:06 INFO  application.MyListener - Start find element by --> By.cssSelector: input[placeholder='description']
20:25:06 INFO  application.MyListener - The element --> By.cssSelector: input[placeholder='description'] was found
20:25:06 INFO  tests.TestBase - End off method - addContactTestBase
20:25:06 INFO  tests.TestBase - ==================================
20:25:06 INFO  tests.TestBase - Start on method - addContactTestCSV
20:25:06 INFO  tests.TestBase - Start test with Data - [Contact(name=Masha, lastName=Qwerty, email=kselon01@bk.ru, phone=1234511678, address=Haifa, description=friend)]
20:25:06 INFO  application.MyListener - Start find element by --> By.xpath: //a[.='LOGIN']
20:25:09 INFO  application.MyListener - The element --> By.xpath: //a[.='LOGIN'] was found
20:25:09 INFO  application.MyListener - Start find element by --> By.xpath: //a[.='ADD']
20:25:09 INFO  application.MyListener - The element --> By.xpath: //a[.='ADD'] was found
20:25:09 INFO  application.MyListener - Start find element by --> By.cssSelector: input[placeholder='Name']
20:25:09 INFO  application.MyListener - The element --> By.cssSelector: input[placeholder='Name'] was found
20:25:09 INFO  application.MyListener - Start find element by --> By.cssSelector: input[placeholder='Last Name']
20:25:09 INFO  application.MyListener - The element --> By.cssSelector: input[placeholder='Last Name'] was found
20:25:10 INFO  application.MyListener - Start find element by --> By.cssSelector: input[placeholder='Phone']
20:25:10 INFO  application.MyListener - The element --> By.cssSelector: input[placeholder='Phone'] was found
20:25:10 INFO  application.MyListener - Start find element by --> By.cssSelector: input[placeholder='email']
20:25:10 INFO  application.MyListener - The element --> By.cssSelector: input[placeholder='email'] was found
20:25:10 INFO  application.MyListener - Start find element by --> By.cssSelector: input[placeholder='Address']
20:25:10 INFO  application.MyListener - The element --> By.cssSelector: input[placeholder='Address'] was found
20:25:10 INFO  application.MyListener - Start find element by --> By.cssSelector: input[placeholder='description']
20:25:10 INFO  application.MyListener - The element --> By.cssSelector: input[placeholder='description'] was found
20:25:10 INFO  application.MyListener - Start find element by --> By.xpath: //h3
20:25:13 INFO  application.MyListener - The element --> By.xpath: //h3 was found
20:25:13 INFO  tests.TestBase - End off method - addContactTestCSV
20:25:13 INFO  tests.TestBase - ==================================
20:25:13 INFO  tests.TestBase - Start on method - addContactTestCSV
20:25:13 INFO  tests.TestBase - Start test with Data - [Contact(name=Sasha, lastName=Asdfgh, email=kselon02@bk.ru, phone=9874115632, address=Haifa, description=friend)]
20:25:13 INFO  application.MyListener - Start find element by --> By.xpath: //a[.='LOGIN']
20:25:16 INFO  application.MyListener - The element --> By.xpath: //a[.='LOGIN'] was found
20:25:16 INFO  application.MyListener - Start find element by --> By.xpath: //a[.='ADD']
20:25:16 INFO  application.MyListener - The element --> By.xpath: //a[.='ADD'] was found
20:25:16 INFO  application.MyListener - Start find element by --> By.cssSelector: input[placeholder='Name']
20:25:16 INFO  application.MyListener - The element --> By.cssSelector: input[placeholder='Name'] was found
20:25:17 INFO  application.MyListener - Start find element by --> By.cssSelector: input[placeholder='Last Name']
20:25:17 INFO  application.MyListener - The element --> By.cssSelector: input[placeholder='Last Name'] was found
20:25:17 INFO  application.MyListener - Start find element by --> By.cssSelector: input[placeholder='Phone']
20:25:17 INFO  application.MyListener - The element --> By.cssSelector: input[placeholder='Phone'] was found
20:25:17 INFO  application.MyListener - Start find element by --> By.cssSelector: input[placeholder='email']
20:25:17 INFO  application.MyListener - The element --> By.cssSelector: input[placeholder='email'] was found
20:25:17 INFO  application.MyListener - Start find element by --> By.cssSelector: input[placeholder='Address']
20:25:17 INFO  application.MyListener - The element --> By.cssSelector: input[placeholder='Address'] was found
20:25:17 INFO  application.MyListener - Start find element by --> By.cssSelector: input[placeholder='description']
20:25:17 INFO  application.MyListener - The element --> By.cssSelector: input[placeholder='description'] was found
20:25:17 INFO  application.MyListener - Start find element by --> By.xpath: //h3
20:25:21 INFO  application.MyListener - The element --> By.xpath: //h3 was found
20:25:21 INFO  tests.TestBase - End off method - addContactTestCSV
20:25:21 INFO  tests.TestBase - ==================================
20:25:21 INFO  tests.TestBase - Start on method - addContactTestCSV
20:25:21 INFO  tests.TestBase - Start test with Data - [Contact(name=Mosha, lastName=wrnaertn, email=kselon03@bk.ru, phone=1411567412, address=Haifa, description=friend)]
20:25:21 INFO  application.MyListener - Start find element by --> By.xpath: //a[.='LOGIN']
20:25:24 INFO  application.MyListener - The element --> By.xpath: //a[.='LOGIN'] was found
20:25:24 INFO  application.MyListener - Start find element by --> By.xpath: //a[.='ADD']
20:25:24 INFO  application.MyListener - The element --> By.xpath: //a[.='ADD'] was found
20:25:24 INFO  application.MyListener - Start find element by --> By.cssSelector: input[placeholder='Name']
20:25:24 INFO  application.MyListener - The element --> By.cssSelector: input[placeholder='Name'] was found
20:25:24 INFO  application.MyListener - Start find element by --> By.cssSelector: input[placeholder='Last Name']
20:25:24 INFO  application.MyListener - The element --> By.cssSelector: input[placeholder='Last Name'] was found
20:25:24 INFO  application.MyListener - Start find element by --> By.cssSelector: input[placeholder='Phone']
20:25:24 INFO  application.MyListener - The element --> By.cssSelector: input[placeholder='Phone'] was found
20:25:24 INFO  application.MyListener - Start find element by --> By.cssSelector: input[placeholder='email']
20:25:24 INFO  application.MyListener - The element --> By.cssSelector: input[placeholder='email'] was found
20:25:24 INFO  application.MyListener - Start find element by --> By.cssSelector: input[placeholder='Address']
20:25:24 INFO  application.MyListener - The element --> By.cssSelector: input[placeholder='Address'] was found
20:25:25 INFO  application.MyListener - Start find element by --> By.cssSelector: input[placeholder='description']
20:25:25 INFO  application.MyListener - The element --> By.cssSelector: input[placeholder='description'] was found
20:25:25 INFO  application.MyListener - Start find element by --> By.xpath: //h3
20:25:28 INFO  application.MyListener - The element --> By.xpath: //h3 was found
20:25:28 INFO  tests.TestBase - End off method - addContactTestCSV
20:25:28 INFO  tests.TestBase - ==================================
20:25:28 INFO  tests.TestBase - Start on method - addContactTestCSV
20:25:28 INFO  tests.TestBase - Start test with Data - [Contact(name=Gosha, lastName=gndgn, email=kselon04@bk.ru, phone=3245631125, address=Haifa, description=friend)]
20:25:28 INFO  application.MyListener - Start find element by --> By.xpath: //a[.='LOGIN']
20:25:31 INFO  application.MyListener - The element --> By.xpath: //a[.='LOGIN'] was found
20:25:31 INFO  application.MyListener - Start find element by --> By.xpath: //a[.='ADD']
20:25:31 INFO  application.MyListener - The element --> By.xpath: //a[.='ADD'] was found
20:25:31 INFO  application.MyListener - Start find element by --> By.cssSelector: input[placeholder='Name']
20:25:31 INFO  application.MyListener - The element --> By.cssSelector: input[placeholder='Name'] was found
20:25:31 INFO  application.MyListener - Start find element by --> By.cssSelector: input[placeholder='Last Name']
20:25:31 INFO  application.MyListener - The element --> By.cssSelector: input[placeholder='Last Name'] was found
20:25:31 INFO  application.MyListener - Start find element by --> By.cssSelector: input[placeholder='Phone']
20:25:31 INFO  application.MyListener - The element --> By.cssSelector: input[placeholder='Phone'] was found
20:25:32 INFO  application.MyListener - Start find element by --> By.cssSelector: input[placeholder='email']
20:25:32 INFO  application.MyListener - The element --> By.cssSelector: input[placeholder='email'] was found
20:25:32 INFO  application.MyListener - Start find element by --> By.cssSelector: input[placeholder='Address']
20:25:32 INFO  application.MyListener - The element --> By.cssSelector: input[placeholder='Address'] was found
20:25:32 INFO  application.MyListener - Start find element by --> By.cssSelector: input[placeholder='description']
20:25:32 INFO  application.MyListener - The element --> By.cssSelector: input[placeholder='description'] was found
20:25:32 INFO  application.MyListener - Start find element by --> By.xpath: //h3
20:25:35 INFO  application.MyListener - The element --> By.xpath: //h3 was found
20:25:35 INFO  tests.TestBase - End off method - addContactTestCSV
20:25:35 INFO  tests.TestBase - ==================================
20:25:35 INFO  tests.TestBase - Start on method - addContactTestCSV
20:25:35 INFO  tests.TestBase - Start test with Data - [Contact(name=Resae, lastName=aetnxf , email=kselon05@bk.ru, phone=1211452145, address=Haifa, description=friend)]
20:25:35 INFO  application.MyListener - Start find element by --> By.xpath: //a[.='LOGIN']
20:25:38 INFO  application.MyListener - The element --> By.xpath: //a[.='LOGIN'] was found
20:25:38 INFO  application.MyListener - Start find element by --> By.xpath: //a[.='ADD']
20:25:38 INFO  application.MyListener - The element --> By.xpath: //a[.='ADD'] was found
20:25:38 INFO  application.MyListener - Start find element by --> By.cssSelector: input[placeholder='Name']
20:25:38 INFO  application.MyListener - The element --> By.cssSelector: input[placeholder='Name'] was found
20:25:38 INFO  application.MyListener - Start find element by --> By.cssSelector: input[placeholder='Last Name']
20:25:38 INFO  application.MyListener - The element --> By.cssSelector: input[placeholder='Last Name'] was found
20:25:39 INFO  application.MyListener - Start find element by --> By.cssSelector: input[placeholder='Phone']
20:25:39 INFO  application.MyListener - The element --> By.cssSelector: input[placeholder='Phone'] was found
20:25:39 INFO  application.MyListener - Start find element by --> By.cssSelector: input[placeholder='email']
20:25:39 INFO  application.MyListener - The element --> By.cssSelector: input[placeholder='email'] was found
20:25:39 INFO  application.MyListener - Start find element by --> By.cssSelector: input[placeholder='Address']
20:25:39 INFO  application.MyListener - The element --> By.cssSelector: input[placeholder='Address'] was found
20:25:39 INFO  application.MyListener - Start find element by --> By.cssSelector: input[placeholder='description']
20:25:39 INFO  application.MyListener - The element --> By.cssSelector: input[placeholder='description'] was found
20:25:39 INFO  application.MyListener - Start find element by --> By.xpath: //h3
20:25:42 INFO  application.MyListener - The element --> By.xpath: //h3 was found
20:25:42 INFO  tests.TestBase - End off method - addContactTestCSV
20:25:42 INFO  tests.TestBase - ==================================
20:25:42 INFO  tests.TestBase - Start on method - addContactTestCSV
20:25:42 INFO  tests.TestBase - Start test with Data - [Contact(name=Trew, lastName=aweegear, email=kselon61@bk.ru, phone=9811569856, address=Haifa, description=friend)]
20:25:42 INFO  application.MyListener - Start find element by --> By.xpath: //a[.='LOGIN']
20:25:45 INFO  application.MyListener - The element --> By.xpath: //a[.='LOGIN'] was found
20:25:45 INFO  application.MyListener - Start find element by --> By.xpath: //a[.='ADD']
20:25:45 INFO  application.MyListener - The element --> By.xpath: //a[.='ADD'] was found
20:25:46 INFO  application.MyListener - Start find element by --> By.cssSelector: input[placeholder='Name']
20:25:46 INFO  application.MyListener - The element --> By.cssSelector: input[placeholder='Name'] was found
20:25:46 INFO  application.MyListener - Start find element by --> By.cssSelector: input[placeholder='Last Name']
20:25:46 INFO  application.MyListener - The element --> By.cssSelector: input[placeholder='Last Name'] was found
20:25:46 INFO  application.MyListener - Start find element by --> By.cssSelector: input[placeholder='Phone']
20:25:46 INFO  application.MyListener - The element --> By.cssSelector: input[placeholder='Phone'] was found
20:25:46 INFO  application.MyListener - Start find element by --> By.cssSelector: input[placeholder='email']
20:25:46 INFO  application.MyListener - The element --> By.cssSelector: input[placeholder='email'] was found
20:25:46 INFO  application.MyListener - Start find element by --> By.cssSelector: input[placeholder='Address']
20:25:46 INFO  application.MyListener - The element --> By.cssSelector: input[placeholder='Address'] was found
20:25:46 INFO  application.MyListener - Start find element by --> By.cssSelector: input[placeholder='description']
20:25:46 INFO  application.MyListener - The element --> By.cssSelector: input[placeholder='description'] was found
20:25:47 INFO  application.MyListener - Start find element by --> By.xpath: //h3
20:25:50 INFO  application.MyListener - The element --> By.xpath: //h3 was found
20:25:50 INFO  tests.TestBase - End off method - addContactTestCSV
20:25:50 INFO  tests.TestBase - ==================================
20:25:50 INFO  tests.TestBase - Start on method - addContactTestCSV
20:25:50 INFO  tests.TestBase - Start test with Data - [Contact(name=John, lastName=zdgWEg, email=kselon07@bk.ru, phone=6587114521, address=Haifa, description=friend)]
20:25:50 INFO  application.MyListener - Start find element by --> By.xpath: //a[.='LOGIN']
20:25:53 INFO  application.MyListener - The element --> By.xpath: //a[.='LOGIN'] was found
20:25:53 INFO  application.MyListener - Start find element by --> By.xpath: //a[.='ADD']
20:25:53 INFO  application.MyListener - The element --> By.xpath: //a[.='ADD'] was found
20:25:53 INFO  application.MyListener - Start find element by --> By.cssSelector: input[placeholder='Name']
20:25:53 INFO  application.MyListener - The element --> By.cssSelector: input[placeholder='Name'] was found
20:25:53 INFO  application.MyListener - Start find element by --> By.cssSelector: input[placeholder='Last Name']
20:25:53 INFO  application.MyListener - The element --> By.cssSelector: input[placeholder='Last Name'] was found
20:25:53 INFO  application.MyListener - Start find element by --> By.cssSelector: input[placeholder='Phone']
20:25:53 INFO  application.MyListener - The element --> By.cssSelector: input[placeholder='Phone'] was found
20:25:53 INFO  application.MyListener - Start find element by --> By.cssSelector: input[placeholder='email']
20:25:53 INFO  application.MyListener - The element --> By.cssSelector: input[placeholder='email'] was found
20:25:53 INFO  application.MyListener - Start find element by --> By.cssSelector: input[placeholder='Address']
20:25:53 INFO  application.MyListener - The element --> By.cssSelector: input[placeholder='Address'] was found
20:25:54 INFO  application.MyListener - Start find element by --> By.cssSelector: input[placeholder='description']
20:25:54 INFO  application.MyListener - The element --> By.cssSelector: input[placeholder='description'] was found
20:25:54 INFO  application.MyListener - Start find element by --> By.xpath: //h3
20:25:57 INFO  application.MyListener - The element --> By.xpath: //h3 was found
20:25:57 INFO  tests.TestBase - End off method - addContactTestCSV
20:25:57 INFO  tests.TestBase - ==================================
20:25:57 INFO  tests.TestBase - Start on method - addContactTestCSV
20:25:57 INFO  tests.TestBase - Start test with Data - [Contact(name=Jane, lastName=ezrneren, email=kselon08@bk.ru, phone=1211589654, address=Haifa, description=friend)]
20:25:57 INFO  application.MyListener - Start find element by --> By.xpath: //a[.='LOGIN']
20:26:00 INFO  application.MyListener - The element --> By.xpath: //a[.='LOGIN'] was found
20:26:00 INFO  application.MyListener - Start find element by --> By.xpath: //a[.='ADD']
20:26:00 INFO  application.MyListener - The element --> By.xpath: //a[.='ADD'] was found
20:26:00 INFO  application.MyListener - Start find element by --> By.cssSelector: input[placeholder='Name']
20:26:00 INFO  application.MyListener - The element --> By.cssSelector: input[placeholder='Name'] was found
20:26:00 INFO  application.MyListener - Start find element by --> By.cssSelector: input[placeholder='Last Name']
20:26:00 INFO  application.MyListener - The element --> By.cssSelector: input[placeholder='Last Name'] was found
20:26:00 INFO  application.MyListener - Start find element by --> By.cssSelector: input[placeholder='Phone']
20:26:00 INFO  application.MyListener - The element --> By.cssSelector: input[placeholder='Phone'] was found
20:26:00 INFO  application.MyListener - Start find element by --> By.cssSelector: input[placeholder='email']
20:26:01 INFO  application.MyListener - The element --> By.cssSelector: input[placeholder='email'] was found
20:26:01 INFO  application.MyListener - Start find element by --> By.cssSelector: input[placeholder='Address']
20:26:01 INFO  application.MyListener - The element --> By.cssSelector: input[placeholder='Address'] was found
20:26:01 INFO  application.MyListener - Start find element by --> By.cssSelector: input[placeholder='description']
20:26:01 INFO  application.MyListener - The element --> By.cssSelector: input[placeholder='description'] was found
20:26:01 INFO  application.MyListener - Start find element by --> By.xpath: //h3
