15:21:19 INFO  application.ApplicationManager - Start browser CHROME
15:21:20 INFO  tests.TestBase - ==================================
15:21:20 INFO  tests.TestBase - Start on method - addContactTestBase
15:21:20 INFO  tests.TestBase - Start test with Data - []
15:21:20 INFO  application.MyListener - Start find element by --> By.xpath: //a[.='LOGIN']
15:21:20 INFO  application.MyListener - The element --> By.xpath: //a[.='LOGIN'] was found
15:21:20 INFO  application.MyListener - Start find element by --> By.xpath: //a[.='LOGIN']
15:21:20 INFO  application.MyListener - The element --> By.xpath: //a[.='LOGIN'] was found
15:21:20 INFO  application.MyListener - Start find element by --> By.xpath: //a[.='LOGIN']
15:21:20 INFO  application.MyListener - The element --> By.xpath: //a[.='LOGIN'] was found
15:21:20 INFO  application.MyListener - Start find element by --> By.xpath: //input[@placeholder='Email']
15:21:20 INFO  application.MyListener - The element --> By.xpath: //input[@placeholder='Email'] was found
15:21:21 INFO  application.MyListener - Start find element by --> By.xpath: //input[@placeholder='Password']
15:21:21 INFO  application.MyListener - The element --> By.xpath: //input[@placeholder='Password'] was found
15:21:21 INFO  application.MyListener - Start find element by --> By.xpath: //button[.=' Login']
15:21:21 INFO  application.MyListener - The element --> By.xpath: //button[.=' Login'] was found
15:21:22 INFO  application.MyListener - Start find element by --> By.xpath: //a[.='ADD']
15:21:22 INFO  application.MyListener - The element --> By.xpath: //a[.='ADD'] was found
15:21:22 INFO  application.MyListener - Start find element by --> By.cssSelector: input[placeholder='Name']
15:21:22 INFO  application.MyListener - The element --> By.cssSelector: input[placeholder='Name'] was found
15:21:22 INFO  application.MyListener - Start find element by --> By.cssSelector: input[placeholder='Last Name']
15:21:22 INFO  application.MyListener - The element --> By.cssSelector: input[placeholder='Last Name'] was found
15:21:23 INFO  application.MyListener - Start find element by --> By.cssSelector: input[placeholder='Phone']
15:21:23 INFO  application.MyListener - The element --> By.cssSelector: input[placeholder='Phone'] was found
15:21:23 INFO  application.MyListener - Start find element by --> By.cssSelector: input[placeholder='email']
15:21:23 INFO  application.MyListener - The element --> By.cssSelector: input[placeholder='email'] was found
15:21:23 INFO  application.MyListener - Start find element by --> By.cssSelector: input[placeholder='Address']
15:21:23 INFO  application.MyListener - The element --> By.cssSelector: input[placeholder='Address'] was found
15:21:23 INFO  application.MyListener - Start find element by --> By.cssSelector: input[placeholder='description']
15:21:23 INFO  application.MyListener - The element --> By.cssSelector: input[placeholder='description'] was found
15:21:24 INFO  tests.TestBase - End off method - addContactTestBase
15:21:24 INFO  tests.TestBase - ==================================
15:21:24 INFO  tests.TestBase - Start on method - addContactTestBase
15:21:24 INFO  tests.TestBase - Start test with Data - []
15:21:24 INFO  application.MyListener - Start find element by --> By.xpath: //a[.='LOGIN']
15:21:27 INFO  application.MyListener - The element --> By.xpath: //a[.='LOGIN'] was found
15:21:27 INFO  application.MyListener - Start find element by --> By.xpath: //a[.='ADD']
15:21:27 INFO  application.MyListener - The element --> By.xpath: //a[.='ADD'] was found
15:21:27 INFO  application.MyListener - Start find element by --> By.cssSelector: input[placeholder='Name']
15:21:27 INFO  application.MyListener - The element --> By.cssSelector: input[placeholder='Name'] was found
15:21:27 INFO  application.MyListener - Start find element by --> By.cssSelector: input[placeholder='Last Name']
15:21:27 INFO  application.MyListener - The element --> By.cssSelector: input[placeholder='Last Name'] was found
15:21:27 INFO  application.MyListener - Start find element by --> By.cssSelector: input[placeholder='Phone']
15:21:27 INFO  application.MyListener - The element --> By.cssSelector: input[placeholder='Phone'] was found
15:21:27 INFO  application.MyListener - Start find element by --> By.cssSelector: input[placeholder='email']
15:21:27 INFO  application.MyListener - The element --> By.cssSelector: input[placeholder='email'] was found
15:21:28 INFO  application.MyListener - Start find element by --> By.cssSelector: input[placeholder='Address']
15:21:28 INFO  application.MyListener - The element --> By.cssSelector: input[placeholder='Address'] was found
15:21:28 INFO  application.MyListener - Start find element by --> By.cssSelector: input[placeholder='description']
15:21:28 INFO  application.MyListener - The element --> By.cssSelector: input[placeholder='description'] was found
15:21:28 INFO  tests.TestBase - End off method - addContactTestBase
15:21:28 INFO  tests.TestBase - ==================================
15:21:28 INFO  tests.TestBase - Start on method - addContactTestBase
15:21:28 INFO  tests.TestBase - Start test with Data - []
15:21:28 INFO  application.MyListener - Start find element by --> By.xpath: //a[.='LOGIN']
15:21:31 INFO  application.MyListener - The element --> By.xpath: //a[.='LOGIN'] was found
15:21:31 INFO  application.MyListener - Start find element by --> By.xpath: //a[.='ADD']
15:21:31 INFO  application.MyListener - The element --> By.xpath: //a[.='ADD'] was found
15:21:31 INFO  application.MyListener - Start find element by --> By.cssSelector: input[placeholder='Name']
15:21:31 INFO  application.MyListener - The element --> By.cssSelector: input[placeholder='Name'] was found
15:21:31 INFO  application.MyListener - Start find element by --> By.cssSelector: input[placeholder='Last Name']
15:21:31 INFO  application.MyListener - The element --> By.cssSelector: input[placeholder='Last Name'] was found
15:21:32 INFO  application.MyListener - Start find element by --> By.cssSelector: input[placeholder='Phone']
15:21:32 INFO  application.MyListener - The element --> By.cssSelector: input[placeholder='Phone'] was found
15:21:32 INFO  application.MyListener - Start find element by --> By.cssSelector: input[placeholder='email']
15:21:32 INFO  application.MyListener - The element --> By.cssSelector: input[placeholder='email'] was found
15:21:32 INFO  application.MyListener - Start find element by --> By.cssSelector: input[placeholder='Address']
15:21:32 INFO  application.MyListener - The element --> By.cssSelector: input[placeholder='Address'] was found
15:21:32 INFO  application.MyListener - Start find element by --> By.cssSelector: input[placeholder='description']
15:21:32 INFO  application.MyListener - The element --> By.cssSelector: input[placeholder='description'] was found
15:21:33 INFO  tests.TestBase - End off method - addContactTestBase
15:21:33 INFO  tests.TestBase - ==================================
15:21:33 INFO  tests.TestBase - Start on method - addContactTestCSV
15:21:33 INFO  tests.TestBase - Start test with Data - [Contact(name=Masha, lastName=Qwerty, email=kselon01@bk.ru, phone=1234511678, address=Haifa, description=friend)]
15:21:33 INFO  application.MyListener - Start find element by --> By.xpath: //a[.='LOGIN']
15:21:36 INFO  application.MyListener - The element --> By.xpath: //a[.='LOGIN'] was found
15:21:36 INFO  application.MyListener - Start find element by --> By.xpath: //a[.='ADD']
15:21:36 INFO  application.MyListener - The element --> By.xpath: //a[.='ADD'] was found
15:21:36 INFO  application.MyListener - Start find element by --> By.cssSelector: input[placeholder='Name']
15:21:36 INFO  application.MyListener - The element --> By.cssSelector: input[placeholder='Name'] was found
15:21:36 INFO  application.MyListener - Start find element by --> By.cssSelector: input[placeholder='Last Name']
15:21:36 INFO  application.MyListener - The element --> By.cssSelector: input[placeholder='Last Name'] was found
15:21:36 INFO  application.MyListener - Start find element by --> By.cssSelector: input[placeholder='Phone']
15:21:36 INFO  application.MyListener - The element --> By.cssSelector: input[placeholder='Phone'] was found
15:21:36 INFO  application.MyListener - Start find element by --> By.cssSelector: input[placeholder='email']
15:21:36 INFO  application.MyListener - The element --> By.cssSelector: input[placeholder='email'] was found
15:21:37 INFO  application.MyListener - Start find element by --> By.cssSelector: input[placeholder='Address']
15:21:37 INFO  application.MyListener - The element --> By.cssSelector: input[placeholder='Address'] was found
15:21:37 INFO  application.MyListener - Start find element by --> By.cssSelector: input[placeholder='description']
15:21:37 INFO  application.MyListener - The element --> By.cssSelector: input[placeholder='description'] was found
15:21:37 INFO  application.MyListener - Start find element by --> By.xpath: //h3
15:21:37 INFO  application.MyListener - The element --> By.xpath: //h3 was found
15:21:37 INFO  tests.TestBase - End off method - addContactTestCSV
15:21:37 INFO  tests.TestBase - ==================================
15:21:37 INFO  tests.TestBase - Start on method - addContactTestCSV
15:21:37 INFO  tests.TestBase - Start test with Data - [Contact(name=Sasha, lastName=Asdfgh, email=kselon02@bk.ru, phone=9874115632, address=Haifa, description=friend)]
15:21:37 INFO  application.MyListener - Start find element by --> By.xpath: //a[.='LOGIN']
15:21:41 INFO  application.MyListener - The element --> By.xpath: //a[.='LOGIN'] was found
15:21:41 INFO  application.MyListener - Start find element by --> By.xpath: //a[.='ADD']
15:21:41 INFO  application.MyListener - The element --> By.xpath: //a[.='ADD'] was found
15:21:41 INFO  application.MyListener - Start find element by --> By.cssSelector: input[placeholder='Name']
15:21:41 INFO  application.MyListener - The element --> By.cssSelector: input[placeholder='Name'] was found
15:21:41 INFO  application.MyListener - Start find element by --> By.cssSelector: input[placeholder='Last Name']
15:21:41 INFO  application.MyListener - The element --> By.cssSelector: input[placeholder='Last Name'] was found
15:21:41 INFO  application.MyListener - Start find element by --> By.cssSelector: input[placeholder='Phone']
15:21:41 INFO  application.MyListener - The element --> By.cssSelector: input[placeholder='Phone'] was found
15:21:41 INFO  application.MyListener - Start find element by --> By.cssSelector: input[placeholder='email']
15:21:41 INFO  application.MyListener - The element --> By.cssSelector: input[placeholder='email'] was found
15:21:41 INFO  application.MyListener - Start find element by --> By.cssSelector: input[placeholder='Address']
15:21:41 INFO  application.MyListener - The element --> By.cssSelector: input[placeholder='Address'] was found
15:21:42 INFO  application.MyListener - Start find element by --> By.cssSelector: input[placeholder='description']
15:21:42 INFO  application.MyListener - The element --> By.cssSelector: input[placeholder='description'] was found
15:21:42 INFO  application.MyListener - Start find element by --> By.xpath: //h3
15:21:42 INFO  application.MyListener - The element --> By.xpath: //h3 was found
15:21:42 INFO  tests.TestBase - End off method - addContactTestCSV
15:21:42 INFO  tests.TestBase - ==================================
15:21:42 INFO  tests.TestBase - Start on method - addContactTestCSV
15:21:42 INFO  tests.TestBase - Start test with Data - [Contact(name=Mosha, lastName=wrnaertn, email=kselon03@bk.ru, phone=1411567412, address=Haifa, description=friend)]
15:21:42 INFO  application.MyListener - Start find element by --> By.xpath: //a[.='LOGIN']
15:21:45 INFO  application.MyListener - The element --> By.xpath: //a[.='LOGIN'] was found
15:21:45 INFO  application.MyListener - Start find element by --> By.xpath: //a[.='ADD']
15:21:45 INFO  application.MyListener - The element --> By.xpath: //a[.='ADD'] was found
15:21:45 INFO  application.MyListener - Start find element by --> By.cssSelector: input[placeholder='Name']
15:21:45 INFO  application.MyListener - The element --> By.cssSelector: input[placeholder='Name'] was found
15:21:46 INFO  application.MyListener - Start find element by --> By.cssSelector: input[placeholder='Last Name']
15:21:46 INFO  application.MyListener - The element --> By.cssSelector: input[placeholder='Last Name'] was found
15:21:46 INFO  application.MyListener - Start find element by --> By.cssSelector: input[placeholder='Phone']
15:21:46 INFO  application.MyListener - The element --> By.cssSelector: input[placeholder='Phone'] was found
15:21:46 INFO  application.MyListener - Start find element by --> By.cssSelector: input[placeholder='email']
15:21:46 INFO  application.MyListener - The element --> By.cssSelector: input[placeholder='email'] was found
15:21:46 INFO  application.MyListener - Start find element by --> By.cssSelector: input[placeholder='Address']
15:21:46 INFO  application.MyListener - The element --> By.cssSelector: input[placeholder='Address'] was found
15:21:46 INFO  application.MyListener - Start find element by --> By.cssSelector: input[placeholder='description']
15:21:46 INFO  application.MyListener - The element --> By.cssSelector: input[placeholder='description'] was found
15:21:47 INFO  application.MyListener - Start find element by --> By.xpath: //h3
15:21:47 INFO  application.MyListener - The element --> By.xpath: //h3 was found
15:21:47 INFO  tests.TestBase - End off method - addContactTestCSV
15:21:47 INFO  tests.TestBase - ==================================
15:21:47 INFO  tests.TestBase - Start on method - addContactTestCSV
15:21:47 INFO  tests.TestBase - Start test with Data - [Contact(name=Gosha, lastName=gndgn, email=kselon04@bk.ru, phone=3245631125, address=Haifa, description=friend)]
15:21:47 INFO  application.MyListener - Start find element by --> By.xpath: //a[.='LOGIN']
15:21:50 INFO  application.MyListener - The element --> By.xpath: //a[.='LOGIN'] was found
15:21:50 INFO  application.MyListener - Start find element by --> By.xpath: //a[.='ADD']
15:21:50 INFO  application.MyListener - The element --> By.xpath: //a[.='ADD'] was found
15:21:50 INFO  application.MyListener - Start find element by --> By.cssSelector: input[placeholder='Name']
15:21:50 INFO  application.MyListener - The element --> By.cssSelector: input[placeholder='Name'] was found
15:21:50 INFO  application.MyListener - Start find element by --> By.cssSelector: input[placeholder='Last Name']
15:21:50 INFO  application.MyListener - The element --> By.cssSelector: input[placeholder='Last Name'] was found
15:21:51 INFO  application.MyListener - Start find element by --> By.cssSelector: input[placeholder='Phone']
15:21:51 INFO  application.MyListener - The element --> By.cssSelector: input[placeholder='Phone'] was found
15:21:51 INFO  application.MyListener - Start find element by --> By.cssSelector: input[placeholder='email']
15:21:51 INFO  application.MyListener - The element --> By.cssSelector: input[placeholder='email'] was found
15:21:51 INFO  application.MyListener - Start find element by --> By.cssSelector: input[placeholder='Address']
15:21:51 INFO  application.MyListener - The element --> By.cssSelector: input[placeholder='Address'] was found
15:21:51 INFO  application.MyListener - Start find element by --> By.cssSelector: input[placeholder='description']
15:21:51 INFO  application.MyListener - The element --> By.cssSelector: input[placeholder='description'] was found
15:21:51 INFO  application.MyListener - Start find element by --> By.xpath: //h3
15:21:52 INFO  application.MyListener - The element --> By.xpath: //h3 was found
15:21:52 INFO  tests.TestBase - End off method - addContactTestCSV
15:21:52 INFO  tests.TestBase - ==================================
15:21:52 INFO  tests.TestBase - Start on method - addContactTestCSV
15:21:52 INFO  tests.TestBase - Start test with Data - [Contact(name=Resae, lastName=aetnxf , email=kselon05@bk.ru, phone=1211452145, address=Haifa, description=friend)]
15:21:52 INFO  application.MyListener - Start find element by --> By.xpath: //a[.='LOGIN']
15:21:55 INFO  application.MyListener - The element --> By.xpath: //a[.='LOGIN'] was found
15:21:55 INFO  application.MyListener - Start find element by --> By.xpath: //a[.='ADD']
15:21:55 INFO  application.MyListener - The element --> By.xpath: //a[.='ADD'] was found
15:21:55 INFO  application.MyListener - Start find element by --> By.cssSelector: input[placeholder='Name']
15:21:55 INFO  application.MyListener - The element --> By.cssSelector: input[placeholder='Name'] was found
15:21:55 INFO  application.MyListener - Start find element by --> By.cssSelector: input[placeholder='Last Name']
15:21:55 INFO  application.MyListener - The element --> By.cssSelector: input[placeholder='Last Name'] was found
15:21:55 INFO  application.MyListener - Start find element by --> By.cssSelector: input[placeholder='Phone']
15:21:55 INFO  application.MyListener - The element --> By.cssSelector: input[placeholder='Phone'] was found
15:21:56 INFO  application.MyListener - Start find element by --> By.cssSelector: input[placeholder='email']
15:21:56 INFO  application.MyListener - The element --> By.cssSelector: input[placeholder='email'] was found
15:21:56 INFO  application.MyListener - Start find element by --> By.cssSelector: input[placeholder='Address']
15:21:56 INFO  application.MyListener - The element --> By.cssSelector: input[placeholder='Address'] was found
15:21:56 INFO  application.MyListener - Start find element by --> By.cssSelector: input[placeholder='description']
15:21:56 INFO  application.MyListener - The element --> By.cssSelector: input[placeholder='description'] was found
15:21:56 INFO  application.MyListener - Start find element by --> By.xpath: //h3
15:21:56 INFO  application.MyListener - The element --> By.xpath: //h3 was found
15:21:57 INFO  tests.TestBase - End off method - addContactTestCSV
15:21:57 INFO  tests.TestBase - ==================================
15:21:57 INFO  tests.TestBase - Start on method - addContactTestCSV
15:21:57 INFO  tests.TestBase - Start test with Data - [Contact(name=Trew, lastName=aweegear, email=kselon61@bk.ru, phone=9811569856, address=Haifa, description=friend)]
15:21:57 INFO  application.MyListener - Start find element by --> By.xpath: //a[.='LOGIN']
15:22:00 INFO  application.MyListener - The element --> By.xpath: //a[.='LOGIN'] was found
15:22:00 INFO  application.MyListener - Start find element by --> By.xpath: //a[.='ADD']
15:22:00 INFO  application.MyListener - The element --> By.xpath: //a[.='ADD'] was found
15:22:00 INFO  application.MyListener - Start find element by --> By.cssSelector: input[placeholder='Name']
15:22:00 INFO  application.MyListener - The element --> By.cssSelector: input[placeholder='Name'] was found
15:22:00 INFO  application.MyListener - Start find element by --> By.cssSelector: input[placeholder='Last Name']
15:22:00 INFO  application.MyListener - The element --> By.cssSelector: input[placeholder='Last Name'] was found
15:22:00 INFO  application.MyListener - Start find element by --> By.cssSelector: input[placeholder='Phone']
15:22:00 INFO  application.MyListener - The element --> By.cssSelector: input[placeholder='Phone'] was found
15:22:00 INFO  application.MyListener - Start find element by --> By.cssSelector: input[placeholder='email']
15:22:00 INFO  application.MyListener - The element --> By.cssSelector: input[placeholder='email'] was found
15:22:00 INFO  application.MyListener - Start find element by --> By.cssSelector: input[placeholder='Address']
15:22:00 INFO  application.MyListener - The element --> By.cssSelector: input[placeholder='Address'] was found
15:22:01 INFO  application.MyListener - Start find element by --> By.cssSelector: input[placeholder='description']
15:22:01 INFO  application.MyListener - The element --> By.cssSelector: input[placeholder='description'] was found
15:22:01 INFO  application.MyListener - Start find element by --> By.xpath: //h3
15:22:01 INFO  application.MyListener - The element --> By.xpath: //h3 was found
15:22:01 INFO  tests.TestBase - End off method - addContactTestCSV
15:22:01 INFO  tests.TestBase - ==================================
15:22:01 INFO  tests.TestBase - Start on method - addContactTestCSV
15:22:01 INFO  tests.TestBase - Start test with Data - [Contact(name=John, lastName=zdgWEg, email=kselon07@bk.ru, phone=6587114521, address=Haifa, description=friend)]
15:22:01 INFO  application.MyListener - Start find element by --> By.xpath: //a[.='LOGIN']
15:22:04 INFO  application.MyListener - The element --> By.xpath: //a[.='LOGIN'] was found
15:22:04 INFO  application.MyListener - Start find element by --> By.xpath: //a[.='ADD']
15:22:04 INFO  application.MyListener - The element --> By.xpath: //a[.='ADD'] was found
15:22:04 INFO  application.MyListener - Start find element by --> By.cssSelector: input[placeholder='Name']
15:22:04 INFO  application.MyListener - The element --> By.cssSelector: input[placeholder='Name'] was found
15:22:05 INFO  application.MyListener - Start find element by --> By.cssSelector: input[placeholder='Last Name']
15:22:05 INFO  application.MyListener - The element --> By.cssSelector: input[placeholder='Last Name'] was found
15:22:05 INFO  application.MyListener - Start find element by --> By.cssSelector: input[placeholder='Phone']
15:22:05 INFO  application.MyListener - The element --> By.cssSelector: input[placeholder='Phone'] was found
15:22:05 INFO  application.MyListener - Start find element by --> By.cssSelector: input[placeholder='email']
15:22:05 INFO  application.MyListener - The element --> By.cssSelector: input[placeholder='email'] was found
15:22:05 INFO  application.MyListener - Start find element by --> By.cssSelector: input[placeholder='Address']
15:22:05 INFO  application.MyListener - The element --> By.cssSelector: input[placeholder='Address'] was found
15:22:05 INFO  application.MyListener - Start find element by --> By.cssSelector: input[placeholder='description']
15:22:05 INFO  application.MyListener - The element --> By.cssSelector: input[placeholder='description'] was found
15:22:06 INFO  application.MyListener - Start find element by --> By.xpath: //h3
15:22:06 INFO  application.MyListener - The element --> By.xpath: //h3 was found
15:22:06 INFO  tests.TestBase - End off method - addContactTestCSV
15:22:06 INFO  tests.TestBase - ==================================
15:22:06 INFO  tests.TestBase - Start on method - addContactTestCSV
15:22:06 INFO  tests.TestBase - Start test with Data - [Contact(name=Jane, lastName=ezrneren, email=kselon08@bk.ru, phone=1211589654, address=Haifa, description=friend)]
15:22:06 INFO  application.MyListener - Start find element by --> By.xpath: //a[.='LOGIN']
15:22:09 INFO  application.MyListener - The element --> By.xpath: //a[.='LOGIN'] was found
15:22:09 INFO  application.MyListener - Start find element by --> By.xpath: //a[.='ADD']
15:22:09 INFO  application.MyListener - The element --> By.xpath: //a[.='ADD'] was found
15:22:09 INFO  application.MyListener - Start find element by --> By.cssSelector: input[placeholder='Name']
15:22:09 INFO  application.MyListener - The element --> By.cssSelector: input[placeholder='Name'] was found
15:22:09 INFO  application.MyListener - Start find element by --> By.cssSelector: input[placeholder='Last Name']
15:22:09 INFO  application.MyListener - The element --> By.cssSelector: input[placeholder='Last Name'] was found
15:22:10 INFO  application.MyListener - Start find element by --> By.cssSelector: input[placeholder='Phone']
15:22:10 INFO  application.MyListener - The element --> By.cssSelector: input[placeholder='Phone'] was found
15:22:10 INFO  application.MyListener - Start find element by --> By.cssSelector: input[placeholder='email']
15:22:10 INFO  application.MyListener - The element --> By.cssSelector: input[placeholder='email'] was found
15:22:10 INFO  application.MyListener - Start find element by --> By.cssSelector: input[placeholder='Address']
15:22:10 INFO  application.MyListener - The element --> By.cssSelector: input[placeholder='Address'] was found
15:22:10 INFO  application.MyListener - Start find element by --> By.cssSelector: input[placeholder='description']
15:22:10 INFO  application.MyListener - The element --> By.cssSelector: input[placeholder='description'] was found
15:22:10 INFO  application.MyListener - Start find element by --> By.xpath: //h3
15:22:11 INFO  application.MyListener - The element --> By.xpath: //h3 was found
15:22:11 INFO  tests.TestBase - End off method - addContactTestCSV
15:22:11 INFO  tests.TestBase - ==================================
15:22:11 INFO  tests.TestBase - Start on method - addContactTestCSV
15:22:11 INFO  tests.TestBase - Start test with Data - [Contact(name=Mila, lastName=rehaeerh, email=kselon91@bk.ru, phone=1241156987, address=Haifa, description=friend)]
15:22:11 INFO  application.MyListener - Start find element by --> By.xpath: //a[.='LOGIN']
15:22:14 INFO  application.MyListener - The element --> By.xpath: //a[.='LOGIN'] was found
15:22:14 INFO  application.MyListener - Start find element by --> By.xpath: //a[.='ADD']
15:22:14 INFO  application.MyListener - The element --> By.xpath: //a[.='ADD'] was found
15:22:14 INFO  application.MyListener - Start find element by --> By.cssSelector: input[placeholder='Name']
15:22:14 INFO  application.MyListener - The element --> By.cssSelector: input[placeholder='Name'] was found
15:22:14 INFO  application.MyListener - Start find element by --> By.cssSelector: input[placeholder='Last Name']
15:22:14 INFO  application.MyListener - The element --> By.cssSelector: input[placeholder='Last Name'] was found
15:22:14 INFO  application.MyListener - Start find element by --> By.cssSelector: input[placeholder='Phone']
15:22:14 INFO  application.MyListener - The element --> By.cssSelector: input[placeholder='Phone'] was found
15:22:15 INFO  application.MyListener - Start find element by --> By.cssSelector: input[placeholder='email']
15:22:15 INFO  application.MyListener - The element --> By.cssSelector: input[placeholder='email'] was found
15:22:15 INFO  application.MyListener - Start find element by --> By.cssSelector: input[placeholder='Address']
15:22:15 INFO  application.MyListener - The element --> By.cssSelector: input[placeholder='Address'] was found
15:22:15 INFO  application.MyListener - Start find element by --> By.cssSelector: input[placeholder='description']
15:22:15 INFO  application.MyListener - The element --> By.cssSelector: input[placeholder='description'] was found
15:22:15 INFO  application.MyListener - Start find element by --> By.xpath: //h3
15:22:16 INFO  application.MyListener - The element --> By.xpath: //h3 was found
15:22:16 INFO  tests.TestBase - End off method - addContactTestCSV
15:22:16 INFO  tests.TestBase - ==================================
15:22:16 INFO  tests.TestBase - Start on method - addContactTestDataProvider
15:22:16 INFO  tests.TestBase - Start test with Data - [Masha, Qwerty, 1234512678, kselon01@bk.ru, Haifa, friend]
15:22:16 INFO  application.MyListener - Start find element by --> By.xpath: //a[.='LOGIN']
15:22:19 INFO  application.MyListener - The element --> By.xpath: //a[.='LOGIN'] was found
15:22:19 INFO  application.MyListener - Start find element by --> By.xpath: //a[.='ADD']
15:22:19 INFO  application.MyListener - The element --> By.xpath: //a[.='ADD'] was found
15:22:19 INFO  application.MyListener - Start find element by --> By.cssSelector: input[placeholder='Name']
15:22:19 INFO  application.MyListener - The element --> By.cssSelector: input[placeholder='Name'] was found
15:22:19 INFO  application.MyListener - Start find element by --> By.cssSelector: input[placeholder='Last Name']
15:22:19 INFO  application.MyListener - The element --> By.cssSelector: input[placeholder='Last Name'] was found
15:22:19 INFO  application.MyListener - Start find element by --> By.cssSelector: input[placeholder='Phone']
15:22:19 INFO  application.MyListener - The element --> By.cssSelector: input[placeholder='Phone'] was found
15:22:19 INFO  application.MyListener - Start find element by --> By.cssSelector: input[placeholder='email']
15:22:19 INFO  application.MyListener - The element --> By.cssSelector: input[placeholder='email'] was found
15:22:20 INFO  application.MyListener - Start find element by --> By.cssSelector: input[placeholder='Address']
15:22:20 INFO  application.MyListener - The element --> By.cssSelector: input[placeholder='Address'] was found
15:22:20 INFO  application.MyListener - Start find element by --> By.cssSelector: input[placeholder='description']
15:22:20 INFO  application.MyListener - The element --> By.cssSelector: input[placeholder='description'] was found
15:22:20 INFO  tests.TestBase - End off method - addContactTestDataProvider
15:22:20 INFO  tests.TestBase - ==================================
15:22:20 INFO  tests.TestBase - Start on method - addContactTestDataProvider
15:22:20 INFO  tests.TestBase - Start test with Data - [Sasha, Asdfgh, 9872115632, kselon02@bk.ru, Haifa, friend]
15:22:20 INFO  application.MyListener - Start find element by --> By.xpath: //a[.='LOGIN']
15:22:23 INFO  application.MyListener - The element --> By.xpath: //a[.='LOGIN'] was found
15:22:23 INFO  application.MyListener - Start find element by --> By.xpath: //a[.='ADD']
15:22:23 INFO  application.MyListener - The element --> By.xpath: //a[.='ADD'] was found
15:22:23 INFO  application.MyListener - Start find element by --> By.cssSelector: input[placeholder='Name']
15:22:23 INFO  application.MyListener - The element --> By.cssSelector: input[placeholder='Name'] was found
15:22:23 INFO  application.MyListener - Start find element by --> By.cssSelector: input[placeholder='Last Name']
15:22:23 INFO  application.MyListener - The element --> By.cssSelector: input[placeholder='Last Name'] was found
15:22:24 INFO  application.MyListener - Start find element by --> By.cssSelector: input[placeholder='Phone']
15:22:24 INFO  application.MyListener - The element --> By.cssSelector: input[placeholder='Phone'] was found
15:22:24 INFO  application.MyListener - Start find element by --> By.cssSelector: input[placeholder='email']
15:22:24 INFO  application.MyListener - The element --> By.cssSelector: input[placeholder='email'] was found
15:22:24 INFO  application.MyListener - Start find element by --> By.cssSelector: input[placeholder='Address']
15:22:24 INFO  application.MyListener - The element --> By.cssSelector: input[placeholder='Address'] was found
15:22:24 INFO  application.MyListener - Start find element by --> By.cssSelector: input[placeholder='description']
15:22:24 INFO  application.MyListener - The element --> By.cssSelector: input[placeholder='description'] was found
15:22:24 INFO  tests.TestBase - End off method - addContactTestDataProvider
15:22:24 INFO  tests.TestBase - ==================================
15:22:24 INFO  tests.TestBase - Start on method - addContactTestDataProvider
15:22:24 INFO  tests.TestBase - Start test with Data - [Mosha, wrnaertn, 1211567412, kselon03@bk.ru, Haifa, friend]
15:22:24 INFO  application.MyListener - Start find element by --> By.xpath: //a[.='LOGIN']
15:22:27 INFO  application.MyListener - The element --> By.xpath: //a[.='LOGIN'] was found
15:22:27 INFO  application.MyListener - Start find element by --> By.xpath: //a[.='ADD']
15:22:27 INFO  application.MyListener - The element --> By.xpath: //a[.='ADD'] was found
15:22:27 INFO  application.MyListener - Start find element by --> By.cssSelector: input[placeholder='Name']
15:22:27 INFO  application.MyListener - The element --> By.cssSelector: input[placeholder='Name'] was found
15:22:28 INFO  application.MyListener - Start find element by --> By.cssSelector: input[placeholder='Last Name']
15:22:28 INFO  application.MyListener - The element --> By.cssSelector: input[placeholder='Last Name'] was found
15:22:28 INFO  application.MyListener - Start find element by --> By.cssSelector: input[placeholder='Phone']
15:22:28 INFO  application.MyListener - The element --> By.cssSelector: input[placeholder='Phone'] was found
15:22:28 INFO  application.MyListener - Start find element by --> By.cssSelector: input[placeholder='email']
15:22:28 INFO  application.MyListener - The element --> By.cssSelector: input[placeholder='email'] was found
15:22:28 INFO  application.MyListener - Start find element by --> By.cssSelector: input[placeholder='Address']
15:22:28 INFO  application.MyListener - The element --> By.cssSelector: input[placeholder='Address'] was found
15:22:28 INFO  application.MyListener - Start find element by --> By.cssSelector: input[placeholder='description']
15:22:28 INFO  application.MyListener - The element --> By.cssSelector: input[placeholder='description'] was found
15:22:28 INFO  tests.TestBase - End off method - addContactTestDataProvider
15:22:28 INFO  tests.TestBase - ==================================
15:22:28 INFO  tests.TestBase - Start on method - loginNegativeTestWithWrongPassword
15:22:28 INFO  tests.TestBase - Start test with Data - []
15:22:28 INFO  application.MyListener - Start find element by --> By.xpath: //a[.='LOGIN']
15:22:31 INFO  application.MyListener - The element --> By.xpath: //a[.='LOGIN'] was found
15:22:31 INFO  application.MyListener - Start find element by --> By.xpath: //button[.='Sign Out']
15:22:31 INFO  application.MyListener - The element --> By.xpath: //button[.='Sign Out'] was found
15:22:32 INFO  application.MyListener - Start find element by --> By.xpath: //a[.='LOGIN']
15:22:32 INFO  application.MyListener - The element --> By.xpath: //a[.='LOGIN'] was found
15:22:32 INFO  application.MyListener - Start find element by --> By.xpath: //a[.='LOGIN']
15:22:32 INFO  application.MyListener - The element --> By.xpath: //a[.='LOGIN'] was found
15:22:32 INFO  application.MyListener - Start find element by --> By.xpath: //input[@placeholder='Email']
15:22:32 INFO  application.MyListener - The element --> By.xpath: //input[@placeholder='Email'] was found
15:22:32 INFO  application.MyListener - Start find element by --> By.xpath: //input[@placeholder='Password']
15:22:32 INFO  application.MyListener - The element --> By.xpath: //input[@placeholder='Password'] was found
15:22:32 INFO  application.MyListener - Start find element by --> By.xpath: //button[.=' Login']
15:22:32 INFO  application.MyListener - The element --> By.xpath: //button[.=' Login'] was found
15:22:33 INFO  application.MyListener - Start find element by --> By.xpath: //a[.='LOGIN']
15:22:33 INFO  application.MyListener - The element --> By.xpath: //a[.='LOGIN'] was found
15:22:33 INFO  tests.TestBase - End off method - loginNegativeTestWithWrongPassword
15:22:33 INFO  tests.TestBase - ==================================
15:22:33 INFO  tests.TestBase - Start on method - loginPositive
15:22:33 INFO  tests.TestBase - Start test with Data - []
15:22:33 INFO  application.MyListener - Start find element by --> By.xpath: //a[.='LOGIN']
15:22:33 INFO  application.MyListener - The element --> By.xpath: //a[.='LOGIN'] was found
15:22:33 INFO  application.MyListener - Start find element by --> By.xpath: //a[.='LOGIN']
15:22:33 INFO  application.MyListener - The element --> By.xpath: //a[.='LOGIN'] was found
15:22:33 INFO  application.MyListener - Start find element by --> By.xpath: //a[.='LOGIN']
15:22:33 INFO  application.MyListener - The element --> By.xpath: //a[.='LOGIN'] was found
15:22:33 INFO  application.MyListener - Start find element by --> By.xpath: //input[@placeholder='Email']
15:22:33 INFO  application.MyListener - The element --> By.xpath: //input[@placeholder='Email'] was found
15:22:33 INFO  application.MyListener - Start find element by --> By.xpath: //input[@placeholder='Password']
15:22:33 INFO  application.MyListener - The element --> By.xpath: //input[@placeholder='Password'] was found
15:22:33 INFO  application.MyListener - Start find element by --> By.xpath: //button[.=' Login']
15:22:33 INFO  application.MyListener - The element --> By.xpath: //button[.=' Login'] was found
15:22:33 INFO  application.MyListener - Start find element by --> By.xpath: //a[.='ADD']
15:22:33 INFO  application.MyListener - The element --> By.xpath: //a[.='ADD'] was found
15:22:34 INFO  application.MyListener - Start find element by --> By.xpath: //button[.='Sign Out']
15:22:34 INFO  application.MyListener - The element --> By.xpath: //button[.='Sign Out'] was found
15:22:34 INFO  tests.TestBase - End off method - loginPositive
15:22:34 INFO  tests.TestBase - ==================================
15:22:34 INFO  tests.TestBase - Start on method - loginPositiveDto
15:22:34 INFO  tests.TestBase - Start test with Data - []
15:22:34 INFO  application.MyListener - Start find element by --> By.xpath: //a[.='LOGIN']
15:22:34 INFO  application.MyListener - The element --> By.xpath: //a[.='LOGIN'] was found
15:22:34 INFO  application.MyListener - Start find element by --> By.xpath: //a[.='LOGIN']
15:22:34 INFO  application.MyListener - The element --> By.xpath: //a[.='LOGIN'] was found
15:22:34 INFO  application.MyListener - Start find element by --> By.xpath: //a[.='LOGIN']
15:22:34 INFO  application.MyListener - The element --> By.xpath: //a[.='LOGIN'] was found
15:22:34 INFO  application.MyListener - Start find element by --> By.xpath: //input[@placeholder='Email']
15:22:34 INFO  application.MyListener - The element --> By.xpath: //input[@placeholder='Email'] was found
15:22:34 INFO  application.MyListener - Start find element by --> By.xpath: //input[@placeholder='Password']
15:22:34 INFO  application.MyListener - The element --> By.xpath: //input[@placeholder='Password'] was found
15:22:34 INFO  application.MyListener - Start find element by --> By.xpath: //button[.=' Login']
15:22:34 INFO  application.MyListener - The element --> By.xpath: //button[.=' Login'] was found
15:22:34 INFO  application.MyListener - Start find element by --> By.xpath: //button[.='Sign Out']
15:22:34 INFO  application.MyListener - The element --> By.xpath: //button[.='Sign Out'] was found
15:22:34 INFO  tests.TestBase - End off method - loginPositiveDto
15:22:34 INFO  tests.TestBase - ==================================
15:22:34 INFO  tests.TestBase - Start on method - loginTestBase
15:22:34 INFO  tests.TestBase - Start test with Data - []
15:22:34 INFO  application.MyListener - Start find element by --> By.xpath: //a[.='LOGIN']
15:22:34 INFO  application.MyListener - The element --> By.xpath: //a[.='LOGIN'] was found
15:22:34 INFO  application.MyListener - Start find element by --> By.xpath: //a[.='LOGIN']
15:22:34 INFO  application.MyListener - The element --> By.xpath: //a[.='LOGIN'] was found
15:22:34 INFO  application.MyListener - Start find element by --> By.xpath: //a[.='LOGIN']
15:22:34 INFO  application.MyListener - The element --> By.xpath: //a[.='LOGIN'] was found
15:22:34 INFO  application.MyListener - Start find element by --> By.xpath: //input[@placeholder='Email']
15:22:34 INFO  application.MyListener - The element --> By.xpath: //input[@placeholder='Email'] was found
15:22:35 INFO  application.MyListener - Start find element by --> By.xpath: //input[@placeholder='Password']
15:22:35 INFO  application.MyListener - The element --> By.xpath: //input[@placeholder='Password'] was found
15:22:35 INFO  application.MyListener - Start find element by --> By.xpath: //button[.=' Login']
15:22:35 INFO  application.MyListener - The element --> By.xpath: //button[.=' Login'] was found
15:22:35 INFO  application.MyListener - Start find element by --> By.xpath: //a[.='LOGIN']
15:22:35 INFO  application.MyListener - The element --> By.xpath: //a[.='LOGIN'] was found
15:22:35 INFO  tests.TestBase - End off method - loginTestBase
15:22:35 INFO  tests.TestBase - ==================================
15:22:35 INFO  tests.TestBase - Start on method - loginTestDP_CSV
15:22:35 INFO  tests.TestBase - Start test with Data - [User{email='skelon+4@bk.ru', password='Qwerty$4'}]
15:22:35 INFO  application.MyListener - Start find element by --> By.xpath: //a[.='LOGIN']
15:22:35 INFO  application.MyListener - The element --> By.xpath: //a[.='LOGIN'] was found
15:22:36 INFO  application.MyListener - Start find element by --> By.xpath: //a[.='LOGIN']
15:22:39 INFO  application.MyListener - The element --> By.xpath: //a[.='LOGIN'] was found
15:22:39 INFO  application.MyListener - Start find element by --> By.xpath: //button[.='Sign Out']
15:22:39 INFO  application.MyListener - The element --> By.xpath: //button[.='Sign Out'] was found
15:22:39 INFO  application.MyListener - Start find element by --> By.xpath: //a[.='LOGIN']
15:22:39 INFO  application.MyListener - The element --> By.xpath: //a[.='LOGIN'] was found
15:22:39 INFO  application.MyListener - Start find element by --> By.xpath: //input[@placeholder='Email']
15:22:39 INFO  application.MyListener - The element --> By.xpath: //input[@placeholder='Email'] was found
15:22:39 INFO  application.MyListener - Start find element by --> By.xpath: //input[@placeholder='Password']
15:22:39 INFO  application.MyListener - The element --> By.xpath: //input[@placeholder='Password'] was found
15:22:40 INFO  application.MyListener - Start find element by --> By.xpath: //button[.=' Login']
15:22:40 INFO  application.MyListener - The element --> By.xpath: //button[.=' Login'] was found
15:22:40 INFO  application.MyListener - Start find element by --> By.xpath: //button[.='Sign Out']
15:22:40 INFO  application.MyListener - The element --> By.xpath: //button[.='Sign Out'] was found
15:22:40 INFO  application.MyListener - Start find element by --> By.xpath: //a[.='LOGIN']
15:22:40 INFO  application.MyListener - The element --> By.xpath: //a[.='LOGIN'] was found
15:22:40 INFO  tests.TestBase - End off method - loginTestDP_CSV
15:22:40 INFO  tests.TestBase - ==================================
15:22:40 INFO  tests.TestBase - Start on method - loginTestDP_CSV
15:22:40 INFO  tests.TestBase - Start test with Data - [User{email='skelon+11@bk.ru', password='Qwerty$4'}]
15:22:40 INFO  application.MyListener - Start find element by --> By.xpath: //a[.='LOGIN']
15:22:40 INFO  application.MyListener - The element --> By.xpath: //a[.='LOGIN'] was found
15:22:41 INFO  application.MyListener - Start find element by --> By.xpath: //a[.='LOGIN']
15:22:41 INFO  application.MyListener - The element --> By.xpath: //a[.='LOGIN'] was found
15:22:41 INFO  application.MyListener - Start find element by --> By.xpath: //a[.='LOGIN']
15:22:41 INFO  application.MyListener - The element --> By.xpath: //a[.='LOGIN'] was found
15:22:41 INFO  application.MyListener - Start find element by --> By.xpath: //input[@placeholder='Email']
15:22:41 INFO  application.MyListener - The element --> By.xpath: //input[@placeholder='Email'] was found
15:22:41 INFO  application.MyListener - Start find element by --> By.xpath: //input[@placeholder='Password']
15:22:41 INFO  application.MyListener - The element --> By.xpath: //input[@placeholder='Password'] was found
15:22:41 INFO  application.MyListener - Start find element by --> By.xpath: //button[.=' Login']
15:22:41 INFO  application.MyListener - The element --> By.xpath: //button[.=' Login'] was found
15:22:42 INFO  application.MyListener - Start find element by --> By.xpath: //button[.='Sign Out']
15:22:42 INFO  application.MyListener - The element --> By.xpath: //button[.='Sign Out'] was found
15:22:42 INFO  application.MyListener - Start find element by --> By.xpath: //a[.='LOGIN']
15:22:42 INFO  application.MyListener - The element --> By.xpath: //a[.='LOGIN'] was found
15:22:42 INFO  tests.TestBase - End off method - loginTestDP_CSV
15:22:42 INFO  tests.TestBase - ==================================
15:22:42 INFO  tests.TestBase - Start on method - loginTestDP_CSV
15:22:42 INFO  tests.TestBase - Start test with Data - [User{email='skelon+10@bk.ru', password='Qwerty$4'}]
15:22:42 INFO  application.MyListener - Start find element by --> By.xpath: //a[.='LOGIN']
15:22:42 INFO  application.MyListener - The element --> By.xpath: //a[.='LOGIN'] was found
15:22:43 INFO  application.MyListener - Start find element by --> By.xpath: //a[.='LOGIN']
15:22:43 INFO  application.MyListener - The element --> By.xpath: //a[.='LOGIN'] was found
15:22:43 INFO  application.MyListener - Start find element by --> By.xpath: //a[.='LOGIN']
15:22:43 INFO  application.MyListener - The element --> By.xpath: //a[.='LOGIN'] was found
15:22:43 INFO  application.MyListener - Start find element by --> By.xpath: //input[@placeholder='Email']
15:22:43 INFO  application.MyListener - The element --> By.xpath: //input[@placeholder='Email'] was found
15:22:43 INFO  application.MyListener - Start find element by --> By.xpath: //input[@placeholder='Password']
15:22:43 INFO  application.MyListener - The element --> By.xpath: //input[@placeholder='Password'] was found
15:22:43 INFO  application.MyListener - Start find element by --> By.xpath: //button[.=' Login']
15:22:43 INFO  application.MyListener - The element --> By.xpath: //button[.=' Login'] was found
15:22:43 INFO  application.MyListener - Start find element by --> By.xpath: //button[.='Sign Out']
15:22:44 INFO  application.MyListener - The element --> By.xpath: //button[.='Sign Out'] was found
15:22:44 INFO  application.MyListener - Start find element by --> By.xpath: //a[.='LOGIN']
15:22:44 INFO  application.MyListener - The element --> By.xpath: //a[.='LOGIN'] was found
15:22:44 INFO  tests.TestBase - End off method - loginTestDP_CSV
15:22:44 INFO  tests.TestBase - ==================================
15:22:44 INFO  tests.TestBase - Start on method - loginTestDataProvider
15:22:44 INFO  tests.TestBase - Start test with Data - [skelon+4@bk.ru, Qwerty$4]
15:22:44 INFO  application.MyListener - Start find element by --> By.xpath: //a[.='LOGIN']
15:22:44 INFO  application.MyListener - The element --> By.xpath: //a[.='LOGIN'] was found
15:22:44 INFO  application.MyListener - Start find element by --> By.xpath: //a[.='LOGIN']
15:22:44 INFO  application.MyListener - The element --> By.xpath: //a[.='LOGIN'] was found
15:22:44 INFO  application.MyListener - Start find element by --> By.xpath: //a[.='LOGIN']
15:22:44 INFO  application.MyListener - The element --> By.xpath: //a[.='LOGIN'] was found
15:22:44 INFO  application.MyListener - Start find element by --> By.xpath: //input[@placeholder='Email']
15:22:44 INFO  application.MyListener - The element --> By.xpath: //input[@placeholder='Email'] was found
15:22:44 INFO  application.MyListener - Start find element by --> By.xpath: //input[@placeholder='Password']
15:22:44 INFO  application.MyListener - The element --> By.xpath: //input[@placeholder='Password'] was found
15:22:44 INFO  application.MyListener - Start find element by --> By.xpath: //button[.=' Login']
15:22:44 INFO  application.MyListener - The element --> By.xpath: //button[.=' Login'] was found
15:22:44 INFO  application.MyListener - Start find element by --> By.xpath: //a[.='LOGIN']
15:22:44 INFO  application.MyListener - The element --> By.xpath: //a[.='LOGIN'] was found
15:22:44 INFO  application.MyListener - Start find element by --> By.xpath: //button[.='Sign Out']
15:22:44 INFO  application.MyListener - The element --> By.xpath: //button[.='Sign Out'] was found
15:22:44 INFO  tests.TestBase - End off method - loginTestDataProvider
15:22:44 INFO  tests.TestBase - ==================================
15:22:44 INFO  tests.TestBase - Start on method - loginTestDataProvider
15:22:44 INFO  tests.TestBase - Start test with Data - [skelon+11@bk.ru, Qwerty$4]
15:22:44 INFO  application.MyListener - Start find element by --> By.xpath: //a[.='LOGIN']
15:22:44 INFO  application.MyListener - The element --> By.xpath: //a[.='LOGIN'] was found
15:22:44 INFO  application.MyListener - Start find element by --> By.xpath: //a[.='LOGIN']
15:22:44 INFO  application.MyListener - The element --> By.xpath: //a[.='LOGIN'] was found
15:22:44 INFO  application.MyListener - Start find element by --> By.xpath: //a[.='LOGIN']
15:22:44 INFO  application.MyListener - The element --> By.xpath: //a[.='LOGIN'] was found
15:22:44 INFO  application.MyListener - Start find element by --> By.xpath: //input[@placeholder='Email']
15:22:45 INFO  application.MyListener - The element --> By.xpath: //input[@placeholder='Email'] was found
15:22:45 INFO  application.MyListener - Start find element by --> By.xpath: //input[@placeholder='Password']
15:22:45 INFO  application.MyListener - The element --> By.xpath: //input[@placeholder='Password'] was found
15:22:45 INFO  application.MyListener - Start find element by --> By.xpath: //button[.=' Login']
15:22:45 INFO  application.MyListener - The element --> By.xpath: //button[.=' Login'] was found
15:22:45 INFO  application.MyListener - Start find element by --> By.xpath: //a[.='LOGIN']
15:22:45 INFO  application.MyListener - The element --> By.xpath: //a[.='LOGIN'] was found
15:22:45 INFO  application.MyListener - Start find element by --> By.xpath: //button[.='Sign Out']
15:22:45 INFO  application.MyListener - The element --> By.xpath: //button[.='Sign Out'] was found
15:22:45 INFO  tests.TestBase - End off method - loginTestDataProvider
15:22:45 INFO  tests.TestBase - ==================================
15:22:45 INFO  tests.TestBase - Start on method - loginTestDataProvider
15:22:45 INFO  tests.TestBase - Start test with Data - [skelon+10@bk.ru, Qwerty$4]
15:22:45 INFO  application.MyListener - Start find element by --> By.xpath: //a[.='LOGIN']
15:22:45 INFO  application.MyListener - The element --> By.xpath: //a[.='LOGIN'] was found
15:22:45 INFO  application.MyListener - Start find element by --> By.xpath: //a[.='LOGIN']
15:22:45 INFO  application.MyListener - The element --> By.xpath: //a[.='LOGIN'] was found
15:22:45 INFO  application.MyListener - Start find element by --> By.xpath: //a[.='LOGIN']
15:22:45 INFO  application.MyListener - The element --> By.xpath: //a[.='LOGIN'] was found
15:22:45 INFO  application.MyListener - Start find element by --> By.xpath: //input[@placeholder='Email']
15:22:45 INFO  application.MyListener - The element --> By.xpath: //input[@placeholder='Email'] was found
15:22:45 INFO  application.MyListener - Start find element by --> By.xpath: //input[@placeholder='Password']
15:22:45 INFO  application.MyListener - The element --> By.xpath: //input[@placeholder='Password'] was found
15:22:46 INFO  application.MyListener - Start find element by --> By.xpath: //button[.=' Login']
15:22:46 INFO  application.MyListener - The element --> By.xpath: //button[.=' Login'] was found
15:22:46 INFO  application.MyListener - Start find element by --> By.xpath: //a[.='LOGIN']
15:22:46 INFO  application.MyListener - The element --> By.xpath: //a[.='LOGIN'] was found
15:22:46 INFO  application.MyListener - Start find element by --> By.xpath: //button[.='Sign Out']
15:22:46 INFO  application.MyListener - The element --> By.xpath: //button[.='Sign Out'] was found
15:22:46 INFO  tests.TestBase - End off method - loginTestDataProvider
15:22:46 INFO  tests.TestBase - ==================================
15:22:46 INFO  tests.TestBase - Start on method - loginTestDataProviderClass
15:22:46 INFO  tests.TestBase - Start test with Data - [skelon+4@bk.ru, Qwerty$4]
15:22:46 INFO  application.MyListener - Start find element by --> By.xpath: //a[.='LOGIN']
15:22:46 INFO  application.MyListener - The element --> By.xpath: //a[.='LOGIN'] was found
15:22:46 INFO  application.MyListener - Start find element by --> By.xpath: //a[.='LOGIN']
15:22:46 INFO  application.MyListener - The element --> By.xpath: //a[.='LOGIN'] was found
15:22:46 INFO  application.MyListener - Start find element by --> By.xpath: //a[.='LOGIN']
15:22:46 INFO  application.MyListener - The element --> By.xpath: //a[.='LOGIN'] was found
15:22:46 INFO  application.MyListener - Start find element by --> By.xpath: //input[@placeholder='Email']
15:22:46 INFO  application.MyListener - The element --> By.xpath: //input[@placeholder='Email'] was found
15:22:46 INFO  application.MyListener - Start find element by --> By.xpath: //input[@placeholder='Password']
15:22:46 INFO  application.MyListener - The element --> By.xpath: //input[@placeholder='Password'] was found
15:22:46 INFO  application.MyListener - Start find element by --> By.xpath: //button[.=' Login']
15:22:46 INFO  application.MyListener - The element --> By.xpath: //button[.=' Login'] was found
15:22:46 INFO  application.MyListener - Start find element by --> By.xpath: //a[.='LOGIN']
15:22:46 INFO  application.MyListener - The element --> By.xpath: //a[.='LOGIN'] was found
15:22:46 INFO  application.MyListener - Start find element by --> By.xpath: //button[.='Sign Out']
15:22:47 INFO  application.MyListener - The element --> By.xpath: //button[.='Sign Out'] was found
15:22:48 INFO  tests.TestBase - End off method - loginTestDataProviderClass
15:22:48 INFO  tests.TestBase - ==================================
15:22:48 INFO  tests.TestBase - Start on method - loginTestDataProviderClass
15:22:48 INFO  tests.TestBase - Start test with Data - [skelon+11@bk.ru, Qwerty$4]
15:22:48 INFO  application.MyListener - Start find element by --> By.xpath: //a[.='LOGIN']
15:22:48 INFO  application.MyListener - The element --> By.xpath: //a[.='LOGIN'] was found
15:22:48 INFO  application.MyListener - Start find element by --> By.xpath: //a[.='LOGIN']
15:22:48 INFO  application.MyListener - The element --> By.xpath: //a[.='LOGIN'] was found
15:22:48 INFO  application.MyListener - Start find element by --> By.xpath: //a[.='LOGIN']
15:22:48 INFO  application.MyListener - The element --> By.xpath: //a[.='LOGIN'] was found
15:22:48 INFO  application.MyListener - Start find element by --> By.xpath: //input[@placeholder='Email']
15:22:48 INFO  application.MyListener - The element --> By.xpath: //input[@placeholder='Email'] was found
15:22:48 INFO  application.MyListener - Start find element by --> By.xpath: //input[@placeholder='Password']
15:22:48 INFO  application.MyListener - The element --> By.xpath: //input[@placeholder='Password'] was found
15:22:48 INFO  application.MyListener - Start find element by --> By.xpath: //button[.=' Login']
15:22:48 INFO  application.MyListener - The element --> By.xpath: //button[.=' Login'] was found
15:22:48 INFO  application.MyListener - Start find element by --> By.xpath: //a[.='LOGIN']
15:22:48 INFO  application.MyListener - The element --> By.xpath: //a[.='LOGIN'] was found
15:22:48 INFO  application.MyListener - Start find element by --> By.xpath: //button[.='Sign Out']
15:22:48 INFO  application.MyListener - The element --> By.xpath: //button[.='Sign Out'] was found
15:22:49 INFO  tests.TestBase - End off method - loginTestDataProviderClass
15:22:49 INFO  tests.TestBase - ==================================
15:22:49 INFO  tests.TestBase - Start on method - loginTestDataProviderClass
15:22:49 INFO  tests.TestBase - Start test with Data - [skelon+10@bk.ru, Qwerty$4]
15:22:49 INFO  application.MyListener - Start find element by --> By.xpath: //a[.='LOGIN']
15:22:49 INFO  application.MyListener - The element --> By.xpath: //a[.='LOGIN'] was found
15:22:49 INFO  application.MyListener - Start find element by --> By.xpath: //a[.='LOGIN']
15:22:49 INFO  application.MyListener - The element --> By.xpath: //a[.='LOGIN'] was found
15:22:49 INFO  application.MyListener - Start find element by --> By.xpath: //a[.='LOGIN']
15:22:49 INFO  application.MyListener - The element --> By.xpath: //a[.='LOGIN'] was found
15:22:50 INFO  application.MyListener - Start find element by --> By.xpath: //input[@placeholder='Email']
15:22:50 INFO  application.MyListener - The element --> By.xpath: //input[@placeholder='Email'] was found
15:22:50 INFO  application.MyListener - Start find element by --> By.xpath: //input[@placeholder='Password']
15:22:50 INFO  application.MyListener - The element --> By.xpath: //input[@placeholder='Password'] was found
15:22:50 INFO  application.MyListener - Start find element by --> By.xpath: //button[.=' Login']
15:22:50 INFO  application.MyListener - The element --> By.xpath: //button[.=' Login'] was found
15:22:50 INFO  application.MyListener - Start find element by --> By.xpath: //a[.='LOGIN']
15:22:50 INFO  application.MyListener - The element --> By.xpath: //a[.='LOGIN'] was found
15:22:50 INFO  application.MyListener - Start find element by --> By.xpath: //button[.='Sign Out']
15:22:50 INFO  application.MyListener - The element --> By.xpath: //button[.='Sign Out'] was found
15:22:51 INFO  tests.TestBase - End off method - loginTestDataProviderClass
15:22:51 INFO  tests.TestBase - ==================================
15:22:51 INFO  tests.TestBase - Start on method - smokeTest
15:22:51 INFO  tests.TestBase - Start test with Data - []
15:22:51 INFO  tests.TestBase - End off method - smokeTest
15:22:51 INFO  tests.TestBase - ==================================
15:22:51 INFO  tests.TestBase - Start on method - registrationPositive
15:22:51 INFO  tests.TestBase - Start test with Data - []
15:22:51 INFO  application.MyListener - Start find element by --> By.xpath: //a[.='LOGIN']
15:22:51 INFO  application.MyListener - The element --> By.xpath: //a[.='LOGIN'] was found
15:22:51 INFO  application.MyListener - Start find element by --> By.xpath: //a[.='LOGIN']
15:22:51 INFO  application.MyListener - The element --> By.xpath: //a[.='LOGIN'] was found
15:22:51 INFO  application.MyListener - Start find element by --> By.xpath: //a[.='LOGIN']
15:22:51 INFO  application.MyListener - The element --> By.xpath: //a[.='LOGIN'] was found
15:22:51 INFO  application.MyListener - Start find element by --> By.xpath: //input[@placeholder='Email']
15:22:51 INFO  application.MyListener - The element --> By.xpath: //input[@placeholder='Email'] was found
15:22:52 INFO  application.MyListener - Start find element by --> By.xpath: //input[@placeholder='Password']
15:22:52 INFO  application.MyListener - The element --> By.xpath: //input[@placeholder='Password'] was found
15:22:52 INFO  application.MyListener - Start find element by --> By.xpath: //button[.=' Registration']
15:22:52 INFO  application.MyListener - The element --> By.xpath: //button[.=' Registration'] was found
15:22:52 INFO  application.MyListener - Start find element by --> By.xpath: //button[.='Sign Out']
15:22:52 INFO  application.MyListener - The element --> By.xpath: //button[.='Sign Out'] was found
15:22:52 INFO  tests.TestBase - End off method - registrationPositive
15:22:52 INFO  tests.TestBase - ==================================
15:22:52 INFO  tests.TestBase - Start on method - registrationPositiveDto
15:22:52 INFO  tests.TestBase - Start test with Data - []
15:22:52 INFO  application.MyListener - Start find element by --> By.xpath: //a[.='LOGIN']
15:22:52 INFO  application.MyListener - The element --> By.xpath: //a[.='LOGIN'] was found
15:22:52 INFO  application.MyListener - Start find element by --> By.xpath: //a[.='LOGIN']
15:22:52 INFO  application.MyListener - The element --> By.xpath: //a[.='LOGIN'] was found
15:22:52 INFO  application.MyListener - Start find element by --> By.xpath: //a[.='LOGIN']
15:22:52 INFO  application.MyListener - The element --> By.xpath: //a[.='LOGIN'] was found
15:22:52 INFO  application.MyListener - Start find element by --> By.xpath: //input[@placeholder='Email']
15:22:52 INFO  application.MyListener - The element --> By.xpath: //input[@placeholder='Email'] was found
15:22:53 INFO  application.MyListener - Start find element by --> By.xpath: //input[@placeholder='Password']
15:22:53 INFO  application.MyListener - The element --> By.xpath: //input[@placeholder='Password'] was found
15:22:53 INFO  application.MyListener - Start find element by --> By.xpath: //button[.=' Registration']
15:22:53 INFO  application.MyListener - The element --> By.xpath: //button[.=' Registration'] was found
15:22:53 INFO  application.MyListener - Start find element by --> By.xpath: //button[.='Sign Out']
15:22:53 INFO  application.MyListener - The element --> By.xpath: //button[.='Sign Out'] was found
15:22:53 INFO  tests.TestBase - End off method - registrationPositiveDto
15:22:53 INFO  tests.TestBase - ==================================
15:22:53 INFO  tests.TestBase - Start on method - removeAllContacts
15:22:53 INFO  tests.TestBase - Start test with Data - []
15:22:53 INFO  application.MyListener - Start find element by --> By.xpath: //a[.='LOGIN']
15:22:53 INFO  application.MyListener - The element --> By.xpath: //a[.='LOGIN'] was found
15:22:53 INFO  application.MyListener - Start find element by --> By.xpath: //a[.='LOGIN']
15:22:53 INFO  application.MyListener - The element --> By.xpath: //a[.='LOGIN'] was found
15:22:53 INFO  application.MyListener - Start find element by --> By.xpath: //a[.='LOGIN']
15:22:53 INFO  application.MyListener - The element --> By.xpath: //a[.='LOGIN'] was found
15:22:53 INFO  application.MyListener - Start find element by --> By.xpath: //input[@placeholder='Email']
15:22:53 INFO  application.MyListener - The element --> By.xpath: //input[@placeholder='Email'] was found
15:22:53 INFO  application.MyListener - Start find element by --> By.xpath: //input[@placeholder='Password']
15:22:53 INFO  application.MyListener - The element --> By.xpath: //input[@placeholder='Password'] was found
15:22:54 INFO  application.MyListener - Start find element by --> By.xpath: //button[.=' Login']
15:22:54 INFO  application.MyListener - The element --> By.xpath: //button[.=' Login'] was found
15:22:55 INFO  application.MyListener - Start find element by --> By.cssSelector: .contact-item_card__2SOIM
15:22:55 INFO  application.MyListener - The element --> By.cssSelector: .contact-item_card__2SOIM was found
15:22:55 INFO  application.MyListener - Start find element by --> By.cssSelector: .contact-item_card__2SOIM
15:22:55 INFO  application.MyListener - The element --> By.cssSelector: .contact-item_card__2SOIM was found
15:22:55 INFO  application.MyListener - Start find element by --> By.xpath: //button[.='Remove']
15:22:55 INFO  application.MyListener - The element --> By.xpath: //button[.='Remove'] was found
15:22:55 INFO  application.MyListener - Start find element by --> By.cssSelector: .contact-item_card__2SOIM
15:22:55 INFO  application.MyListener - The element --> By.cssSelector: .contact-item_card__2SOIM was found
15:22:55 INFO  application.MyListener - Start find element by --> By.cssSelector: .contact-item_card__2SOIM
15:22:55 INFO  application.MyListener - The element --> By.cssSelector: .contact-item_card__2SOIM was found
15:22:56 INFO  application.MyListener - Start find element by --> By.xpath: //button[.='Remove']
15:22:56 INFO  application.MyListener - The element --> By.xpath: //button[.='Remove'] was found
15:22:56 INFO  application.MyListener - Start find element by --> By.cssSelector: .contact-item_card__2SOIM
15:22:56 INFO  application.MyListener - The element --> By.cssSelector: .contact-item_card__2SOIM was found
15:22:56 INFO  application.MyListener - Start find element by --> By.cssSelector: .contact-item_card__2SOIM
15:22:56 INFO  application.MyListener - The element --> By.cssSelector: .contact-item_card__2SOIM was found
15:22:56 INFO  application.MyListener - Start find element by --> By.xpath: //button[.='Remove']
15:22:56 INFO  application.MyListener - The element --> By.xpath: //button[.='Remove'] was found
15:22:57 INFO  application.MyListener - Start find element by --> By.cssSelector: .contact-item_card__2SOIM
15:22:57 INFO  application.MyListener - The element --> By.cssSelector: .contact-item_card__2SOIM was found
15:22:57 INFO  application.MyListener - Start find element by --> By.cssSelector: .contact-item_card__2SOIM
15:22:57 INFO  application.MyListener - The element --> By.cssSelector: .contact-item_card__2SOIM was found
15:22:57 INFO  application.MyListener - Start find element by --> By.xpath: //button[.='Remove']
15:22:57 INFO  application.MyListener - The element --> By.xpath: //button[.='Remove'] was found
15:22:58 INFO  application.MyListener - Start find element by --> By.cssSelector: .contact-item_card__2SOIM
15:22:58 INFO  application.MyListener - The element --> By.cssSelector: .contact-item_card__2SOIM was found
15:22:58 INFO  application.MyListener - Start find element by --> By.cssSelector: .contact-item_card__2SOIM
15:22:58 INFO  application.MyListener - The element --> By.cssSelector: .contact-item_card__2SOIM was found
15:22:58 INFO  application.MyListener - Start find element by --> By.xpath: //button[.='Remove']
15:22:58 INFO  application.MyListener - The element --> By.xpath: //button[.='Remove'] was found
15:22:58 INFO  application.MyListener - Start find element by --> By.cssSelector: .contact-item_card__2SOIM
15:22:58 INFO  application.MyListener - The element --> By.cssSelector: .contact-item_card__2SOIM was found
15:22:58 INFO  application.MyListener - Start find element by --> By.cssSelector: .contact-item_card__2SOIM
15:22:58 INFO  application.MyListener - The element --> By.cssSelector: .contact-item_card__2SOIM was found
15:22:58 INFO  application.MyListener - Start find element by --> By.xpath: //button[.='Remove']
15:22:58 INFO  application.MyListener - The element --> By.xpath: //button[.='Remove'] was found
15:22:59 INFO  application.MyListener - Start find element by --> By.cssSelector: .contact-item_card__2SOIM
15:22:59 INFO  application.MyListener - The element --> By.cssSelector: .contact-item_card__2SOIM was found
15:22:59 INFO  application.MyListener - Start find element by --> By.cssSelector: .contact-item_card__2SOIM
15:22:59 INFO  application.MyListener - The element --> By.cssSelector: .contact-item_card__2SOIM was found
15:22:59 INFO  application.MyListener - Start find element by --> By.xpath: //button[.='Remove']
15:22:59 INFO  application.MyListener - The element --> By.xpath: //button[.='Remove'] was found
15:23:00 INFO  application.MyListener - Start find element by --> By.cssSelector: .contact-item_card__2SOIM
15:23:00 INFO  application.MyListener - The element --> By.cssSelector: .contact-item_card__2SOIM was found
15:23:00 INFO  application.MyListener - Start find element by --> By.cssSelector: .contact-item_card__2SOIM
15:23:00 INFO  application.MyListener - The element --> By.cssSelector: .contact-item_card__2SOIM was found
15:23:00 INFO  application.MyListener - Start find element by --> By.xpath: //button[.='Remove']
15:23:00 INFO  application.MyListener - The element --> By.xpath: //button[.='Remove'] was found
15:23:00 INFO  application.MyListener - Start find element by --> By.cssSelector: .contact-item_card__2SOIM
15:23:01 INFO  application.MyListener - The element --> By.cssSelector: .contact-item_card__2SOIM was found
15:23:01 INFO  application.MyListener - Start find element by --> By.cssSelector: .contact-item_card__2SOIM
15:23:01 INFO  application.MyListener - The element --> By.cssSelector: .contact-item_card__2SOIM was found
15:23:01 INFO  application.MyListener - Start find element by --> By.xpath: //button[.='Remove']
15:23:01 INFO  application.MyListener - The element --> By.xpath: //button[.='Remove'] was found
15:23:01 INFO  application.MyListener - Start find element by --> By.cssSelector: .contact-item_card__2SOIM
15:23:01 INFO  application.MyListener - The element --> By.cssSelector: .contact-item_card__2SOIM was found
15:23:01 INFO  application.MyListener - Start find element by --> By.cssSelector: .contact-item_card__2SOIM
15:23:01 INFO  application.MyListener - The element --> By.cssSelector: .contact-item_card__2SOIM was found
15:23:01 INFO  application.MyListener - Start find element by --> By.xpath: //button[.='Remove']
15:23:01 INFO  application.MyListener - The element --> By.xpath: //button[.='Remove'] was found
15:23:02 INFO  application.MyListener - Start find element by --> By.cssSelector: .contact-item_card__2SOIM
15:23:02 INFO  application.MyListener - The element --> By.cssSelector: .contact-item_card__2SOIM was found
15:23:02 INFO  application.MyListener - Start find element by --> By.cssSelector: .contact-item_card__2SOIM
15:23:02 INFO  application.MyListener - The element --> By.cssSelector: .contact-item_card__2SOIM was found
15:23:02 INFO  application.MyListener - Start find element by --> By.xpath: //button[.='Remove']
15:23:02 INFO  application.MyListener - The element --> By.xpath: //button[.='Remove'] was found
15:23:03 INFO  application.MyListener - Start find element by --> By.cssSelector: .contact-item_card__2SOIM
15:23:03 INFO  application.MyListener - The element --> By.cssSelector: .contact-item_card__2SOIM was found
15:23:03 INFO  tests.TestBase - End off method - removeAllContacts
15:23:03 INFO  tests.TestBase - ==================================
15:23:03 INFO  tests.TestBase - Start on method - removeOneContact
15:23:03 INFO  tests.TestBase - Start test with Data - []
15:23:03 INFO  application.MyListener - Start find element by --> By.xpath: //a[.='LOGIN']
15:23:06 INFO  application.MyListener - The element --> By.xpath: //a[.='LOGIN'] was found
15:23:06 INFO  application.MyListener - Start find element by --> By.cssSelector: .contact-item_card__2SOIM
15:23:06 INFO  application.MyListener - The element --> By.cssSelector: .contact-item_card__2SOIM was found
15:23:06 INFO  application.MyListener - Start find element by --> By.xpath: //button[.='Remove']
15:23:06 INFO  application.MyListener - The element --> By.xpath: //button[.='Remove'] was found
15:23:06 INFO  tests.TestBase - End off method - removeOneContact
15:23:06 INFO  tests.TestBase - ==================================
15:23:06 INFO  tests.TestBase - Start on method - smokeTest
15:23:06 INFO  tests.TestBase - Start test with Data - []
15:23:08 INFO  tests.TestBase - End off method - smokeTest
