20:31:47 INFO  application.ApplicationManager - Start browser CHROME
20:31:47 INFO  tests.TestBase - ==================================
20:31:47 INFO  tests.TestBase - Start on method - addContactTestBase
20:31:47 INFO  tests.TestBase - Start test with Data - []
20:31:47 INFO  application.MyListener - Start find element by --> By.xpath: //a[.='LOGIN']
20:31:47 INFO  application.MyListener - The element --> By.xpath: //a[.='LOGIN'] was found
20:31:48 INFO  application.MyListener - Start find element by --> By.xpath: //a[.='LOGIN']
20:31:48 INFO  application.MyListener - The element --> By.xpath: //a[.='LOGIN'] was found
20:31:48 INFO  application.MyListener - Start find element by --> By.xpath: //a[.='LOGIN']
20:31:48 INFO  application.MyListener - The element --> By.xpath: //a[.='LOGIN'] was found
20:31:48 INFO  application.MyListener - Start find element by --> By.xpath: //input[@placeholder='Email']
20:31:48 INFO  application.MyListener - The element --> By.xpath: //input[@placeholder='Email'] was found
20:31:48 INFO  application.MyListener - Start find element by --> By.xpath: //input[@placeholder='Password']
20:31:48 INFO  application.MyListener - The element --> By.xpath: //input[@placeholder='Password'] was found
20:31:48 INFO  application.MyListener - Start find element by --> By.xpath: //button[.=' Login']
20:31:48 INFO  application.MyListener - The element --> By.xpath: //button[.=' Login'] was found
20:31:49 INFO  application.MyListener - Start find element by --> By.xpath: //a[.='ADD']
20:31:49 INFO  application.MyListener - The element --> By.xpath: //a[.='ADD'] was found
20:31:49 INFO  application.MyListener - Start find element by --> By.cssSelector: input[placeholder='Name']
20:31:49 INFO  application.MyListener - The element --> By.cssSelector: input[placeholder='Name'] was found
20:31:50 INFO  application.MyListener - Start find element by --> By.cssSelector: input[placeholder='Last Name']
20:31:50 INFO  application.MyListener - The element --> By.cssSelector: input[placeholder='Last Name'] was found
20:31:50 INFO  application.MyListener - Start find element by --> By.cssSelector: input[placeholder='Phone']
20:31:50 INFO  application.MyListener - The element --> By.cssSelector: input[placeholder='Phone'] was found
20:31:50 INFO  application.MyListener - Start find element by --> By.cssSelector: input[placeholder='email']
20:31:50 INFO  application.MyListener - The element --> By.cssSelector: input[placeholder='email'] was found
20:31:50 INFO  application.MyListener - Start find element by --> By.cssSelector: input[placeholder='Address']
20:31:50 INFO  application.MyListener - The element --> By.cssSelector: input[placeholder='Address'] was found
20:31:51 INFO  application.MyListener - Start find element by --> By.cssSelector: input[placeholder='description']
20:31:51 INFO  application.MyListener - The element --> By.cssSelector: input[placeholder='description'] was found
20:31:52 INFO  application.MyListener - Start find element by --> By.xpath: //h3
20:31:52 INFO  application.MyListener - The element --> By.xpath: //h3 was found
20:31:52 INFO  tests.TestBase - End off method - addContactTestBase
20:31:52 INFO  tests.TestBase - ==================================
20:31:52 INFO  tests.TestBase - Start on method - addContactTestBase
20:31:52 INFO  tests.TestBase - Start test with Data - []
20:31:52 INFO  application.MyListener - Start find element by --> By.xpath: //a[.='LOGIN']
20:31:55 INFO  application.MyListener - The element --> By.xpath: //a[.='LOGIN'] was found
20:31:55 INFO  application.MyListener - Start find element by --> By.xpath: //a[.='ADD']
20:31:55 INFO  application.MyListener - The element --> By.xpath: //a[.='ADD'] was found
20:31:56 INFO  application.MyListener - Start find element by --> By.cssSelector: input[placeholder='Name']
20:31:56 INFO  application.MyListener - The element --> By.cssSelector: input[placeholder='Name'] was found
20:31:56 INFO  application.MyListener - Start find element by --> By.cssSelector: input[placeholder='Last Name']
20:31:56 INFO  application.MyListener - The element --> By.cssSelector: input[placeholder='Last Name'] was found
20:31:56 INFO  application.MyListener - Start find element by --> By.cssSelector: input[placeholder='Phone']
20:31:56 INFO  application.MyListener - The element --> By.cssSelector: input[placeholder='Phone'] was found
20:31:56 INFO  application.MyListener - Start find element by --> By.cssSelector: input[placeholder='email']
20:31:56 INFO  application.MyListener - The element --> By.cssSelector: input[placeholder='email'] was found
20:31:57 INFO  application.MyListener - Start find element by --> By.cssSelector: input[placeholder='Address']
20:31:57 INFO  application.MyListener - The element --> By.cssSelector: input[placeholder='Address'] was found
20:31:57 INFO  application.MyListener - Start find element by --> By.cssSelector: input[placeholder='description']
20:31:57 INFO  application.MyListener - The element --> By.cssSelector: input[placeholder='description'] was found
20:31:58 INFO  application.MyListener - Start find element by --> By.xpath: //h3
20:31:58 INFO  application.MyListener - The element --> By.xpath: //h3 was found
20:31:58 INFO  tests.TestBase - End off method - addContactTestBase
20:31:58 INFO  tests.TestBase - ==================================
20:31:58 INFO  tests.TestBase - Start on method - addContactTestBase
20:31:59 INFO  tests.TestBase - Start test with Data - []
20:31:59 INFO  application.MyListener - Start find element by --> By.xpath: //a[.='LOGIN']
20:32:02 INFO  application.MyListener - The element --> By.xpath: //a[.='LOGIN'] was found
20:32:02 INFO  application.MyListener - Start find element by --> By.xpath: //a[.='ADD']
20:32:02 INFO  application.MyListener - The element --> By.xpath: //a[.='ADD'] was found
20:32:02 INFO  application.MyListener - Start find element by --> By.cssSelector: input[placeholder='Name']
20:32:02 INFO  application.MyListener - The element --> By.cssSelector: input[placeholder='Name'] was found
20:32:02 INFO  application.MyListener - Start find element by --> By.cssSelector: input[placeholder='Last Name']
20:32:02 INFO  application.MyListener - The element --> By.cssSelector: input[placeholder='Last Name'] was found
20:32:02 INFO  application.MyListener - Start find element by --> By.cssSelector: input[placeholder='Phone']
20:32:02 INFO  application.MyListener - The element --> By.cssSelector: input[placeholder='Phone'] was found
20:32:02 INFO  application.MyListener - Start find element by --> By.cssSelector: input[placeholder='email']
20:32:02 INFO  application.MyListener - The element --> By.cssSelector: input[placeholder='email'] was found
20:32:03 INFO  application.MyListener - Start find element by --> By.cssSelector: input[placeholder='Address']
20:32:03 INFO  application.MyListener - The element --> By.cssSelector: input[placeholder='Address'] was found
20:32:03 INFO  application.MyListener - Start find element by --> By.cssSelector: input[placeholder='description']
20:32:03 INFO  application.MyListener - The element --> By.cssSelector: input[placeholder='description'] was found
20:32:04 INFO  application.MyListener - Start find element by --> By.xpath: //h3
20:32:04 INFO  application.MyListener - The element --> By.xpath: //h3 was found
20:32:04 INFO  tests.TestBase - End off method - addContactTestBase
