20:50:30 INFO  application.ApplicationManager - Start browser CHROME
20:50:31 INFO  tests.TestBase - ==================================
20:50:31 INFO  tests.TestBase - Start on method - addContactTestDataProvider
20:50:31 INFO  tests.TestBase - Start test with Data - [Masha, Qwerty, 1234512678, kselon01@bk.ru, Haifa, friend]
20:50:31 INFO  application.MyListener - Start find element by --> By.xpath: //a[.='LOGIN']
20:50:31 INFO  application.MyListener - The element --> By.xpath: //a[.='LOGIN'] was found
20:50:31 INFO  application.MyListener - Start find element by --> By.xpath: //a[.='LOGIN']
20:50:31 INFO  application.MyListener - The element --> By.xpath: //a[.='LOGIN'] was found
20:50:31 INFO  application.MyListener - Start find element by --> By.xpath: //a[.='LOGIN']
20:50:31 INFO  application.MyListener - The element --> By.xpath: //a[.='LOGIN'] was found
20:50:31 INFO  application.MyListener - Start find element by --> By.xpath: //input[@placeholder='Email']
20:50:31 INFO  application.MyListener - The element --> By.xpath: //input[@placeholder='Email'] was found
20:50:32 INFO  application.MyListener - Start find element by --> By.xpath: //input[@placeholder='Password']
20:50:32 INFO  application.MyListener - The element --> By.xpath: //input[@placeholder='Password'] was found
20:50:32 INFO  application.MyListener - Start find element by --> By.xpath: //button[.=' Login']
20:50:32 INFO  application.MyListener - The element --> By.xpath: //button[.=' Login'] was found
20:50:33 INFO  application.MyListener - Start find element by --> By.xpath: //a[.='ADD']
20:50:33 INFO  application.MyListener - The element --> By.xpath: //a[.='ADD'] was found
20:50:33 INFO  application.MyListener - Start find element by --> By.cssSelector: input[placeholder='Name']
20:50:33 INFO  application.MyListener - The element --> By.cssSelector: input[placeholder='Name'] was found
20:50:33 INFO  application.MyListener - Start find element by --> By.cssSelector: input[placeholder='Last Name']
20:50:33 INFO  application.MyListener - The element --> By.cssSelector: input[placeholder='Last Name'] was found
20:50:34 INFO  application.MyListener - Start find element by --> By.cssSelector: input[placeholder='Phone']
20:50:34 INFO  application.MyListener - The element --> By.cssSelector: input[placeholder='Phone'] was found
20:50:34 INFO  application.MyListener - Start find element by --> By.cssSelector: input[placeholder='email']
20:50:34 INFO  application.MyListener - The element --> By.cssSelector: input[placeholder='email'] was found
20:50:34 INFO  application.MyListener - Start find element by --> By.cssSelector: input[placeholder='Address']
20:50:34 INFO  application.MyListener - The element --> By.cssSelector: input[placeholder='Address'] was found
20:50:34 INFO  application.MyListener - Start find element by --> By.cssSelector: input[placeholder='description']
20:50:34 INFO  application.MyListener - The element --> By.cssSelector: input[placeholder='description'] was found
20:50:35 INFO  application.MyListener - Start find element by --> By.xpath: //button/b
20:50:36 INFO  application.MyListener - The element --> By.xpath: //button/b was found
20:50:39 INFO  application.MyListener - Screen -> src/test/screenshots/screen-39.png
20:50:39 INFO  application.MyListener - element not interactable
  (Session info: chrome=92.0.4515.131)
Build info: version: '3.141.59', revision: 'e82be7d358', time: '2018-11-14T08:17:03'
System info: host: 'DESKTOP-V8HD5F2', ip: '192.168.1.24', os.name: 'Windows 10', os.arch: 'amd64', os.version: '10.0', java.version: '11.0.11'
Driver info: org.openqa.selenium.chrome.ChromeDriver
Capabilities {acceptInsecureCerts: false, browserName: chrome, browserVersion: 92.0.4515.131, chrome: {chromedriverVersion: 92.0.4515.43 (8c61b7e2989f2..., userDataDir: C:\Users\User\AppData\Local...}, goog:chromeOptions: {debuggerAddress: localhost:64896}, javascriptEnabled: true, networkConnectionEnabled: false, pageLoadStrategy: normal, platform: WINDOWS, platformName: WINDOWS, proxy: Proxy(), setWindowRect: true, strictFileInteractability: false, timeouts: {implicit: 0, pageLoad: 300000, script: 30000}, unhandledPromptBehavior: dismiss and notify, webauthn:extension:credBlob: true, webauthn:extension:largeBlob: true, webauthn:virtualAuthenticators: true}
Session ID: de2653cf943c3f6ab92e3744ca96077a
20:50:39 INFO  tests.TestBase - End off method - addContactTestDataProvider
20:50:39 INFO  tests.TestBase - ==================================
20:50:39 INFO  tests.TestBase - Start on method - addContactTestDataProvider
20:50:39 INFO  tests.TestBase - Start test with Data - [Sasha, Asdfgh, 9872115632, kselon02@bk.ru, Haifa, friend]
20:50:39 INFO  application.MyListener - Start find element by --> By.xpath: //a[.='LOGIN']
20:50:42 INFO  application.MyListener - The element --> By.xpath: //a[.='LOGIN'] was found
20:50:42 INFO  application.MyListener - Start find element by --> By.xpath: //a[.='ADD']
20:50:42 INFO  application.MyListener - The element --> By.xpath: //a[.='ADD'] was found
20:50:42 INFO  application.MyListener - Start find element by --> By.cssSelector: input[placeholder='Name']
20:50:42 INFO  application.MyListener - The element --> By.cssSelector: input[placeholder='Name'] was found
20:50:43 INFO  application.MyListener - Start find element by --> By.cssSelector: input[placeholder='Last Name']
20:50:43 INFO  application.MyListener - The element --> By.cssSelector: input[placeholder='Last Name'] was found
20:50:43 INFO  application.MyListener - Start find element by --> By.cssSelector: input[placeholder='Phone']
20:50:43 INFO  application.MyListener - The element --> By.cssSelector: input[placeholder='Phone'] was found
20:50:43 INFO  application.MyListener - Start find element by --> By.cssSelector: input[placeholder='email']
20:50:43 INFO  application.MyListener - The element --> By.cssSelector: input[placeholder='email'] was found
20:50:43 INFO  application.MyListener - Start find element by --> By.cssSelector: input[placeholder='Address']
20:50:43 INFO  application.MyListener - The element --> By.cssSelector: input[placeholder='Address'] was found
20:50:43 INFO  application.MyListener - Start find element by --> By.cssSelector: input[placeholder='description']
20:50:44 INFO  application.MyListener - The element --> By.cssSelector: input[placeholder='description'] was found
20:50:45 INFO  application.MyListener - Start find element by --> By.xpath: //button/b
20:50:45 INFO  application.MyListener - The element --> By.xpath: //button/b was found
20:50:48 INFO  application.MyListener - Screen -> src/test/screenshots/screen-48.png
20:50:48 INFO  application.MyListener - element not interactable
  (Session info: chrome=92.0.4515.131)
Build info: version: '3.141.59', revision: 'e82be7d358', time: '2018-11-14T08:17:03'
System info: host: 'DESKTOP-V8HD5F2', ip: '192.168.1.24', os.name: 'Windows 10', os.arch: 'amd64', os.version: '10.0', java.version: '11.0.11'
Driver info: org.openqa.selenium.chrome.ChromeDriver
Capabilities {acceptInsecureCerts: false, browserName: chrome, browserVersion: 92.0.4515.131, chrome: {chromedriverVersion: 92.0.4515.43 (8c61b7e2989f2..., userDataDir: C:\Users\User\AppData\Local...}, goog:chromeOptions: {debuggerAddress: localhost:64896}, javascriptEnabled: true, networkConnectionEnabled: false, pageLoadStrategy: normal, platform: WINDOWS, platformName: WINDOWS, proxy: Proxy(), setWindowRect: true, strictFileInteractability: false, timeouts: {implicit: 0, pageLoad: 300000, script: 30000}, unhandledPromptBehavior: dismiss and notify, webauthn:extension:credBlob: true, webauthn:extension:largeBlob: true, webauthn:virtualAuthenticators: true}
Session ID: de2653cf943c3f6ab92e3744ca96077a
20:50:48 INFO  tests.TestBase - End off method - addContactTestDataProvider
20:50:48 INFO  tests.TestBase - ==================================
20:50:48 INFO  tests.TestBase - Start on method - addContactTestDataProvider
20:50:48 INFO  tests.TestBase - Start test with Data - [Mosha, wrnaertn, 1211567412, kselon03@bk.ru, Haifa, friend]
20:50:48 INFO  application.MyListener - Start find element by --> By.xpath: //a[.='LOGIN']
20:50:51 INFO  application.MyListener - The element --> By.xpath: //a[.='LOGIN'] was found
20:50:51 INFO  application.MyListener - Start find element by --> By.xpath: //a[.='ADD']
20:50:51 INFO  application.MyListener - The element --> By.xpath: //a[.='ADD'] was found
20:50:51 INFO  application.MyListener - Start find element by --> By.cssSelector: input[placeholder='Name']
20:50:51 INFO  application.MyListener - The element --> By.cssSelector: input[placeholder='Name'] was found
20:50:52 INFO  application.MyListener - Start find element by --> By.cssSelector: input[placeholder='Last Name']
20:50:52 INFO  application.MyListener - The element --> By.cssSelector: input[placeholder='Last Name'] was found
20:50:52 INFO  application.MyListener - Start find element by --> By.cssSelector: input[placeholder='Phone']
20:50:52 INFO  application.MyListener - The element --> By.cssSelector: input[placeholder='Phone'] was found
20:50:52 INFO  application.MyListener - Start find element by --> By.cssSelector: input[placeholder='email']
20:50:52 INFO  application.MyListener - The element --> By.cssSelector: input[placeholder='email'] was found
20:50:52 INFO  application.MyListener - Start find element by --> By.cssSelector: input[placeholder='Address']
20:50:52 INFO  application.MyListener - The element --> By.cssSelector: input[placeholder='Address'] was found
20:50:52 INFO  application.MyListener - Start find element by --> By.cssSelector: input[placeholder='description']
20:50:52 INFO  application.MyListener - The element --> By.cssSelector: input[placeholder='description'] was found
20:50:54 INFO  application.MyListener - Start find element by --> By.xpath: //button/b
20:50:54 INFO  application.MyListener - The element --> By.xpath: //button/b was found
20:50:57 INFO  application.MyListener - Screen -> src/test/screenshots/screen-57.png
20:50:57 INFO  application.MyListener - element not interactable
  (Session info: chrome=92.0.4515.131)
Build info: version: '3.141.59', revision: 'e82be7d358', time: '2018-11-14T08:17:03'
System info: host: 'DESKTOP-V8HD5F2', ip: '192.168.1.24', os.name: 'Windows 10', os.arch: 'amd64', os.version: '10.0', java.version: '11.0.11'
Driver info: org.openqa.selenium.chrome.ChromeDriver
Capabilities {acceptInsecureCerts: false, browserName: chrome, browserVersion: 92.0.4515.131, chrome: {chromedriverVersion: 92.0.4515.43 (8c61b7e2989f2..., userDataDir: C:\Users\User\AppData\Local...}, goog:chromeOptions: {debuggerAddress: localhost:64896}, javascriptEnabled: true, networkConnectionEnabled: false, pageLoadStrategy: normal, platform: WINDOWS, platformName: WINDOWS, proxy: Proxy(), setWindowRect: true, strictFileInteractability: false, timeouts: {implicit: 0, pageLoad: 300000, script: 30000}, unhandledPromptBehavior: dismiss and notify, webauthn:extension:credBlob: true, webauthn:extension:largeBlob: true, webauthn:virtualAuthenticators: true}
Session ID: de2653cf943c3f6ab92e3744ca96077a
20:50:57 INFO  tests.TestBase - End off method - addContactTestDataProvider
