14:26:28 INFO  application.ApplicationManager - Start browser CHROME
14:26:29 INFO  tests.TestBase - ==================================
14:26:29 INFO  tests.TestBase - Start on method - smokeTest
14:26:29 INFO  tests.TestBase - Start test with Data - []
14:26:31 INFO  tests.TestBase - End off method - smokeTest
14:26:31 INFO  tests.TestBase - ==================================
14:26:31 INFO  tests.TestBase - Start on method - smokeTest
14:26:31 INFO  tests.TestBase - Start test with Data - []
14:26:31 INFO  tests.TestBase - End off method - smokeTest
14:26:31 INFO  tests.TestBase - ==================================
14:26:31 INFO  tests.TestBase - Start on method - loginNegativeTestWithWrongPassword
14:26:31 INFO  tests.TestBase - Start test with Data - []
14:26:31 INFO  application.MyListener - Start find element by --> By.xpath: //a[.='LOGIN']
14:26:31 INFO  application.MyListener - The element --> By.xpath: //a[.='LOGIN'] was found
14:26:31 INFO  application.MyListener - Start find element by --> By.xpath: //a[.='LOGIN']
14:26:31 INFO  application.MyListener - The element --> By.xpath: //a[.='LOGIN'] was found
14:26:31 INFO  application.MyListener - Start find element by --> By.xpath: //a[.='LOGIN']
14:26:31 INFO  application.MyListener - The element --> By.xpath: //a[.='LOGIN'] was found
14:26:31 INFO  application.MyListener - Start find element by --> By.xpath: //input[@placeholder='Email']
14:26:31 INFO  application.MyListener - The element --> By.xpath: //input[@placeholder='Email'] was found
14:26:32 INFO  application.MyListener - Start find element by --> By.xpath: //input[@placeholder='Password']
14:26:32 INFO  application.MyListener - The element --> By.xpath: //input[@placeholder='Password'] was found
14:26:32 INFO  application.MyListener - Start find element by --> By.xpath: //button[.=' Login']
14:26:32 INFO  application.MyListener - The element --> By.xpath: //button[.=' Login'] was found
14:26:33 INFO  application.MyListener - Start find element by --> By.xpath: //a[.='LOGIN']
14:26:33 INFO  application.MyListener - The element --> By.xpath: //a[.='LOGIN'] was found
14:26:33 INFO  tests.TestBase - End off method - loginNegativeTestWithWrongPassword
14:26:33 INFO  tests.TestBase - ==================================
14:26:33 INFO  tests.TestBase - Start on method - loginPositive
14:26:33 INFO  tests.TestBase - Start test with Data - []
14:26:33 INFO  application.MyListener - Start find element by --> By.xpath: //a[.='LOGIN']
14:26:33 INFO  application.MyListener - The element --> By.xpath: //a[.='LOGIN'] was found
14:26:33 INFO  application.MyListener - Start find element by --> By.xpath: //a[.='LOGIN']
14:26:33 INFO  application.MyListener - The element --> By.xpath: //a[.='LOGIN'] was found
14:26:33 INFO  application.MyListener - Start find element by --> By.xpath: //a[.='LOGIN']
14:26:33 INFO  application.MyListener - The element --> By.xpath: //a[.='LOGIN'] was found
14:26:33 INFO  application.MyListener - Start find element by --> By.xpath: //input[@placeholder='Email']
14:26:33 INFO  application.MyListener - The element --> By.xpath: //input[@placeholder='Email'] was found
14:26:34 INFO  application.MyListener - Start find element by --> By.xpath: //input[@placeholder='Password']
14:26:34 INFO  application.MyListener - The element --> By.xpath: //input[@placeholder='Password'] was found
14:26:34 INFO  application.MyListener - Start find element by --> By.xpath: //button[.=' Login']
14:26:34 INFO  application.MyListener - The element --> By.xpath: //button[.=' Login'] was found
14:26:34 INFO  application.MyListener - Start find element by --> By.xpath: //a[.='ADD']
14:26:34 INFO  application.MyListener - The element --> By.xpath: //a[.='ADD'] was found
14:26:34 INFO  application.MyListener - Start find element by --> By.xpath: //button[.='Sign Out']
14:26:34 INFO  application.MyListener - The element --> By.xpath: //button[.='Sign Out'] was found
14:26:34 INFO  tests.TestBase - End off method - loginPositive
14:26:34 INFO  tests.TestBase - ==================================
14:26:34 INFO  tests.TestBase - Start on method - loginPositiveDto
14:26:34 INFO  tests.TestBase - Start test with Data - []
14:26:34 INFO  application.MyListener - Start find element by --> By.xpath: //a[.='LOGIN']
14:26:34 INFO  application.MyListener - The element --> By.xpath: //a[.='LOGIN'] was found
14:26:34 INFO  application.MyListener - Start find element by --> By.xpath: //a[.='LOGIN']
14:26:34 INFO  application.MyListener - The element --> By.xpath: //a[.='LOGIN'] was found
14:26:34 INFO  application.MyListener - Start find element by --> By.xpath: //a[.='LOGIN']
14:26:34 INFO  application.MyListener - The element --> By.xpath: //a[.='LOGIN'] was found
14:26:34 INFO  application.MyListener - Start find element by --> By.xpath: //input[@placeholder='Email']
14:26:34 INFO  application.MyListener - The element --> By.xpath: //input[@placeholder='Email'] was found
14:26:35 INFO  application.MyListener - Start find element by --> By.xpath: //input[@placeholder='Password']
14:26:35 INFO  application.MyListener - The element --> By.xpath: //input[@placeholder='Password'] was found
14:26:35 INFO  application.MyListener - Start find element by --> By.xpath: //button[.=' Login']
14:26:35 INFO  application.MyListener - The element --> By.xpath: //button[.=' Login'] was found
14:26:35 INFO  application.MyListener - Start find element by --> By.xpath: //button[.='Sign Out']
14:26:35 INFO  application.MyListener - The element --> By.xpath: //button[.='Sign Out'] was found
14:26:35 INFO  tests.TestBase - End off method - loginPositiveDto
14:26:35 INFO  tests.TestBase - ==================================
14:26:35 INFO  tests.TestBase - Start on method - loginTestBase
14:26:35 INFO  tests.TestBase - Start test with Data - []
14:26:35 INFO  application.MyListener - Start find element by --> By.xpath: //a[.='LOGIN']
14:26:35 INFO  application.MyListener - The element --> By.xpath: //a[.='LOGIN'] was found
14:26:35 INFO  application.MyListener - Start find element by --> By.xpath: //a[.='LOGIN']
14:26:35 INFO  application.MyListener - The element --> By.xpath: //a[.='LOGIN'] was found
14:26:35 INFO  application.MyListener - Start find element by --> By.xpath: //a[.='LOGIN']
14:26:35 INFO  application.MyListener - The element --> By.xpath: //a[.='LOGIN'] was found
14:26:35 INFO  application.MyListener - Start find element by --> By.xpath: //input[@placeholder='Email']
14:26:35 INFO  application.MyListener - The element --> By.xpath: //input[@placeholder='Email'] was found
14:26:36 INFO  application.MyListener - Start find element by --> By.xpath: //input[@placeholder='Password']
14:26:36 INFO  application.MyListener - The element --> By.xpath: //input[@placeholder='Password'] was found
14:26:36 INFO  application.MyListener - Start find element by --> By.xpath: //button[.=' Login']
14:26:36 INFO  application.MyListener - The element --> By.xpath: //button[.=' Login'] was found
14:26:36 INFO  application.MyListener - Start find element by --> By.xpath: //a[.='LOGIN']
14:26:36 INFO  application.MyListener - The element --> By.xpath: //a[.='LOGIN'] was found
14:26:36 INFO  tests.TestBase - End off method - loginTestBase
14:26:36 INFO  tests.TestBase - ==================================
14:26:36 INFO  tests.TestBase - Start on method - loginTestDP_CSV
14:26:36 INFO  tests.TestBase - Start test with Data - [User{email='skelon+4@bk.ru', password='Qwerty$4'}]
14:26:36 INFO  application.MyListener - Start find element by --> By.xpath: //a[.='LOGIN']
14:26:36 INFO  application.MyListener - The element --> By.xpath: //a[.='LOGIN'] was found
14:26:37 INFO  application.MyListener - Start find element by --> By.xpath: //a[.='LOGIN']
14:26:40 INFO  application.MyListener - The element --> By.xpath: //a[.='LOGIN'] was found
14:26:40 INFO  application.MyListener - Start find element by --> By.xpath: //button[.='Sign Out']
14:26:40 INFO  application.MyListener - The element --> By.xpath: //button[.='Sign Out'] was found
14:26:40 INFO  application.MyListener - Start find element by --> By.xpath: //a[.='LOGIN']
14:26:40 INFO  application.MyListener - The element --> By.xpath: //a[.='LOGIN'] was found
14:26:40 INFO  application.MyListener - Start find element by --> By.xpath: //input[@placeholder='Email']
14:26:40 INFO  application.MyListener - The element --> By.xpath: //input[@placeholder='Email'] was found
14:26:40 INFO  application.MyListener - Start find element by --> By.xpath: //input[@placeholder='Password']
14:26:40 INFO  application.MyListener - The element --> By.xpath: //input[@placeholder='Password'] was found
14:26:41 INFO  application.MyListener - Start find element by --> By.xpath: //button[.=' Login']
14:26:41 INFO  application.MyListener - The element --> By.xpath: //button[.=' Login'] was found
14:26:41 INFO  application.MyListener - Start find element by --> By.xpath: //button[.='Sign Out']
14:26:41 INFO  application.MyListener - The element --> By.xpath: //button[.='Sign Out'] was found
14:26:41 INFO  application.MyListener - Start find element by --> By.xpath: //a[.='LOGIN']
14:26:41 INFO  application.MyListener - The element --> By.xpath: //a[.='LOGIN'] was found
14:26:41 INFO  tests.TestBase - End off method - loginTestDP_CSV
14:26:41 INFO  tests.TestBase - ==================================
14:26:41 INFO  tests.TestBase - Start on method - loginTestDP_CSV
14:26:41 INFO  tests.TestBase - Start test with Data - [User{email='skelon+11@bk.ru', password='Qwerty$4'}]
14:26:41 INFO  application.MyListener - Start find element by --> By.xpath: //a[.='LOGIN']
14:26:41 INFO  application.MyListener - The element --> By.xpath: //a[.='LOGIN'] was found
14:26:42 INFO  application.MyListener - Start find element by --> By.xpath: //a[.='LOGIN']
14:26:42 INFO  application.MyListener - The element --> By.xpath: //a[.='LOGIN'] was found
14:26:42 INFO  application.MyListener - Start find element by --> By.xpath: //a[.='LOGIN']
14:26:42 INFO  application.MyListener - The element --> By.xpath: //a[.='LOGIN'] was found
14:26:42 INFO  application.MyListener - Start find element by --> By.xpath: //input[@placeholder='Email']
14:26:42 INFO  application.MyListener - The element --> By.xpath: //input[@placeholder='Email'] was found
14:26:42 INFO  application.MyListener - Start find element by --> By.xpath: //input[@placeholder='Password']
14:26:42 INFO  application.MyListener - The element --> By.xpath: //input[@placeholder='Password'] was found
14:26:43 INFO  application.MyListener - Start find element by --> By.xpath: //button[.=' Login']
14:26:43 INFO  application.MyListener - The element --> By.xpath: //button[.=' Login'] was found
14:26:43 INFO  application.MyListener - Start find element by --> By.xpath: //button[.='Sign Out']
14:26:43 INFO  application.MyListener - The element --> By.xpath: //button[.='Sign Out'] was found
14:26:43 INFO  application.MyListener - Start find element by --> By.xpath: //a[.='LOGIN']
14:26:43 INFO  application.MyListener - The element --> By.xpath: //a[.='LOGIN'] was found
14:26:43 INFO  tests.TestBase - End off method - loginTestDP_CSV
14:26:43 INFO  tests.TestBase - ==================================
14:26:43 INFO  tests.TestBase - Start on method - loginTestDP_CSV
14:26:43 INFO  tests.TestBase - Start test with Data - [User{email='skelon+10@bk.ru', password='Qwerty$4'}]
14:26:43 INFO  application.MyListener - Start find element by --> By.xpath: //a[.='LOGIN']
14:26:43 INFO  application.MyListener - The element --> By.xpath: //a[.='LOGIN'] was found
14:26:44 INFO  application.MyListener - Start find element by --> By.xpath: //a[.='LOGIN']
14:26:44 INFO  application.MyListener - The element --> By.xpath: //a[.='LOGIN'] was found
14:26:44 INFO  application.MyListener - Start find element by --> By.xpath: //a[.='LOGIN']
14:26:44 INFO  application.MyListener - The element --> By.xpath: //a[.='LOGIN'] was found
14:26:44 INFO  application.MyListener - Start find element by --> By.xpath: //input[@placeholder='Email']
14:26:44 INFO  application.MyListener - The element --> By.xpath: //input[@placeholder='Email'] was found
14:26:44 INFO  application.MyListener - Start find element by --> By.xpath: //input[@placeholder='Password']
14:26:44 INFO  application.MyListener - The element --> By.xpath: //input[@placeholder='Password'] was found
14:26:44 INFO  application.MyListener - Start find element by --> By.xpath: //button[.=' Login']
14:26:44 INFO  application.MyListener - The element --> By.xpath: //button[.=' Login'] was found
14:26:45 INFO  application.MyListener - Start find element by --> By.xpath: //button[.='Sign Out']
14:26:45 INFO  application.MyListener - The element --> By.xpath: //button[.='Sign Out'] was found
14:26:45 INFO  application.MyListener - Start find element by --> By.xpath: //a[.='LOGIN']
14:26:45 INFO  application.MyListener - The element --> By.xpath: //a[.='LOGIN'] was found
14:26:45 INFO  tests.TestBase - End off method - loginTestDP_CSV
14:26:45 INFO  tests.TestBase - ==================================
14:26:45 INFO  tests.TestBase - Start on method - loginTestDataProvider
14:26:45 INFO  tests.TestBase - Start test with Data - [skelon+4@bk.ru, Qwerty$4]
14:26:45 INFO  application.MyListener - Start find element by --> By.xpath: //a[.='LOGIN']
14:26:45 INFO  application.MyListener - The element --> By.xpath: //a[.='LOGIN'] was found
14:26:45 INFO  application.MyListener - Start find element by --> By.xpath: //a[.='LOGIN']
14:26:45 INFO  application.MyListener - The element --> By.xpath: //a[.='LOGIN'] was found
14:26:45 INFO  application.MyListener - Start find element by --> By.xpath: //a[.='LOGIN']
14:26:45 INFO  application.MyListener - The element --> By.xpath: //a[.='LOGIN'] was found
14:26:45 INFO  application.MyListener - Start find element by --> By.xpath: //input[@placeholder='Email']
14:26:45 INFO  application.MyListener - The element --> By.xpath: //input[@placeholder='Email'] was found
14:26:45 INFO  application.MyListener - Start find element by --> By.xpath: //input[@placeholder='Password']
14:26:45 INFO  application.MyListener - The element --> By.xpath: //input[@placeholder='Password'] was found
14:26:45 INFO  application.MyListener - Start find element by --> By.xpath: //button[.=' Login']
14:26:45 INFO  application.MyListener - The element --> By.xpath: //button[.=' Login'] was found
14:26:45 INFO  application.MyListener - Start find element by --> By.xpath: //a[.='LOGIN']
14:26:45 INFO  application.MyListener - The element --> By.xpath: //a[.='LOGIN'] was found
14:26:45 INFO  application.MyListener - Start find element by --> By.xpath: //button[.='Sign Out']
14:26:45 INFO  application.MyListener - The element --> By.xpath: //button[.='Sign Out'] was found
14:26:46 INFO  tests.TestBase - End off method - loginTestDataProvider
14:26:46 INFO  tests.TestBase - ==================================
14:26:46 INFO  tests.TestBase - Start on method - loginTestDataProvider
14:26:46 INFO  tests.TestBase - Start test with Data - [skelon+11@bk.ru, Qwerty$4]
14:26:46 INFO  application.MyListener - Start find element by --> By.xpath: //a[.='LOGIN']
14:26:46 INFO  application.MyListener - The element --> By.xpath: //a[.='LOGIN'] was found
14:26:46 INFO  application.MyListener - Start find element by --> By.xpath: //a[.='LOGIN']
14:26:46 INFO  application.MyListener - The element --> By.xpath: //a[.='LOGIN'] was found
14:26:46 INFO  application.MyListener - Start find element by --> By.xpath: //a[.='LOGIN']
14:26:46 INFO  application.MyListener - The element --> By.xpath: //a[.='LOGIN'] was found
14:26:46 INFO  application.MyListener - Start find element by --> By.xpath: //input[@placeholder='Email']
14:26:46 INFO  application.MyListener - The element --> By.xpath: //input[@placeholder='Email'] was found
14:26:46 INFO  application.MyListener - Start find element by --> By.xpath: //input[@placeholder='Password']
14:26:46 INFO  application.MyListener - The element --> By.xpath: //input[@placeholder='Password'] was found
14:26:46 INFO  application.MyListener - Start find element by --> By.xpath: //button[.=' Login']
14:26:46 INFO  application.MyListener - The element --> By.xpath: //button[.=' Login'] was found
14:26:46 INFO  application.MyListener - Start find element by --> By.xpath: //a[.='LOGIN']
14:26:46 INFO  application.MyListener - The element --> By.xpath: //a[.='LOGIN'] was found
14:26:46 INFO  application.MyListener - Start find element by --> By.xpath: //button[.='Sign Out']
14:26:46 INFO  application.MyListener - The element --> By.xpath: //button[.='Sign Out'] was found
14:26:46 INFO  tests.TestBase - End off method - loginTestDataProvider
14:26:46 INFO  tests.TestBase - ==================================
14:26:46 INFO  tests.TestBase - Start on method - loginTestDataProvider
14:26:46 INFO  tests.TestBase - Start test with Data - [skelon+10@bk.ru, Qwerty$4]
14:26:46 INFO  application.MyListener - Start find element by --> By.xpath: //a[.='LOGIN']
14:26:47 INFO  application.MyListener - The element --> By.xpath: //a[.='LOGIN'] was found
14:26:47 INFO  application.MyListener - Start find element by --> By.xpath: //a[.='LOGIN']
14:26:47 INFO  application.MyListener - The element --> By.xpath: //a[.='LOGIN'] was found
14:26:47 INFO  application.MyListener - Start find element by --> By.xpath: //a[.='LOGIN']
14:26:47 INFO  application.MyListener - The element --> By.xpath: //a[.='LOGIN'] was found
14:26:47 INFO  application.MyListener - Start find element by --> By.xpath: //input[@placeholder='Email']
14:26:47 INFO  application.MyListener - The element --> By.xpath: //input[@placeholder='Email'] was found
14:26:47 INFO  application.MyListener - Start find element by --> By.xpath: //input[@placeholder='Password']
14:26:47 INFO  application.MyListener - The element --> By.xpath: //input[@placeholder='Password'] was found
14:26:47 INFO  application.MyListener - Start find element by --> By.xpath: //button[.=' Login']
14:26:47 INFO  application.MyListener - The element --> By.xpath: //button[.=' Login'] was found
14:26:47 INFO  application.MyListener - Start find element by --> By.xpath: //a[.='LOGIN']
14:26:47 INFO  application.MyListener - The element --> By.xpath: //a[.='LOGIN'] was found
14:26:47 INFO  application.MyListener - Start find element by --> By.xpath: //button[.='Sign Out']
14:26:47 INFO  application.MyListener - The element --> By.xpath: //button[.='Sign Out'] was found
14:26:47 INFO  tests.TestBase - End off method - loginTestDataProvider
14:26:47 INFO  tests.TestBase - ==================================
14:26:47 INFO  tests.TestBase - Start on method - loginTestDataProviderClass
14:26:47 INFO  tests.TestBase - Start test with Data - [skelon+4@bk.ru, Qwerty$4]
14:26:47 INFO  application.MyListener - Start find element by --> By.xpath: //a[.='LOGIN']
14:26:47 INFO  application.MyListener - The element --> By.xpath: //a[.='LOGIN'] was found
14:26:47 INFO  application.MyListener - Start find element by --> By.xpath: //a[.='LOGIN']
14:26:47 INFO  application.MyListener - The element --> By.xpath: //a[.='LOGIN'] was found
14:26:47 INFO  application.MyListener - Start find element by --> By.xpath: //a[.='LOGIN']
14:26:47 INFO  application.MyListener - The element --> By.xpath: //a[.='LOGIN'] was found
14:26:47 INFO  application.MyListener - Start find element by --> By.xpath: //input[@placeholder='Email']
14:26:47 INFO  application.MyListener - The element --> By.xpath: //input[@placeholder='Email'] was found
14:26:48 INFO  application.MyListener - Start find element by --> By.xpath: //input[@placeholder='Password']
14:26:48 INFO  application.MyListener - The element --> By.xpath: //input[@placeholder='Password'] was found
14:26:48 INFO  application.MyListener - Start find element by --> By.xpath: //button[.=' Login']
14:26:48 INFO  application.MyListener - The element --> By.xpath: //button[.=' Login'] was found
14:26:48 INFO  application.MyListener - Start find element by --> By.xpath: //a[.='LOGIN']
14:26:48 INFO  application.MyListener - The element --> By.xpath: //a[.='LOGIN'] was found
14:26:48 INFO  application.MyListener - Start find element by --> By.xpath: //button[.='Sign Out']
14:26:48 INFO  application.MyListener - The element --> By.xpath: //button[.='Sign Out'] was found
14:26:49 INFO  tests.TestBase - End off method - loginTestDataProviderClass
14:26:49 INFO  tests.TestBase - ==================================
14:26:49 INFO  tests.TestBase - Start on method - loginTestDataProviderClass
14:26:49 INFO  tests.TestBase - Start test with Data - [skelon+11@bk.ru, Qwerty$4]
14:26:49 INFO  application.MyListener - Start find element by --> By.xpath: //a[.='LOGIN']
14:26:49 INFO  application.MyListener - The element --> By.xpath: //a[.='LOGIN'] was found
14:26:49 INFO  application.MyListener - Start find element by --> By.xpath: //a[.='LOGIN']
14:26:49 INFO  application.MyListener - The element --> By.xpath: //a[.='LOGIN'] was found
14:26:49 INFO  application.MyListener - Start find element by --> By.xpath: //a[.='LOGIN']
14:26:49 INFO  application.MyListener - The element --> By.xpath: //a[.='LOGIN'] was found
14:26:49 INFO  application.MyListener - Start find element by --> By.xpath: //input[@placeholder='Email']
14:26:49 INFO  application.MyListener - The element --> By.xpath: //input[@placeholder='Email'] was found
14:26:49 INFO  application.MyListener - Start find element by --> By.xpath: //input[@placeholder='Password']
14:26:50 INFO  application.MyListener - The element --> By.xpath: //input[@placeholder='Password'] was found
14:26:50 INFO  application.MyListener - Start find element by --> By.xpath: //button[.=' Login']
14:26:50 INFO  application.MyListener - The element --> By.xpath: //button[.=' Login'] was found
14:26:50 INFO  application.MyListener - Start find element by --> By.xpath: //a[.='LOGIN']
14:26:50 INFO  application.MyListener - The element --> By.xpath: //a[.='LOGIN'] was found
14:26:50 INFO  application.MyListener - Start find element by --> By.xpath: //button[.='Sign Out']
14:26:50 INFO  application.MyListener - The element --> By.xpath: //button[.='Sign Out'] was found
14:26:51 INFO  tests.TestBase - End off method - loginTestDataProviderClass
14:26:51 INFO  tests.TestBase - ==================================
14:26:51 INFO  tests.TestBase - Start on method - loginTestDataProviderClass
14:26:51 INFO  tests.TestBase - Start test with Data - [skelon+10@bk.ru, Qwerty$4]
14:26:51 INFO  application.MyListener - Start find element by --> By.xpath: //a[.='LOGIN']
14:26:51 INFO  application.MyListener - The element --> By.xpath: //a[.='LOGIN'] was found
14:26:51 INFO  application.MyListener - Start find element by --> By.xpath: //a[.='LOGIN']
14:26:51 INFO  application.MyListener - The element --> By.xpath: //a[.='LOGIN'] was found
14:26:51 INFO  application.MyListener - Start find element by --> By.xpath: //a[.='LOGIN']
14:26:51 INFO  application.MyListener - The element --> By.xpath: //a[.='LOGIN'] was found
14:26:51 INFO  application.MyListener - Start find element by --> By.xpath: //input[@placeholder='Email']
14:26:51 INFO  application.MyListener - The element --> By.xpath: //input[@placeholder='Email'] was found
14:26:51 INFO  application.MyListener - Start find element by --> By.xpath: //input[@placeholder='Password']
14:26:51 INFO  application.MyListener - The element --> By.xpath: //input[@placeholder='Password'] was found
14:26:52 INFO  application.MyListener - Start find element by --> By.xpath: //button[.=' Login']
14:26:52 INFO  application.MyListener - The element --> By.xpath: //button[.=' Login'] was found
14:26:52 INFO  application.MyListener - Start find element by --> By.xpath: //a[.='LOGIN']
14:26:52 INFO  application.MyListener - The element --> By.xpath: //a[.='LOGIN'] was found
14:26:52 INFO  application.MyListener - Start find element by --> By.xpath: //button[.='Sign Out']
14:26:52 INFO  application.MyListener - The element --> By.xpath: //button[.='Sign Out'] was found
14:26:53 INFO  tests.TestBase - End off method - loginTestDataProviderClass
14:26:53 INFO  tests.TestBase - ==================================
14:26:53 INFO  tests.TestBase - Start on method - addContactTestBase
14:26:53 INFO  tests.TestBase - Start test with Data - []
14:26:53 INFO  application.MyListener - Start find element by --> By.xpath: //a[.='LOGIN']
14:26:53 INFO  application.MyListener - The element --> By.xpath: //a[.='LOGIN'] was found
14:26:53 INFO  application.MyListener - Start find element by --> By.xpath: //a[.='LOGIN']
14:26:53 INFO  application.MyListener - The element --> By.xpath: //a[.='LOGIN'] was found
14:26:53 INFO  application.MyListener - Start find element by --> By.xpath: //a[.='LOGIN']
14:26:53 INFO  application.MyListener - The element --> By.xpath: //a[.='LOGIN'] was found
14:26:53 INFO  application.MyListener - Start find element by --> By.xpath: //input[@placeholder='Email']
14:26:53 INFO  application.MyListener - The element --> By.xpath: //input[@placeholder='Email'] was found
14:26:53 INFO  application.MyListener - Start find element by --> By.xpath: //input[@placeholder='Password']
14:26:53 INFO  application.MyListener - The element --> By.xpath: //input[@placeholder='Password'] was found
14:26:53 INFO  application.MyListener - Start find element by --> By.xpath: //button[.=' Login']
14:26:53 INFO  application.MyListener - The element --> By.xpath: //button[.=' Login'] was found
14:26:55 INFO  application.MyListener - Start find element by --> By.xpath: //a[.='ADD']
14:26:55 INFO  application.MyListener - The element --> By.xpath: //a[.='ADD'] was found
14:26:55 INFO  application.MyListener - Start find element by --> By.cssSelector: input[placeholder='Name']
14:26:55 INFO  application.MyListener - The element --> By.cssSelector: input[placeholder='Name'] was found
14:26:55 INFO  application.MyListener - Start find element by --> By.cssSelector: input[placeholder='Last Name']
14:26:55 INFO  application.MyListener - The element --> By.cssSelector: input[placeholder='Last Name'] was found
14:26:55 INFO  application.MyListener - Start find element by --> By.cssSelector: input[placeholder='Phone']
14:26:55 INFO  application.MyListener - The element --> By.cssSelector: input[placeholder='Phone'] was found
14:26:55 INFO  application.MyListener - Start find element by --> By.cssSelector: input[placeholder='email']
14:26:55 INFO  application.MyListener - The element --> By.cssSelector: input[placeholder='email'] was found
14:26:56 INFO  application.MyListener - Start find element by --> By.cssSelector: input[placeholder='Address']
14:26:56 INFO  application.MyListener - The element --> By.cssSelector: input[placeholder='Address'] was found
14:26:56 INFO  application.MyListener - Start find element by --> By.cssSelector: input[placeholder='description']
14:26:56 INFO  application.MyListener - The element --> By.cssSelector: input[placeholder='description'] was found
14:26:57 INFO  application.MyListener - Start find element by --> By.xpath: //h3
14:26:58 INFO  application.MyListener - The element --> By.xpath: //h3 was found
14:26:58 INFO  tests.TestBase - End off method - addContactTestBase
14:26:58 INFO  tests.TestBase - ==================================
14:26:58 INFO  tests.TestBase - Start on method - addContactTestBase
14:26:58 INFO  tests.TestBase - Start test with Data - []
14:26:58 INFO  application.MyListener - Start find element by --> By.xpath: //a[.='LOGIN']
14:27:01 INFO  application.MyListener - The element --> By.xpath: //a[.='LOGIN'] was found
14:27:01 INFO  application.MyListener - Start find element by --> By.xpath: //a[.='ADD']
14:27:01 INFO  application.MyListener - The element --> By.xpath: //a[.='ADD'] was found
14:27:01 INFO  application.MyListener - Start find element by --> By.cssSelector: input[placeholder='Name']
14:27:01 INFO  application.MyListener - The element --> By.cssSelector: input[placeholder='Name'] was found
14:27:01 INFO  application.MyListener - Start find element by --> By.cssSelector: input[placeholder='Last Name']
14:27:01 INFO  application.MyListener - The element --> By.cssSelector: input[placeholder='Last Name'] was found
14:27:01 INFO  application.MyListener - Start find element by --> By.cssSelector: input[placeholder='Phone']
14:27:01 INFO  application.MyListener - The element --> By.cssSelector: input[placeholder='Phone'] was found
14:27:02 INFO  application.MyListener - Start find element by --> By.cssSelector: input[placeholder='email']
14:27:02 INFO  application.MyListener - The element --> By.cssSelector: input[placeholder='email'] was found
14:27:02 INFO  application.MyListener - Start find element by --> By.cssSelector: input[placeholder='Address']
14:27:02 INFO  application.MyListener - The element --> By.cssSelector: input[placeholder='Address'] was found
14:27:02 INFO  application.MyListener - Start find element by --> By.cssSelector: input[placeholder='description']
14:27:02 INFO  application.MyListener - The element --> By.cssSelector: input[placeholder='description'] was found
14:27:03 INFO  application.MyListener - Start find element by --> By.xpath: //h3
14:27:04 INFO  application.MyListener - The element --> By.xpath: //h3 was found
14:27:04 INFO  tests.TestBase - End off method - addContactTestBase
14:27:04 INFO  tests.TestBase - ==================================
14:27:04 INFO  tests.TestBase - Start on method - addContactTestBase
14:27:04 INFO  tests.TestBase - Start test with Data - []
14:27:04 INFO  application.MyListener - Start find element by --> By.xpath: //a[.='LOGIN']
14:27:07 INFO  application.MyListener - The element --> By.xpath: //a[.='LOGIN'] was found
14:27:07 INFO  application.MyListener - Start find element by --> By.xpath: //a[.='ADD']
14:27:07 INFO  application.MyListener - The element --> By.xpath: //a[.='ADD'] was found
14:27:07 INFO  application.MyListener - Start find element by --> By.cssSelector: input[placeholder='Name']
14:27:07 INFO  application.MyListener - The element --> By.cssSelector: input[placeholder='Name'] was found
14:27:07 INFO  application.MyListener - Start find element by --> By.cssSelector: input[placeholder='Last Name']
14:27:07 INFO  application.MyListener - The element --> By.cssSelector: input[placeholder='Last Name'] was found
14:27:08 INFO  application.MyListener - Start find element by --> By.cssSelector: input[placeholder='Phone']
14:27:08 INFO  application.MyListener - The element --> By.cssSelector: input[placeholder='Phone'] was found
14:27:08 INFO  application.MyListener - Start find element by --> By.cssSelector: input[placeholder='email']
14:27:08 INFO  application.MyListener - The element --> By.cssSelector: input[placeholder='email'] was found
14:27:08 INFO  application.MyListener - Start find element by --> By.cssSelector: input[placeholder='Address']
14:27:08 INFO  application.MyListener - The element --> By.cssSelector: input[placeholder='Address'] was found
14:27:08 INFO  application.MyListener - Start find element by --> By.cssSelector: input[placeholder='description']
14:27:08 INFO  application.MyListener - The element --> By.cssSelector: input[placeholder='description'] was found
14:27:09 INFO  application.MyListener - Start find element by --> By.xpath: //h3
14:27:10 INFO  application.MyListener - The element --> By.xpath: //h3 was found
14:27:10 INFO  tests.TestBase - End off method - addContactTestBase
14:27:10 INFO  tests.TestBase - ==================================
14:27:10 INFO  tests.TestBase - Start on method - addContactTestCSV
14:27:10 INFO  tests.TestBase - Start test with Data - [Contact(name=Masha, lastName=Qwerty, email=kselon01@bk.ru, phone=1234511678, address=Haifa, description=friend)]
14:27:10 INFO  application.MyListener - Start find element by --> By.xpath: //a[.='LOGIN']
14:27:13 INFO  application.MyListener - The element --> By.xpath: //a[.='LOGIN'] was found
14:27:13 INFO  application.MyListener - Start find element by --> By.xpath: //a[.='ADD']
14:27:13 INFO  application.MyListener - The element --> By.xpath: //a[.='ADD'] was found
14:27:13 INFO  application.MyListener - Start find element by --> By.cssSelector: input[placeholder='Name']
14:27:13 INFO  application.MyListener - The element --> By.cssSelector: input[placeholder='Name'] was found
14:27:14 INFO  application.MyListener - Start find element by --> By.cssSelector: input[placeholder='Last Name']
14:27:14 INFO  application.MyListener - The element --> By.cssSelector: input[placeholder='Last Name'] was found
14:27:14 INFO  application.MyListener - Start find element by --> By.cssSelector: input[placeholder='Phone']
14:27:14 INFO  application.MyListener - The element --> By.cssSelector: input[placeholder='Phone'] was found
14:27:14 INFO  application.MyListener - Start find element by --> By.cssSelector: input[placeholder='email']
14:27:14 INFO  application.MyListener - The element --> By.cssSelector: input[placeholder='email'] was found
14:27:14 INFO  application.MyListener - Start find element by --> By.cssSelector: input[placeholder='Address']
14:27:14 INFO  application.MyListener - The element --> By.cssSelector: input[placeholder='Address'] was found
14:27:14 INFO  application.MyListener - Start find element by --> By.cssSelector: input[placeholder='description']
14:27:14 INFO  application.MyListener - The element --> By.cssSelector: input[placeholder='description'] was found
14:27:16 INFO  application.MyListener - Start find element by --> By.xpath: //h3
14:27:19 INFO  application.MyListener - The element --> By.xpath: //h3 was found
14:27:19 INFO  tests.TestBase - End off method - addContactTestCSV
14:27:19 INFO  tests.TestBase - ==================================
14:27:19 INFO  tests.TestBase - Start on method - addContactTestCSV
14:27:19 INFO  tests.TestBase - Start test with Data - [Contact(name=Sasha, lastName=Asdfgh, email=kselon02@bk.ru, phone=9874115632, address=Haifa, description=friend)]
14:27:19 INFO  application.MyListener - Start find element by --> By.xpath: //a[.='LOGIN']
14:27:22 INFO  application.MyListener - The element --> By.xpath: //a[.='LOGIN'] was found
14:27:22 INFO  application.MyListener - Start find element by --> By.xpath: //a[.='ADD']
14:27:22 INFO  application.MyListener - The element --> By.xpath: //a[.='ADD'] was found
14:27:22 INFO  application.MyListener - Start find element by --> By.cssSelector: input[placeholder='Name']
14:27:22 INFO  application.MyListener - The element --> By.cssSelector: input[placeholder='Name'] was found
14:27:22 INFO  application.MyListener - Start find element by --> By.cssSelector: input[placeholder='Last Name']
14:27:22 INFO  application.MyListener - The element --> By.cssSelector: input[placeholder='Last Name'] was found
14:27:22 INFO  application.MyListener - Start find element by --> By.cssSelector: input[placeholder='Phone']
14:27:22 INFO  application.MyListener - The element --> By.cssSelector: input[placeholder='Phone'] was found
14:27:22 INFO  application.MyListener - Start find element by --> By.cssSelector: input[placeholder='email']
14:27:22 INFO  application.MyListener - The element --> By.cssSelector: input[placeholder='email'] was found
14:27:23 INFO  application.MyListener - Start find element by --> By.cssSelector: input[placeholder='Address']
14:27:23 INFO  application.MyListener - The element --> By.cssSelector: input[placeholder='Address'] was found
14:27:23 INFO  application.MyListener - Start find element by --> By.cssSelector: input[placeholder='description']
14:27:23 INFO  application.MyListener - The element --> By.cssSelector: input[placeholder='description'] was found
14:27:24 INFO  application.MyListener - Start find element by --> By.xpath: //h3
14:27:27 INFO  application.MyListener - The element --> By.xpath: //h3 was found
14:27:27 INFO  tests.TestBase - End off method - addContactTestCSV
14:27:27 INFO  tests.TestBase - ==================================
14:27:27 INFO  tests.TestBase - Start on method - addContactTestCSV
14:27:27 INFO  tests.TestBase - Start test with Data - [Contact(name=Mosha, lastName=wrnaertn, email=kselon03@bk.ru, phone=1411567412, address=Haifa, description=friend)]
14:27:27 INFO  application.MyListener - Start find element by --> By.xpath: //a[.='LOGIN']
14:27:30 INFO  application.MyListener - The element --> By.xpath: //a[.='LOGIN'] was found
14:27:30 INFO  application.MyListener - Start find element by --> By.xpath: //a[.='ADD']
14:27:30 INFO  application.MyListener - The element --> By.xpath: //a[.='ADD'] was found
14:27:30 INFO  application.MyListener - Start find element by --> By.cssSelector: input[placeholder='Name']
14:27:30 INFO  application.MyListener - The element --> By.cssSelector: input[placeholder='Name'] was found
14:27:30 INFO  application.MyListener - Start find element by --> By.cssSelector: input[placeholder='Last Name']
14:27:30 INFO  application.MyListener - The element --> By.cssSelector: input[placeholder='Last Name'] was found
14:27:30 INFO  application.MyListener - Start find element by --> By.cssSelector: input[placeholder='Phone']
14:27:30 INFO  application.MyListener - The element --> By.cssSelector: input[placeholder='Phone'] was found
14:27:31 INFO  application.MyListener - Start find element by --> By.cssSelector: input[placeholder='email']
14:27:31 INFO  application.MyListener - The element --> By.cssSelector: input[placeholder='email'] was found
14:27:31 INFO  application.MyListener - Start find element by --> By.cssSelector: input[placeholder='Address']
14:27:31 INFO  application.MyListener - The element --> By.cssSelector: input[placeholder='Address'] was found
14:27:31 INFO  application.MyListener - Start find element by --> By.cssSelector: input[placeholder='description']
14:27:31 INFO  application.MyListener - The element --> By.cssSelector: input[placeholder='description'] was found
14:27:32 INFO  application.MyListener - Start find element by --> By.xpath: //h3
14:27:35 INFO  application.MyListener - The element --> By.xpath: //h3 was found
14:27:35 INFO  tests.TestBase - End off method - addContactTestCSV
14:27:35 INFO  tests.TestBase - ==================================
14:27:35 INFO  tests.TestBase - Start on method - addContactTestCSV
14:27:35 INFO  tests.TestBase - Start test with Data - [Contact(name=Gosha, lastName=gndgn, email=kselon04@bk.ru, phone=3245631125, address=Haifa, description=friend)]
14:27:35 INFO  application.MyListener - Start find element by --> By.xpath: //a[.='LOGIN']
14:27:38 INFO  application.MyListener - The element --> By.xpath: //a[.='LOGIN'] was found
14:27:38 INFO  application.MyListener - Start find element by --> By.xpath: //a[.='ADD']
14:27:38 INFO  application.MyListener - The element --> By.xpath: //a[.='ADD'] was found
14:27:38 INFO  application.MyListener - Start find element by --> By.cssSelector: input[placeholder='Name']
14:27:38 INFO  application.MyListener - The element --> By.cssSelector: input[placeholder='Name'] was found
14:27:39 INFO  application.MyListener - Start find element by --> By.cssSelector: input[placeholder='Last Name']
14:27:39 INFO  application.MyListener - The element --> By.cssSelector: input[placeholder='Last Name'] was found
14:27:39 INFO  application.MyListener - Start find element by --> By.cssSelector: input[placeholder='Phone']
14:27:39 INFO  application.MyListener - The element --> By.cssSelector: input[placeholder='Phone'] was found
14:27:39 INFO  application.MyListener - Start find element by --> By.cssSelector: input[placeholder='email']
14:27:39 INFO  application.MyListener - The element --> By.cssSelector: input[placeholder='email'] was found
14:27:39 INFO  application.MyListener - Start find element by --> By.cssSelector: input[placeholder='Address']
14:27:40 INFO  application.MyListener - The element --> By.cssSelector: input[placeholder='Address'] was found
14:27:40 INFO  application.MyListener - Start find element by --> By.cssSelector: input[placeholder='description']
14:27:40 INFO  application.MyListener - The element --> By.cssSelector: input[placeholder='description'] was found
14:27:41 INFO  application.MyListener - Start find element by --> By.xpath: //h3
14:27:44 INFO  application.MyListener - The element --> By.xpath: //h3 was found
14:27:44 INFO  tests.TestBase - End off method - addContactTestCSV
14:27:44 INFO  tests.TestBase - ==================================
14:27:44 INFO  tests.TestBase - Start on method - addContactTestCSV
14:27:44 INFO  tests.TestBase - Start test with Data - [Contact(name=Resae, lastName=aetnxf , email=kselon05@bk.ru, phone=1211452145, address=Haifa, description=friend)]
14:27:44 INFO  application.MyListener - Start find element by --> By.xpath: //a[.='LOGIN']
14:27:47 INFO  application.MyListener - The element --> By.xpath: //a[.='LOGIN'] was found
14:27:47 INFO  application.MyListener - Start find element by --> By.xpath: //a[.='ADD']
14:27:47 INFO  application.MyListener - The element --> By.xpath: //a[.='ADD'] was found
14:27:47 INFO  application.MyListener - Start find element by --> By.cssSelector: input[placeholder='Name']
14:27:47 INFO  application.MyListener - The element --> By.cssSelector: input[placeholder='Name'] was found
14:27:47 INFO  application.MyListener - Start find element by --> By.cssSelector: input[placeholder='Last Name']
14:27:47 INFO  application.MyListener - The element --> By.cssSelector: input[placeholder='Last Name'] was found
14:27:47 INFO  application.MyListener - Start find element by --> By.cssSelector: input[placeholder='Phone']
14:27:47 INFO  application.MyListener - The element --> By.cssSelector: input[placeholder='Phone'] was found
14:27:48 INFO  application.MyListener - Start find element by --> By.cssSelector: input[placeholder='email']
14:27:48 INFO  application.MyListener - The element --> By.cssSelector: input[placeholder='email'] was found
14:27:48 INFO  application.MyListener - Start find element by --> By.cssSelector: input[placeholder='Address']
14:27:48 INFO  application.MyListener - The element --> By.cssSelector: input[placeholder='Address'] was found
14:27:48 INFO  application.MyListener - Start find element by --> By.cssSelector: input[placeholder='description']
14:27:48 INFO  application.MyListener - The element --> By.cssSelector: input[placeholder='description'] was found
14:27:49 INFO  application.MyListener - Start find element by --> By.xpath: //h3
14:27:52 INFO  application.MyListener - The element --> By.xpath: //h3 was found
14:27:52 INFO  tests.TestBase - End off method - addContactTestCSV
14:27:52 INFO  tests.TestBase - ==================================
14:27:52 INFO  tests.TestBase - Start on method - addContactTestCSV
14:27:52 INFO  tests.TestBase - Start test with Data - [Contact(name=Trew, lastName=aweegear, email=kselon61@bk.ru, phone=9811569856, address=Haifa, description=friend)]
14:27:52 INFO  application.MyListener - Start find element by --> By.xpath: //a[.='LOGIN']
14:27:55 INFO  application.MyListener - The element --> By.xpath: //a[.='LOGIN'] was found
14:27:55 INFO  application.MyListener - Start find element by --> By.xpath: //a[.='ADD']
14:27:55 INFO  application.MyListener - The element --> By.xpath: //a[.='ADD'] was found
14:27:55 INFO  application.MyListener - Start find element by --> By.cssSelector: input[placeholder='Name']
14:27:55 INFO  application.MyListener - The element --> By.cssSelector: input[placeholder='Name'] was found
14:27:56 INFO  application.MyListener - Start find element by --> By.cssSelector: input[placeholder='Last Name']
14:27:56 INFO  application.MyListener - The element --> By.cssSelector: input[placeholder='Last Name'] was found
14:27:56 INFO  application.MyListener - Start find element by --> By.cssSelector: input[placeholder='Phone']
14:27:56 INFO  application.MyListener - The element --> By.cssSelector: input[placeholder='Phone'] was found
14:27:56 INFO  application.MyListener - Start find element by --> By.cssSelector: input[placeholder='email']
14:27:56 INFO  application.MyListener - The element --> By.cssSelector: input[placeholder='email'] was found
14:27:56 INFO  application.MyListener - Start find element by --> By.cssSelector: input[placeholder='Address']
14:27:56 INFO  application.MyListener - The element --> By.cssSelector: input[placeholder='Address'] was found
14:27:56 INFO  application.MyListener - Start find element by --> By.cssSelector: input[placeholder='description']
14:27:56 INFO  application.MyListener - The element --> By.cssSelector: input[placeholder='description'] was found
14:27:58 INFO  application.MyListener - Start find element by --> By.xpath: //h3
14:28:01 INFO  application.MyListener - The element --> By.xpath: //h3 was found
14:28:01 INFO  tests.TestBase - End off method - addContactTestCSV
14:28:01 INFO  tests.TestBase - ==================================
14:28:01 INFO  tests.TestBase - Start on method - addContactTestCSV
14:28:01 INFO  tests.TestBase - Start test with Data - [Contact(name=John, lastName=zdgWEg, email=kselon07@bk.ru, phone=6587114521, address=Haifa, description=friend)]
14:28:01 INFO  application.MyListener - Start find element by --> By.xpath: //a[.='LOGIN']
14:28:04 INFO  application.MyListener - The element --> By.xpath: //a[.='LOGIN'] was found
14:28:04 INFO  application.MyListener - Start find element by --> By.xpath: //a[.='ADD']
14:28:04 INFO  application.MyListener - The element --> By.xpath: //a[.='ADD'] was found
14:28:04 INFO  application.MyListener - Start find element by --> By.cssSelector: input[placeholder='Name']
14:28:04 INFO  application.MyListener - The element --> By.cssSelector: input[placeholder='Name'] was found
14:28:04 INFO  application.MyListener - Start find element by --> By.cssSelector: input[placeholder='Last Name']
14:28:04 INFO  application.MyListener - The element --> By.cssSelector: input[placeholder='Last Name'] was found
14:28:04 INFO  application.MyListener - Start find element by --> By.cssSelector: input[placeholder='Phone']
14:28:04 INFO  application.MyListener - The element --> By.cssSelector: input[placeholder='Phone'] was found
14:28:04 INFO  application.MyListener - Start find element by --> By.cssSelector: input[placeholder='email']
14:28:04 INFO  application.MyListener - The element --> By.cssSelector: input[placeholder='email'] was found
14:28:04 INFO  application.MyListener - Start find element by --> By.cssSelector: input[placeholder='Address']
14:28:04 INFO  application.MyListener - The element --> By.cssSelector: input[placeholder='Address'] was found
14:28:05 INFO  application.MyListener - Start find element by --> By.cssSelector: input[placeholder='description']
14:28:05 INFO  application.MyListener - The element --> By.cssSelector: input[placeholder='description'] was found
14:28:06 INFO  application.MyListener - Start find element by --> By.xpath: //h3
14:28:09 INFO  application.MyListener - The element --> By.xpath: //h3 was found
14:28:09 INFO  tests.TestBase - End off method - addContactTestCSV
14:28:09 INFO  tests.TestBase - ==================================
14:28:09 INFO  tests.TestBase - Start on method - addContactTestCSV
14:28:09 INFO  tests.TestBase - Start test with Data - [Contact(name=Jane, lastName=ezrneren, email=kselon08@bk.ru, phone=1211589654, address=Haifa, description=friend)]
14:28:09 INFO  application.MyListener - Start find element by --> By.xpath: //a[.='LOGIN']
14:28:12 INFO  application.MyListener - The element --> By.xpath: //a[.='LOGIN'] was found
14:28:12 INFO  application.MyListener - Start find element by --> By.xpath: //a[.='ADD']
14:28:12 INFO  application.MyListener - The element --> By.xpath: //a[.='ADD'] was found
14:28:12 INFO  application.MyListener - Start find element by --> By.cssSelector: input[placeholder='Name']
14:28:12 INFO  application.MyListener - The element --> By.cssSelector: input[placeholder='Name'] was found
14:28:12 INFO  application.MyListener - Start find element by --> By.cssSelector: input[placeholder='Last Name']
14:28:12 INFO  application.MyListener - The element --> By.cssSelector: input[placeholder='Last Name'] was found
14:28:12 INFO  application.MyListener - Start find element by --> By.cssSelector: input[placeholder='Phone']
14:28:12 INFO  application.MyListener - The element --> By.cssSelector: input[placeholder='Phone'] was found
14:28:12 INFO  application.MyListener - Start find element by --> By.cssSelector: input[placeholder='email']
14:28:12 INFO  application.MyListener - The element --> By.cssSelector: input[placeholder='email'] was found
14:28:12 INFO  application.MyListener - Start find element by --> By.cssSelector: input[placeholder='Address']
14:28:13 INFO  application.MyListener - The element --> By.cssSelector: input[placeholder='Address'] was found
14:28:13 INFO  application.MyListener - Start find element by --> By.cssSelector: input[placeholder='description']
14:28:13 INFO  application.MyListener - The element --> By.cssSelector: input[placeholder='description'] was found
14:28:14 INFO  application.MyListener - Start find element by --> By.xpath: //h3
14:28:17 INFO  application.MyListener - The element --> By.xpath: //h3 was found
14:28:17 INFO  tests.TestBase - End off method - addContactTestCSV
14:28:17 INFO  tests.TestBase - ==================================
14:28:17 INFO  tests.TestBase - Start on method - addContactTestCSV
14:28:17 INFO  tests.TestBase - Start test with Data - [Contact(name=Mila, lastName=rehaeerh, email=kselon91@bk.ru, phone=1241156987, address=Haifa, description=friend)]
14:28:17 INFO  application.MyListener - Start find element by --> By.xpath: //a[.='LOGIN']
14:28:20 INFO  application.MyListener - The element --> By.xpath: //a[.='LOGIN'] was found
14:28:20 INFO  application.MyListener - Start find element by --> By.xpath: //a[.='ADD']
14:28:20 INFO  application.MyListener - The element --> By.xpath: //a[.='ADD'] was found
14:28:20 INFO  application.MyListener - Start find element by --> By.cssSelector: input[placeholder='Name']
14:28:20 INFO  application.MyListener - The element --> By.cssSelector: input[placeholder='Name'] was found
14:28:20 INFO  application.MyListener - Start find element by --> By.cssSelector: input[placeholder='Last Name']
14:28:20 INFO  application.MyListener - The element --> By.cssSelector: input[placeholder='Last Name'] was found
14:28:20 INFO  application.MyListener - Start find element by --> By.cssSelector: input[placeholder='Phone']
14:28:20 INFO  application.MyListener - The element --> By.cssSelector: input[placeholder='Phone'] was found
14:28:20 INFO  application.MyListener - Start find element by --> By.cssSelector: input[placeholder='email']
14:28:20 INFO  application.MyListener - The element --> By.cssSelector: input[placeholder='email'] was found
14:28:21 INFO  application.MyListener - Start find element by --> By.cssSelector: input[placeholder='Address']
14:28:21 INFO  application.MyListener - The element --> By.cssSelector: input[placeholder='Address'] was found
14:28:21 INFO  application.MyListener - Start find element by --> By.cssSelector: input[placeholder='description']
14:28:21 INFO  application.MyListener - The element --> By.cssSelector: input[placeholder='description'] was found
14:28:22 INFO  application.MyListener - Start find element by --> By.xpath: //h3
14:28:25 INFO  application.MyListener - The element --> By.xpath: //h3 was found
14:28:25 INFO  tests.TestBase - End off method - addContactTestCSV
14:28:25 INFO  tests.TestBase - ==================================
14:28:25 INFO  tests.TestBase - Start on method - addContactTestDataProvider
14:28:25 INFO  tests.TestBase - Start test with Data - [Masha, Qwerty, 1234512678, kselon01@bk.ru, Haifa, friend]
14:28:25 INFO  application.MyListener - Start find element by --> By.xpath: //a[.='LOGIN']
14:28:28 INFO  application.MyListener - The element --> By.xpath: //a[.='LOGIN'] was found
14:28:28 INFO  application.MyListener - Start find element by --> By.xpath: //a[.='ADD']
14:28:28 INFO  application.MyListener - The element --> By.xpath: //a[.='ADD'] was found
14:28:28 INFO  application.MyListener - Start find element by --> By.cssSelector: input[placeholder='Name']
14:28:28 INFO  application.MyListener - The element --> By.cssSelector: input[placeholder='Name'] was found
14:28:28 INFO  application.MyListener - Start find element by --> By.cssSelector: input[placeholder='Last Name']
14:28:28 INFO  application.MyListener - The element --> By.cssSelector: input[placeholder='Last Name'] was found
14:28:29 INFO  application.MyListener - Start find element by --> By.cssSelector: input[placeholder='Phone']
14:28:29 INFO  application.MyListener - The element --> By.cssSelector: input[placeholder='Phone'] was found
14:28:29 INFO  application.MyListener - Start find element by --> By.cssSelector: input[placeholder='email']
14:28:29 INFO  application.MyListener - The element --> By.cssSelector: input[placeholder='email'] was found
14:28:29 INFO  application.MyListener - Start find element by --> By.cssSelector: input[placeholder='Address']
14:28:29 INFO  application.MyListener - The element --> By.cssSelector: input[placeholder='Address'] was found
14:28:29 INFO  application.MyListener - Start find element by --> By.cssSelector: input[placeholder='description']
14:28:29 INFO  application.MyListener - The element --> By.cssSelector: input[placeholder='description'] was found
14:28:30 INFO  application.MyListener - Start find element by --> By.xpath: //h3
14:28:33 INFO  application.MyListener - The element --> By.xpath: //h3 was found
14:28:33 INFO  tests.TestBase - End off method - addContactTestDataProvider
14:28:33 INFO  tests.TestBase - ==================================
14:28:33 INFO  tests.TestBase - Start on method - addContactTestDataProvider
14:28:33 INFO  tests.TestBase - Start test with Data - [Sasha, Asdfgh, 9872115632, kselon02@bk.ru, Haifa, friend]
14:28:33 INFO  application.MyListener - Start find element by --> By.xpath: //a[.='LOGIN']
14:28:36 INFO  application.MyListener - The element --> By.xpath: //a[.='LOGIN'] was found
14:28:36 INFO  application.MyListener - Start find element by --> By.xpath: //a[.='ADD']
14:28:36 INFO  application.MyListener - The element --> By.xpath: //a[.='ADD'] was found
14:28:36 INFO  application.MyListener - Start find element by --> By.cssSelector: input[placeholder='Name']
14:28:36 INFO  application.MyListener - The element --> By.cssSelector: input[placeholder='Name'] was found
14:28:37 INFO  application.MyListener - Start find element by --> By.cssSelector: input[placeholder='Last Name']
14:28:37 INFO  application.MyListener - The element --> By.cssSelector: input[placeholder='Last Name'] was found
14:28:37 INFO  application.MyListener - Start find element by --> By.cssSelector: input[placeholder='Phone']
14:28:37 INFO  application.MyListener - The element --> By.cssSelector: input[placeholder='Phone'] was found
14:28:37 INFO  application.MyListener - Start find element by --> By.cssSelector: input[placeholder='email']
14:28:37 INFO  application.MyListener - The element --> By.cssSelector: input[placeholder='email'] was found
14:28:37 INFO  application.MyListener - Start find element by --> By.cssSelector: input[placeholder='Address']
14:28:38 INFO  application.MyListener - The element --> By.cssSelector: input[placeholder='Address'] was found
14:28:38 INFO  application.MyListener - Start find element by --> By.cssSelector: input[placeholder='description']
14:28:38 INFO  application.MyListener - The element --> By.cssSelector: input[placeholder='description'] was found
14:28:39 INFO  application.MyListener - Start find element by --> By.xpath: //h3
14:28:42 INFO  application.MyListener - The element --> By.xpath: //h3 was found
14:28:42 INFO  tests.TestBase - End off method - addContactTestDataProvider
14:28:42 INFO  tests.TestBase - ==================================
14:28:42 INFO  tests.TestBase - Start on method - addContactTestDataProvider
14:28:42 INFO  tests.TestBase - Start test with Data - [Mosha, wrnaertn, 1211567412, kselon03@bk.ru, Haifa, friend]
14:28:42 INFO  application.MyListener - Start find element by --> By.xpath: //a[.='LOGIN']
14:28:45 INFO  application.MyListener - The element --> By.xpath: //a[.='LOGIN'] was found
14:28:45 INFO  application.MyListener - Start find element by --> By.xpath: //a[.='ADD']
14:28:45 INFO  application.MyListener - The element --> By.xpath: //a[.='ADD'] was found
14:28:45 INFO  application.MyListener - Start find element by --> By.cssSelector: input[placeholder='Name']
14:28:45 INFO  application.MyListener - The element --> By.cssSelector: input[placeholder='Name'] was found
14:28:45 INFO  application.MyListener - Start find element by --> By.cssSelector: input[placeholder='Last Name']
14:28:45 INFO  application.MyListener - The element --> By.cssSelector: input[placeholder='Last Name'] was found
14:28:46 INFO  application.MyListener - Start find element by --> By.cssSelector: input[placeholder='Phone']
14:28:46 INFO  application.MyListener - The element --> By.cssSelector: input[placeholder='Phone'] was found
14:28:46 INFO  application.MyListener - Start find element by --> By.cssSelector: input[placeholder='email']
14:28:46 INFO  application.MyListener - The element --> By.cssSelector: input[placeholder='email'] was found
14:28:46 INFO  application.MyListener - Start find element by --> By.cssSelector: input[placeholder='Address']
14:28:46 INFO  application.MyListener - The element --> By.cssSelector: input[placeholder='Address'] was found
14:28:46 INFO  application.MyListener - Start find element by --> By.cssSelector: input[placeholder='description']
14:28:46 INFO  application.MyListener - The element --> By.cssSelector: input[placeholder='description'] was found
14:28:47 INFO  application.MyListener - Start find element by --> By.xpath: //h3
14:28:50 INFO  application.MyListener - The element --> By.xpath: //h3 was found
14:28:50 INFO  tests.TestBase - End off method - addContactTestDataProvider
14:28:50 INFO  tests.TestBase - ==================================
14:28:50 INFO  tests.TestBase - Start on method - removeAllContacts
14:28:50 INFO  tests.TestBase - Start test with Data - []
14:28:50 INFO  application.MyListener - Start find element by --> By.xpath: //a[.='LOGIN']
14:28:53 INFO  application.MyListener - The element --> By.xpath: //a[.='LOGIN'] was found
14:28:53 INFO  application.MyListener - Start find element by --> By.cssSelector: .contact-item_card__2SOIM
14:28:56 INFO  application.MyListener - The element --> By.cssSelector: .contact-item_card__2SOIM was found
14:28:56 INFO  tests.TestBase - End off method - removeAllContacts
14:28:56 INFO  tests.TestBase - ==================================
14:28:56 INFO  tests.TestBase - Start on method - removeOneContact
14:28:56 INFO  tests.TestBase - Start test with Data - []
14:28:56 INFO  application.MyListener - Start find element by --> By.xpath: //a[.='LOGIN']
14:28:59 INFO  application.MyListener - The element --> By.xpath: //a[.='LOGIN'] was found
14:28:59 INFO  application.MyListener - Start find element by --> By.cssSelector: .contact-item_card__2SOIM
14:29:03 INFO  application.MyListener - Screen -> src/test/screenshots/screen-2.png
14:29:03 INFO  application.MyListener - no such element: Unable to locate element: {"method":"css selector","selector":".contact-item_card__2SOIM"}
  (Session info: chrome=92.0.4515.159)
For documentation on this error, please visit: https://www.seleniumhq.org/exceptions/no_such_element.html
Build info: version: '3.141.59', revision: 'e82be7d358', time: '2018-11-14T08:17:03'
System info: host: 'DESKTOP-V8HD5F2', ip: '192.168.1.27', os.name: 'Windows 10', os.arch: 'amd64', os.version: '10.0', java.version: '11.0.11'
Driver info: org.openqa.selenium.chrome.ChromeDriver
Capabilities {acceptInsecureCerts: false, browserName: chrome, browserVersion: 92.0.4515.159, chrome: {chromedriverVersion: 92.0.4515.43 (8c61b7e2989f2..., userDataDir: C:\Users\User\AppData\Local...}, goog:chromeOptions: {debuggerAddress: localhost:52250}, javascriptEnabled: true, networkConnectionEnabled: false, pageLoadStrategy: normal, platform: WINDOWS, platformName: WINDOWS, proxy: Proxy(), setWindowRect: true, strictFileInteractability: false, timeouts: {implicit: 0, pageLoad: 300000, script: 30000}, unhandledPromptBehavior: dismiss and notify, webauthn:extension:credBlob: true, webauthn:extension:largeBlob: true, webauthn:virtualAuthenticators: true}
Session ID: 592908c235df29eda711b2e3c4d0cb6b
*** Element info: {Using=css selector, value=.contact-item_card__2SOIM}
14:29:03 INFO  tests.TestBase - End off method - removeOneContact
