16:32:04 INFO  application.ApplicationManager - Start browser CHROME
16:32:05 INFO  tests.TestBase - ==================================
16:32:05 INFO  tests.TestBase - Start on method - loginNegativeTestWithWrongPassword
16:32:05 INFO  tests.TestBase - Start test with Data - []
16:32:05 INFO  application.MyListener - Start find element by --> By.xpath: //a[.='LOGIN']
16:32:05 INFO  application.MyListener - The element --> By.xpath: //a[.='LOGIN'] was found
16:32:05 INFO  application.MyListener - Start find element by --> By.xpath: //a[.='LOGIN']
16:32:05 INFO  application.MyListener - The element --> By.xpath: //a[.='LOGIN'] was found
16:32:05 INFO  application.MyListener - Start find element by --> By.xpath: //a[.='LOGIN']
16:32:05 INFO  application.MyListener - The element --> By.xpath: //a[.='LOGIN'] was found
16:32:05 INFO  application.MyListener - Start find element by --> By.xpath: //input[@placeholder='Email']
16:32:05 INFO  application.MyListener - The element --> By.xpath: //input[@placeholder='Email'] was found
16:32:06 INFO  application.MyListener - Start find element by --> By.xpath: //input[@placeholder='Password']
16:32:06 INFO  application.MyListener - The element --> By.xpath: //input[@placeholder='Password'] was found
16:32:06 INFO  application.MyListener - Start find element by --> By.xpath: //button[.=' Login']
16:32:06 INFO  application.MyListener - The element --> By.xpath: //button[.=' Login'] was found
16:32:11 INFO  tests.TestBase - End off method - loginNegativeTestWithWrongPassword
16:32:11 INFO  tests.TestBase - ==================================
16:32:11 INFO  tests.TestBase - Start on method - loginPositive
16:32:11 INFO  tests.TestBase - Start test with Data - []
16:32:11 INFO  application.MyListener - Start find element by --> By.xpath: //a[.='LOGIN']
16:32:11 INFO  application.MyListener - The element --> By.xpath: //a[.='LOGIN'] was found
16:32:11 INFO  application.MyListener - Start find element by --> By.xpath: //a[.='LOGIN']
16:32:11 INFO  application.MyListener - The element --> By.xpath: //a[.='LOGIN'] was found
16:32:11 INFO  application.MyListener - Start find element by --> By.xpath: //a[.='LOGIN']
16:32:11 INFO  application.MyListener - The element --> By.xpath: //a[.='LOGIN'] was found
16:32:11 INFO  application.MyListener - Start find element by --> By.xpath: //input[@placeholder='Email']
16:32:15 INFO  application.MyListener - Screen -> src/test/screenshots/screen-14.png
16:32:15 INFO  application.MyListener - no such element: Unable to locate element: {"method":"xpath","selector":"//input[@placeholder='Email']"}
  (Session info: chrome=92.0.4515.159)
For documentation on this error, please visit: https://www.seleniumhq.org/exceptions/no_such_element.html
Build info: version: '3.141.59', revision: 'e82be7d358', time: '2018-11-14T08:17:03'
System info: host: 'DESKTOP-V8HD5F2', ip: '192.168.1.27', os.name: 'Windows 10', os.arch: 'amd64', os.version: '10.0', java.version: '11.0.11'
Driver info: org.openqa.selenium.chrome.ChromeDriver
Capabilities {acceptInsecureCerts: false, browserName: chrome, browserVersion: 92.0.4515.159, chrome: {chromedriverVersion: 92.0.4515.43 (8c61b7e2989f2..., userDataDir: C:\Users\User\AppData\Local...}, goog:chromeOptions: {debuggerAddress: localhost:61743}, javascriptEnabled: true, networkConnectionEnabled: false, pageLoadStrategy: normal, platform: WINDOWS, platformName: WINDOWS, proxy: Proxy(), setWindowRect: true, strictFileInteractability: false, timeouts: {implicit: 0, pageLoad: 300000, script: 30000}, unhandledPromptBehavior: dismiss and notify, webauthn:extension:credBlob: true, webauthn:extension:largeBlob: true, webauthn:virtualAuthenticators: true}
Session ID: f9c62adf5c151e52e11a2434f8111a89
*** Element info: {Using=xpath, value=//input[@placeholder='Email']}
16:32:15 INFO  tests.TestBase - End off method - loginPositive
16:32:15 INFO  tests.TestBase - ==================================
16:32:15 INFO  tests.TestBase - Start on method - loginPositiveDto
16:32:15 INFO  tests.TestBase - Start test with Data - []
16:32:15 INFO  application.MyListener - Start find element by --> By.xpath: //a[.='LOGIN']
16:32:15 INFO  application.MyListener - The element --> By.xpath: //a[.='LOGIN'] was found
16:32:15 INFO  application.MyListener - Start find element by --> By.xpath: //a[.='LOGIN']
16:32:15 INFO  application.MyListener - The element --> By.xpath: //a[.='LOGIN'] was found
16:32:15 INFO  application.MyListener - Start find element by --> By.xpath: //a[.='LOGIN']
16:32:15 INFO  application.MyListener - The element --> By.xpath: //a[.='LOGIN'] was found
16:32:15 INFO  application.MyListener - Start find element by --> By.xpath: //input[@placeholder='Email']
16:32:18 INFO  application.MyListener - Screen -> src/test/screenshots/screen-18.png
16:32:18 INFO  application.MyListener - no such element: Unable to locate element: {"method":"xpath","selector":"//input[@placeholder='Email']"}
  (Session info: chrome=92.0.4515.159)
For documentation on this error, please visit: https://www.seleniumhq.org/exceptions/no_such_element.html
Build info: version: '3.141.59', revision: 'e82be7d358', time: '2018-11-14T08:17:03'
System info: host: 'DESKTOP-V8HD5F2', ip: '192.168.1.27', os.name: 'Windows 10', os.arch: 'amd64', os.version: '10.0', java.version: '11.0.11'
Driver info: org.openqa.selenium.chrome.ChromeDriver
Capabilities {acceptInsecureCerts: false, browserName: chrome, browserVersion: 92.0.4515.159, chrome: {chromedriverVersion: 92.0.4515.43 (8c61b7e2989f2..., userDataDir: C:\Users\User\AppData\Local...}, goog:chromeOptions: {debuggerAddress: localhost:61743}, javascriptEnabled: true, networkConnectionEnabled: false, pageLoadStrategy: normal, platform: WINDOWS, platformName: WINDOWS, proxy: Proxy(), setWindowRect: true, strictFileInteractability: false, timeouts: {implicit: 0, pageLoad: 300000, script: 30000}, unhandledPromptBehavior: dismiss and notify, webauthn:extension:credBlob: true, webauthn:extension:largeBlob: true, webauthn:virtualAuthenticators: true}
Session ID: f9c62adf5c151e52e11a2434f8111a89
*** Element info: {Using=xpath, value=//input[@placeholder='Email']}
16:32:18 INFO  tests.TestBase - End off method - loginPositiveDto
16:32:18 INFO  tests.TestBase - ==================================
16:32:18 INFO  tests.TestBase - Start on method - loginTestBase
16:32:18 INFO  tests.TestBase - Start test with Data - []
16:32:18 INFO  application.MyListener - Start find element by --> By.xpath: //a[.='LOGIN']
16:32:18 INFO  application.MyListener - The element --> By.xpath: //a[.='LOGIN'] was found
16:32:18 INFO  application.MyListener - Start find element by --> By.xpath: //a[.='LOGIN']
16:32:18 INFO  application.MyListener - The element --> By.xpath: //a[.='LOGIN'] was found
16:32:18 INFO  application.MyListener - Start find element by --> By.xpath: //a[.='LOGIN']
16:32:18 INFO  application.MyListener - The element --> By.xpath: //a[.='LOGIN'] was found
16:32:19 INFO  application.MyListener - Start find element by --> By.xpath: //input[@placeholder='Email']
16:32:22 INFO  application.MyListener - Screen -> src/test/screenshots/screen-22.png
16:32:22 INFO  application.MyListener - no such element: Unable to locate element: {"method":"xpath","selector":"//input[@placeholder='Email']"}
  (Session info: chrome=92.0.4515.159)
For documentation on this error, please visit: https://www.seleniumhq.org/exceptions/no_such_element.html
Build info: version: '3.141.59', revision: 'e82be7d358', time: '2018-11-14T08:17:03'
System info: host: 'DESKTOP-V8HD5F2', ip: '192.168.1.27', os.name: 'Windows 10', os.arch: 'amd64', os.version: '10.0', java.version: '11.0.11'
Driver info: org.openqa.selenium.chrome.ChromeDriver
Capabilities {acceptInsecureCerts: false, browserName: chrome, browserVersion: 92.0.4515.159, chrome: {chromedriverVersion: 92.0.4515.43 (8c61b7e2989f2..., userDataDir: C:\Users\User\AppData\Local...}, goog:chromeOptions: {debuggerAddress: localhost:61743}, javascriptEnabled: true, networkConnectionEnabled: false, pageLoadStrategy: normal, platform: WINDOWS, platformName: WINDOWS, proxy: Proxy(), setWindowRect: true, strictFileInteractability: false, timeouts: {implicit: 0, pageLoad: 300000, script: 30000}, unhandledPromptBehavior: dismiss and notify, webauthn:extension:credBlob: true, webauthn:extension:largeBlob: true, webauthn:virtualAuthenticators: true}
Session ID: f9c62adf5c151e52e11a2434f8111a89
*** Element info: {Using=xpath, value=//input[@placeholder='Email']}
16:32:22 INFO  tests.TestBase - End off method - loginTestBase
16:32:22 INFO  tests.TestBase - ==================================
16:32:22 INFO  tests.TestBase - Start on method - loginTestDP_CSV
16:32:22 INFO  tests.TestBase - Start test with Data - [User{email='skelon+4@bk.ru', password='Qwerty$4'}]
16:32:22 INFO  application.MyListener - Start find element by --> By.xpath: //a[.='LOGIN']
16:32:22 INFO  application.MyListener - The element --> By.xpath: //a[.='LOGIN'] was found
16:32:23 INFO  application.MyListener - Start find element by --> By.xpath: //a[.='LOGIN']
16:32:23 INFO  application.MyListener - The element --> By.xpath: //a[.='LOGIN'] was found
16:32:23 INFO  application.MyListener - Start find element by --> By.xpath: //a[.='LOGIN']
16:32:23 INFO  application.MyListener - The element --> By.xpath: //a[.='LOGIN'] was found
16:32:23 INFO  application.MyListener - Start find element by --> By.xpath: //input[@placeholder='Email']
16:32:27 INFO  application.MyListener - Screen -> src/test/screenshots/screen-26.png
16:32:27 INFO  application.MyListener - no such element: Unable to locate element: {"method":"xpath","selector":"//input[@placeholder='Email']"}
  (Session info: chrome=92.0.4515.159)
For documentation on this error, please visit: https://www.seleniumhq.org/exceptions/no_such_element.html
Build info: version: '3.141.59', revision: 'e82be7d358', time: '2018-11-14T08:17:03'
System info: host: 'DESKTOP-V8HD5F2', ip: '192.168.1.27', os.name: 'Windows 10', os.arch: 'amd64', os.version: '10.0', java.version: '11.0.11'
Driver info: org.openqa.selenium.chrome.ChromeDriver
Capabilities {acceptInsecureCerts: false, browserName: chrome, browserVersion: 92.0.4515.159, chrome: {chromedriverVersion: 92.0.4515.43 (8c61b7e2989f2..., userDataDir: C:\Users\User\AppData\Local...}, goog:chromeOptions: {debuggerAddress: localhost:61743}, javascriptEnabled: true, networkConnectionEnabled: false, pageLoadStrategy: normal, platform: WINDOWS, platformName: WINDOWS, proxy: Proxy(), setWindowRect: true, strictFileInteractability: false, timeouts: {implicit: 0, pageLoad: 300000, script: 30000}, unhandledPromptBehavior: dismiss and notify, webauthn:extension:credBlob: true, webauthn:extension:largeBlob: true, webauthn:virtualAuthenticators: true}
Session ID: f9c62adf5c151e52e11a2434f8111a89
*** Element info: {Using=xpath, value=//input[@placeholder='Email']}
16:32:27 INFO  tests.TestBase - End off method - loginTestDP_CSV
16:32:27 INFO  tests.TestBase - ==================================
16:32:27 INFO  tests.TestBase - Start on method - loginTestDP_CSV
16:32:27 INFO  tests.TestBase - Start test with Data - [User{email='skelon+11@bk.ru', password='Qwerty$4'}]
16:32:27 INFO  application.MyListener - Start find element by --> By.xpath: //a[.='LOGIN']
16:32:27 INFO  application.MyListener - The element --> By.xpath: //a[.='LOGIN'] was found
16:32:28 INFO  application.MyListener - Start find element by --> By.xpath: //a[.='LOGIN']
16:32:28 INFO  application.MyListener - The element --> By.xpath: //a[.='LOGIN'] was found
16:32:28 INFO  application.MyListener - Start find element by --> By.xpath: //a[.='LOGIN']
16:32:28 INFO  application.MyListener - The element --> By.xpath: //a[.='LOGIN'] was found
16:32:28 INFO  application.MyListener - Start find element by --> By.xpath: //input[@placeholder='Email']
16:32:31 INFO  application.MyListener - Screen -> src/test/screenshots/screen-31.png
16:32:31 INFO  application.MyListener - no such element: Unable to locate element: {"method":"xpath","selector":"//input[@placeholder='Email']"}
  (Session info: chrome=92.0.4515.159)
For documentation on this error, please visit: https://www.seleniumhq.org/exceptions/no_such_element.html
Build info: version: '3.141.59', revision: 'e82be7d358', time: '2018-11-14T08:17:03'
System info: host: 'DESKTOP-V8HD5F2', ip: '192.168.1.27', os.name: 'Windows 10', os.arch: 'amd64', os.version: '10.0', java.version: '11.0.11'
Driver info: org.openqa.selenium.chrome.ChromeDriver
Capabilities {acceptInsecureCerts: false, browserName: chrome, browserVersion: 92.0.4515.159, chrome: {chromedriverVersion: 92.0.4515.43 (8c61b7e2989f2..., userDataDir: C:\Users\User\AppData\Local...}, goog:chromeOptions: {debuggerAddress: localhost:61743}, javascriptEnabled: true, networkConnectionEnabled: false, pageLoadStrategy: normal, platform: WINDOWS, platformName: WINDOWS, proxy: Proxy(), setWindowRect: true, strictFileInteractability: false, timeouts: {implicit: 0, pageLoad: 300000, script: 30000}, unhandledPromptBehavior: dismiss and notify, webauthn:extension:credBlob: true, webauthn:extension:largeBlob: true, webauthn:virtualAuthenticators: true}
Session ID: f9c62adf5c151e52e11a2434f8111a89
*** Element info: {Using=xpath, value=//input[@placeholder='Email']}
16:32:31 INFO  tests.TestBase - End off method - loginTestDP_CSV
16:32:31 INFO  tests.TestBase - ==================================
16:32:31 INFO  tests.TestBase - Start on method - loginTestDP_CSV
16:32:31 INFO  tests.TestBase - Start test with Data - [User{email='skelon+10@bk.ru', password='Qwerty$4'}]
16:32:31 INFO  application.MyListener - Start find element by --> By.xpath: //a[.='LOGIN']
16:32:31 INFO  application.MyListener - The element --> By.xpath: //a[.='LOGIN'] was found
16:32:32 INFO  application.MyListener - Start find element by --> By.xpath: //a[.='LOGIN']
16:32:33 INFO  application.MyListener - Screen -> src/test/screenshots/screen-32.png
16:32:33 INFO  application.MyListener - unexpected alert open: {Alert text : Wrong email or password format
            Email must contains one @ and minimum 2 symbols after last dot
            Password must contain at least one uppercase letter!
            Password must contain at least one lowercase letter!
            Password must contain at least one digit!
            Password must contain at least one special symbol from [‘$’,’~’,’-‘,’_’]!}
  (Session info: chrome=92.0.4515.159): Wrong email or password format
            Email must contains one @ and minimum 2 symbols after last dot
            Password must contain at least one uppercase letter!
            Password must contain at least one lowercase letter!
            Password must contain at least one digit!
            Password must contain at least one special symbol from [‘$’,’~’,’-‘,’_’]!
Build info: version: '3.141.59', revision: 'e82be7d358', time: '2018-11-14T08:17:03'
System info: host: 'DESKTOP-V8HD5F2', ip: '192.168.1.27', os.name: 'Windows 10', os.arch: 'amd64', os.version: '10.0', java.version: '11.0.11'
Driver info: org.openqa.selenium.chrome.ChromeDriver
Capabilities {acceptInsecureCerts: false, browserName: chrome, browserVersion: 92.0.4515.159, chrome: {chromedriverVersion: 92.0.4515.43 (8c61b7e2989f2..., userDataDir: C:\Users\User\AppData\Local...}, goog:chromeOptions: {debuggerAddress: localhost:61743}, javascriptEnabled: true, networkConnectionEnabled: false, pageLoadStrategy: normal, platform: WINDOWS, platformName: WINDOWS, proxy: Proxy(), setWindowRect: true, strictFileInteractability: false, timeouts: {implicit: 0, pageLoad: 300000, script: 30000}, unhandledPromptBehavior: dismiss and notify, webauthn:extension:credBlob: true, webauthn:extension:largeBlob: true, webauthn:virtualAuthenticators: true}
Session ID: f9c62adf5c151e52e11a2434f8111a89
*** Element info: {Using=xpath, value=//a[.='LOGIN']}
16:32:33 INFO  tests.TestBase - End off method - loginTestDP_CSV
16:32:33 INFO  tests.TestBase - ==================================
16:32:33 INFO  tests.TestBase - Start on method - loginTestDataProvider
16:32:33 INFO  tests.TestBase - Start test with Data - [skelon+4@bk.ru, Qwerty$4]
16:32:33 INFO  application.MyListener - Start find element by --> By.xpath: //a[.='LOGIN']
16:32:33 INFO  application.MyListener - The element --> By.xpath: //a[.='LOGIN'] was found
16:32:33 INFO  application.MyListener - Start find element by --> By.xpath: //a[.='LOGIN']
16:32:33 INFO  application.MyListener - The element --> By.xpath: //a[.='LOGIN'] was found
16:32:33 INFO  application.MyListener - Start find element by --> By.xpath: //a[.='LOGIN']
16:32:33 INFO  application.MyListener - The element --> By.xpath: //a[.='LOGIN'] was found
16:32:33 INFO  application.MyListener - Start find element by --> By.xpath: //input[@placeholder='Email']
16:32:33 INFO  application.MyListener - The element --> By.xpath: //input[@placeholder='Email'] was found
16:32:33 INFO  application.MyListener - Start find element by --> By.xpath: //input[@placeholder='Password']
16:32:33 INFO  application.MyListener - The element --> By.xpath: //input[@placeholder='Password'] was found
16:32:33 INFO  application.MyListener - Start find element by --> By.xpath: //button[.=' Login']
16:32:33 INFO  application.MyListener - The element --> By.xpath: //button[.=' Login'] was found
16:32:33 INFO  application.MyListener - Start find element by --> By.xpath: //button[.='Sign Out']
16:32:34 INFO  application.MyListener - The element --> By.xpath: //button[.='Sign Out'] was found
16:32:34 INFO  tests.TestBase - End off method - loginTestDataProvider
16:32:34 INFO  tests.TestBase - ==================================
16:32:34 INFO  tests.TestBase - Start on method - loginTestDataProvider
16:32:34 INFO  tests.TestBase - Start test with Data - [skelon+11@bk.ru, Qwerty$4]
16:32:34 INFO  application.MyListener - Start find element by --> By.xpath: //a[.='LOGIN']
16:32:34 INFO  application.MyListener - The element --> By.xpath: //a[.='LOGIN'] was found
16:32:34 INFO  application.MyListener - Start find element by --> By.xpath: //a[.='LOGIN']
16:32:34 INFO  application.MyListener - The element --> By.xpath: //a[.='LOGIN'] was found
16:32:34 INFO  application.MyListener - Start find element by --> By.xpath: //a[.='LOGIN']
16:32:34 INFO  application.MyListener - The element --> By.xpath: //a[.='LOGIN'] was found
16:32:34 INFO  application.MyListener - Start find element by --> By.xpath: //input[@placeholder='Email']
16:32:34 INFO  application.MyListener - The element --> By.xpath: //input[@placeholder='Email'] was found
16:32:34 INFO  application.MyListener - Start find element by --> By.xpath: //input[@placeholder='Password']
16:32:34 INFO  application.MyListener - The element --> By.xpath: //input[@placeholder='Password'] was found
16:32:35 INFO  application.MyListener - Start find element by --> By.xpath: //button[.=' Login']
16:32:35 INFO  application.MyListener - The element --> By.xpath: //button[.=' Login'] was found
16:32:35 INFO  application.MyListener - Start find element by --> By.xpath: //button[.='Sign Out']
16:32:35 INFO  application.MyListener - The element --> By.xpath: //button[.='Sign Out'] was found
16:32:35 INFO  tests.TestBase - End off method - loginTestDataProvider
16:32:35 INFO  tests.TestBase - ==================================
16:32:35 INFO  tests.TestBase - Start on method - loginTestDataProvider
16:32:35 INFO  tests.TestBase - Start test with Data - [skelon+10@bk.ru, Qwerty$4]
16:32:35 INFO  application.MyListener - Start find element by --> By.xpath: //a[.='LOGIN']
16:32:35 INFO  application.MyListener - The element --> By.xpath: //a[.='LOGIN'] was found
16:32:35 INFO  application.MyListener - Start find element by --> By.xpath: //a[.='LOGIN']
16:32:35 INFO  application.MyListener - The element --> By.xpath: //a[.='LOGIN'] was found
16:32:35 INFO  application.MyListener - Start find element by --> By.xpath: //a[.='LOGIN']
16:32:35 INFO  application.MyListener - The element --> By.xpath: //a[.='LOGIN'] was found
16:32:35 INFO  application.MyListener - Start find element by --> By.xpath: //input[@placeholder='Email']
16:32:35 INFO  application.MyListener - The element --> By.xpath: //input[@placeholder='Email'] was found
16:32:35 INFO  application.MyListener - Start find element by --> By.xpath: //input[@placeholder='Password']
16:32:35 INFO  application.MyListener - The element --> By.xpath: //input[@placeholder='Password'] was found
16:32:36 INFO  application.MyListener - Start find element by --> By.xpath: //button[.=' Login']
16:32:36 INFO  application.MyListener - The element --> By.xpath: //button[.=' Login'] was found
16:32:36 INFO  application.MyListener - Start find element by --> By.xpath: //button[.='Sign Out']
16:32:36 INFO  application.MyListener - The element --> By.xpath: //button[.='Sign Out'] was found
16:32:36 INFO  tests.TestBase - End off method - loginTestDataProvider
16:32:36 INFO  tests.TestBase - ==================================
16:32:36 INFO  tests.TestBase - Start on method - loginTestDataProviderClass
16:32:36 INFO  tests.TestBase - Start test with Data - [skelon+4@bk.ru, Qwerty$4]
16:32:36 INFO  application.MyListener - Start find element by --> By.xpath: //a[.='LOGIN']
16:32:36 INFO  application.MyListener - The element --> By.xpath: //a[.='LOGIN'] was found
16:32:36 INFO  application.MyListener - Start find element by --> By.xpath: //a[.='LOGIN']
16:32:36 INFO  application.MyListener - The element --> By.xpath: //a[.='LOGIN'] was found
16:32:36 INFO  application.MyListener - Start find element by --> By.xpath: //a[.='LOGIN']
16:32:36 INFO  application.MyListener - The element --> By.xpath: //a[.='LOGIN'] was found
16:32:36 INFO  application.MyListener - Start find element by --> By.xpath: //input[@placeholder='Email']
16:32:36 INFO  application.MyListener - The element --> By.xpath: //input[@placeholder='Email'] was found
16:32:36 INFO  application.MyListener - Start find element by --> By.xpath: //input[@placeholder='Password']
16:32:36 INFO  application.MyListener - The element --> By.xpath: //input[@placeholder='Password'] was found
16:32:37 INFO  application.MyListener - Start find element by --> By.xpath: //button[.=' Login']
16:32:37 INFO  application.MyListener - The element --> By.xpath: //button[.=' Login'] was found
16:32:37 INFO  application.MyListener - Start find element by --> By.xpath: //button[.='Sign Out']
16:32:37 INFO  application.MyListener - The element --> By.xpath: //button[.='Sign Out'] was found
16:32:38 INFO  tests.TestBase - End off method - loginTestDataProviderClass
16:32:38 INFO  tests.TestBase - ==================================
16:32:38 INFO  tests.TestBase - Start on method - loginTestDataProviderClass
16:32:38 INFO  tests.TestBase - Start test with Data - [skelon+11@bk.ru, Qwerty$4]
16:32:38 INFO  application.MyListener - Start find element by --> By.xpath: //a[.='LOGIN']
16:32:38 INFO  application.MyListener - The element --> By.xpath: //a[.='LOGIN'] was found
16:32:38 INFO  application.MyListener - Start find element by --> By.xpath: //a[.='LOGIN']
16:32:38 INFO  application.MyListener - The element --> By.xpath: //a[.='LOGIN'] was found
16:32:38 INFO  application.MyListener - Start find element by --> By.xpath: //a[.='LOGIN']
16:32:38 INFO  application.MyListener - The element --> By.xpath: //a[.='LOGIN'] was found
16:32:38 INFO  application.MyListener - Start find element by --> By.xpath: //input[@placeholder='Email']
16:32:38 INFO  application.MyListener - The element --> By.xpath: //input[@placeholder='Email'] was found
16:32:39 INFO  application.MyListener - Start find element by --> By.xpath: //input[@placeholder='Password']
16:32:39 INFO  application.MyListener - The element --> By.xpath: //input[@placeholder='Password'] was found
16:32:39 INFO  application.MyListener - Start find element by --> By.xpath: //button[.=' Login']
16:32:39 INFO  application.MyListener - The element --> By.xpath: //button[.=' Login'] was found
16:32:39 INFO  application.MyListener - Start find element by --> By.xpath: //button[.='Sign Out']
16:32:39 INFO  application.MyListener - The element --> By.xpath: //button[.='Sign Out'] was found
16:32:40 INFO  tests.TestBase - End off method - loginTestDataProviderClass
16:32:40 INFO  tests.TestBase - ==================================
16:32:40 INFO  tests.TestBase - Start on method - loginTestDataProviderClass
16:32:40 INFO  tests.TestBase - Start test with Data - [skelon+10@bk.ru, Qwerty$4]
16:32:40 INFO  application.MyListener - Start find element by --> By.xpath: //a[.='LOGIN']
16:32:40 INFO  application.MyListener - The element --> By.xpath: //a[.='LOGIN'] was found
16:32:40 INFO  application.MyListener - Start find element by --> By.xpath: //a[.='LOGIN']
16:32:40 INFO  application.MyListener - The element --> By.xpath: //a[.='LOGIN'] was found
16:32:40 INFO  application.MyListener - Start find element by --> By.xpath: //a[.='LOGIN']
16:32:40 INFO  application.MyListener - The element --> By.xpath: //a[.='LOGIN'] was found
16:32:41 INFO  application.MyListener - Start find element by --> By.xpath: //input[@placeholder='Email']
16:32:41 INFO  application.MyListener - The element --> By.xpath: //input[@placeholder='Email'] was found
16:32:41 INFO  application.MyListener - Start find element by --> By.xpath: //input[@placeholder='Password']
16:32:41 INFO  application.MyListener - The element --> By.xpath: //input[@placeholder='Password'] was found
16:32:41 INFO  application.MyListener - Start find element by --> By.xpath: //button[.=' Login']
16:32:41 INFO  application.MyListener - The element --> By.xpath: //button[.=' Login'] was found
16:32:41 INFO  application.MyListener - Start find element by --> By.xpath: //button[.='Sign Out']
16:32:41 INFO  application.MyListener - The element --> By.xpath: //button[.='Sign Out'] was found
16:32:42 INFO  tests.TestBase - End off method - loginTestDataProviderClass
